#
# A fatal error has been detected by the Java Runtime Environment:
#
#  EXCEPTION_ACCESS_VIOLATION (0xc0000005) at pc=0x00007ff9cd399d3a, pid=6828, tid=9056
#
# JRE version: OpenJDK Runtime Environment (16.0.1+9) (build 16.0.1+9-24)
# Java VM: OpenJDK 64-Bit Server VM (16.0.1+9-24, mixed mode, sharing, tiered, compressed oops, compressed class ptrs, g1 gc, windows-amd64)
# Problematic frame:
# C  [skiko-windows-x64.dll+0x79d3a]
#
# No core dump will be written. Minidumps are not enabled by default on client versions of Windows
#
# If you would like to submit a bug report, please visit:
#   https://bugreport.java.com/bugreport/crash.jsp
# The crash happened outside the Java Virtual Machine in native code.
# See problematic frame for where to report the bug.
#

---------------  S U M M A R Y ------------

Command Line: -Dcompose.application.configure.swing.globals=true -Dcompose.application.resources.dir=D:\Work\Excel\NQueen\build\compose\tmp\main\resources -javaagent:D:\Android\Canary\.gradle\caches\modules-2\files-2.1\org.jetbrains.kotlinx\kotlinx-coroutines-core-jvm\1.5.0\d8cebccdcddd029022aa8646a5a953ff88b13ac8\kotlinx-coroutines-core-jvm-1.5.0.jar -Dfile.encoding=windows-1252 -Duser.country=US -Duser.language=en -Duser.variant -ea MainKt

Host: Intel(R) Core(TM) i5-8300H CPU @ 2.30GHz, 8 cores, 15G,  Windows 10 , 64 bit Build 17134 (10.0.17134.753)
Time: Wed Sep  8 22:04:19 2021 India Standard Time elapsed time: 0.805210 seconds (0d 0h 0m 0s)

---------------  T H R E A D  ---------------

Current thread (0x000001964cabb9b0):  JavaThread "AWT-EventQueue-0 @coroutine#9" [_thread_in_native, id=9056, stack(0x0000004ad7700000,0x0000004ad7800000)]

Stack: [0x0000004ad7700000,0x0000004ad7800000],  sp=0x0000004ad77fe5c0,  free space=1017k
Native frames: (J=compiled Java code, j=interpreted, Vv=VM code, C=native code)
C  [skiko-windows-x64.dll+0x79d3a]

Java frames: (J=compiled Java code, j=interpreted, Vv=VM code)
j  org.jetbrains.skiko.redrawer.Direct3DRedrawer.getBufferIndex(J)I+0
j  org.jetbrains.skiko.context.Direct3DContextHandler.initCanvas()V+257
j  org.jetbrains.skiko.SkiaLayer.prepareDrawContext$skiko()Z+92
j  org.jetbrains.skiko.redrawer.Direct3DRedrawer.draw(Lkotlin/coroutines/Continuation;)Ljava/lang/Object;+4
j  org.jetbrains.skiko.redrawer.Direct3DRedrawer.access$draw(Lorg/jetbrains/skiko/redrawer/Direct3DRedrawer;Lkotlin/coroutines/Continuation;)Ljava/lang/Object;+2
j  org.jetbrains.skiko.redrawer.Direct3DRedrawer$frameDispatcher$1.invokeSuspend(Ljava/lang/Object;)Ljava/lang/Object;+59
j  org.jetbrains.skiko.redrawer.Direct3DRedrawer$frameDispatcher$1.invoke(Lkotlin/coroutines/Continuation;)Ljava/lang/Object;+11
j  org.jetbrains.skiko.redrawer.Direct3DRedrawer$frameDispatcher$1.invoke(Ljava/lang/Object;)Ljava/lang/Object;+5
j  org.jetbrains.skiko.FrameDispatcher$job$1.invokeSuspend(Ljava/lang/Object;)Ljava/lang/Object;+100
j  kotlin.coroutines.jvm.internal.BaseContinuationImpl.resumeWith(Ljava/lang/Object;)V+46
j  kotlinx.coroutines.DispatchedTask.run()V+350
j  java.awt.event.InvocationEvent.dispatch()V+47 java.desktop@16.0.1
j  java.awt.EventQueue.dispatchEventImpl(Ljava/awt/AWTEvent;Ljava/lang/Object;)V+21 java.desktop@16.0.1
j  java.awt.EventQueue$4.run()Ljava/lang/Void;+32 java.desktop@16.0.1
j  java.awt.EventQueue$4.run()Ljava/lang/Object;+1 java.desktop@16.0.1
J 1038 c1 java.security.AccessController.executePrivileged(Ljava/security/PrivilegedAction;Ljava/security/AccessControlContext;Ljava/lang/Class;)Ljava/lang/Object; java.base@16.0.1 (65 bytes) @ 0x0000019630b9c9c4 [0x0000019630b9c860+0x0000000000000164]
j  java.security.AccessController.doPrivileged(Ljava/security/PrivilegedAction;Ljava/security/AccessControlContext;)Ljava/lang/Object;+13 java.base@16.0.1
j  java.security.ProtectionDomain$JavaSecurityAccessImpl.doIntersectionPrivilege(Ljava/security/PrivilegedAction;Ljava/security/AccessControlContext;Ljava/security/AccessControlContext;)Ljava/lang/Object;+18 java.base@16.0.1
j  java.awt.EventQueue.dispatchEvent(Ljava/awt/AWTEvent;)V+46 java.desktop@16.0.1
j  java.awt.EventDispatchThread.pumpOneEventForFilters(I)V+78 java.desktop@16.0.1
j  java.awt.EventDispatchThread.pumpEventsForFilter(ILjava/awt/Conditional;Ljava/awt/EventFilter;)V+35 java.desktop@16.0.1
j  java.awt.EventDispatchThread.pumpEventsForHierarchy(ILjava/awt/Conditional;Ljava/awt/Component;)V+11 java.desktop@16.0.1
j  java.awt.EventDispatchThread.pumpEvents(ILjava/awt/Conditional;)V+4 java.desktop@16.0.1
j  java.awt.EventDispatchThread.pumpEvents(Ljava/awt/Conditional;)V+3 java.desktop@16.0.1
j  java.awt.EventDispatchThread.run()V+9 java.desktop@16.0.1
v  ~StubRoutines::call_stub

siginfo: EXCEPTION_ACCESS_VIOLATION (0xc0000005), reading address 0x0000000000000000


Register to memory mapping:

RIP=0x00007ff9cd399d3a skiko-windows-x64.dll
RAX=0x0 is NULL
RBX=0x000001964ced8400 points into unknown readable memory: 0x0000000000350504 | 04 05 35 00 00 00 00 00
RCX=0x0 is NULL
RDX=0x0000004ad77fe6b0 is pointing into the stack for thread: 0x000001964cabb9b0
RSP=0x0000004ad77fe5c0 is pointing into the stack for thread: 0x000001964cabb9b0
RBP=0x0000004ad77fe680 is pointing into the stack for thread: 0x000001964cabb9b0
RSI=0x0000000000000148 is an unknown value
RDI=0x0 is NULL
R8 =0x000001964ced8400 points into unknown readable memory: 0x0000000000350504 | 04 05 35 00 00 00 00 00
R9 =0x0000000000000004 is an unknown value
R10=0x000001963045dcf3 is at code_begin+979 in an Interpreter codelet
method entry point (kind = native)  [0x000001963045d920, 0x000001963045e300]  2528 bytes
R11=0x0000000000000111 is an unknown value
R12=0x0 is NULL
R13={method} {0x000001964ef129e0} 'getBufferIndex' '(J)I' in 'org/jetbrains/skiko/redrawer/Direct3DRedrawer'
R14=0x0000004ad77fe6b0 is pointing into the stack for thread: 0x000001964cabb9b0
R15=0x000001964cabb9b0 is a thread


Registers:
RAX=0x0000000000000000, RBX=0x000001964ced8400, RCX=0x0000000000000000, RDX=0x0000004ad77fe6b0
RSP=0x0000004ad77fe5c0, RBP=0x0000004ad77fe680, RSI=0x0000000000000148, RDI=0x0000000000000000
R8 =0x000001964ced8400, R9 =0x0000000000000004, R10=0x000001963045dcf3, R11=0x0000000000000111
R12=0x0000000000000000, R13=0x000001964ef129d8, R14=0x0000004ad77fe6b0, R15=0x000001964cabb9b0
RIP=0x00007ff9cd399d3a, EFLAGS=0x0000000000010206

Top of Stack: (sp=0x0000004ad77fe5c0)
0x0000004ad77fe5c0:   000000000000005a 000001963045db79
0x0000004ad77fe5d0:   0000000000000100 000001964ef129d8
0x0000004ad77fe5e0:   000001964ef129d8 0000004ad77fe648
0x0000004ad77fe5f0:   000000000000005a 000001963045dd22
0x0000004ad77fe600:   000001964ef129d8 000001963045da32
0x0000004ad77fe610:   000001964ef129d8 0000000000000148
0x0000004ad77fe620:   000001964ec4dd58 0000000000000000
0x0000004ad77fe630:   000001963045d9d6 0000004ad77fe638
0x0000004ad77fe640:   000001964ef129d8 0000004ad77fe6b0
0x0000004ad77fe650:   000001964ef131b0 0000000000000000
0x0000004ad77fe660:   00000007119d61a8 000001964ef129d8
0x0000004ad77fe670:   0000000000000000 0000004ad77fe6a0
0x0000004ad77fe680:   0000004ad77fe710 0000019630459626
0x0000004ad77fe690:   0000000000000000 000001963045b2d6
0x0000004ad77fe6a0:   000001964ced8400 0000000000000000
0x0000004ad77fe6b0:   00000007119d62e8 00000007119c9c70 

Instructions: (pc=0x00007ff9cd399d3a)
0x00007ff9cd399c3a:   02 00 00 00 48 8b c1 48 81 fa 00 10 00 00 72 15
0x00007ff9cd399c4a:   48 8b 49 f8 48 83 c2 27 48 2b c1 48 83 c0 f8 48
0x00007ff9cd399c5a:   83 f8 1f 77 2f e8 6d 46 fa ff 48 8b c3 48 8b 8d
0x00007ff9cd399c6a:   a0 00 00 00 48 33 cc e8 f5 84 f9 ff 4c 8d 9c 24
0x00007ff9cd399c7a:   b0 01 00 00 49 8b 5b 28 49 8b 73 38 49 8b e3 41
0x00007ff9cd399c8a:   5e 5f 5d c3 e8 c4 2a f9 ff cc cc cc cc cc cc cc
0x00007ff9cd399c9a:   cc cc cc cc cc cc cc cc cc cc cc cc cc cc cc cc
0x00007ff9cd399caa:   cc cc cc cc cc cc cc cc cc cc cc cc cc cc cc cc
0x00007ff9cd399cba:   cc cc cc cc cc cc cc cc cc cc cc cc cc cc cc cc
0x00007ff9cd399cca:   cc cc cc cc cc cc cc cc cc cc cc cc cc cc cc cc
0x00007ff9cd399cda:   cc cc cc cc cc cc cc cc cc cc cc cc cc cc cc cc
0x00007ff9cd399cea:   cc cc cc cc cc cc cc cc cc cc cc cc cc cc cc cc
0x00007ff9cd399cfa:   cc cc cc cc cc cc cc cc cc cc cc cc cc cc cc cc
0x00007ff9cd399d0a:   cc cc cc cc cc cc cc cc cc cc cc cc cc cc cc cc
0x00007ff9cd399d1a:   cc cc cc cc cc cc 48 89 5c 24 08 57 48 83 ec 30
0x00007ff9cd399d2a:   41 8b 40 78 49 8b d8 49 8b 48 38 49 8b 7c c0 60
0x00007ff9cd399d3a:   48 8b 01 ff 90 20 01 00 00 48 8b 4b 58 89 43 78
0x00007ff9cd399d4a:   48 8b 01 ff 50 40 48 3b c7 73 27 48 8b 4b 58 48
0x00007ff9cd399d5a:   8b d7 4c 8b 43 70 48 8b 01 ff 50 48 85 c0 78 2c
0x00007ff9cd399d6a:   48 8b 4b 70 45 33 c0 ba ff ff ff ff ff 15 0c 94
0x00007ff9cd399d7a:   e6 00 8b 43 78 48 8d 4f 01 48 89 4c c3 60 8b 43
0x00007ff9cd399d8a:   78 48 8b 5c 24 40 48 83 c4 30 5f c3 8b d0 48 8d
0x00007ff9cd399d9a:   0d a9 dd b6 00 e8 96 b8 fa ff 41 b8 01 00 00 00
0x00007ff9cd399daa:   48 8d 15 c3 dd b6 00 48 8d 4c 24 20 e8 57 3c f9
0x00007ff9cd399dba:   ff 48 8d 15 76 c3 da 00 48 8d 4c 24 20 e8 49 e7
0x00007ff9cd399dca:   fa ff cc cc cc cc cc cc cc cc cc cc cc cc cc cc
0x00007ff9cd399dda:   cc cc cc cc cc cc cc cc cc cc cc cc cc cc cc cc
0x00007ff9cd399dea:   cc cc cc cc cc cc cc cc cc cc cc cc cc cc cc cc
0x00007ff9cd399dfa:   cc cc cc cc cc cc 40 53 48 83 ec 40 49 c7 40 60
0x00007ff9cd399e0a:   10 27 00 00 49 8d 40 58 49 c7 40 68 10 27 00 00
0x00007ff9cd399e1a:   4c 8d 0d 5f dd b6 00 49 8b 48 30 49 8b d8 45 33
0x00007ff9cd399e2a:   c0 48 89 44 24 20 ba 10 27 00 00 4c 8b 11 41 ff 


Stack slot to memory mapping:
stack at sp + 0 slots: 0x000000000000005a is an unknown value
stack at sp + 1 slots: 0x000001963045db79 is at code_begin+601 in an Interpreter codelet
method entry point (kind = native)  [0x000001963045d920, 0x000001963045e300]  2528 bytes
stack at sp + 2 slots: 0x0000000000000100 is an unknown value
stack at sp + 3 slots: {method} {0x000001964ef129e0} 'getBufferIndex' '(J)I' in 'org/jetbrains/skiko/redrawer/Direct3DRedrawer'
stack at sp + 4 slots: {method} {0x000001964ef129e0} 'getBufferIndex' '(J)I' in 'org/jetbrains/skiko/redrawer/Direct3DRedrawer'
stack at sp + 5 slots: 0x0000004ad77fe648 is pointing into the stack for thread: 0x000001964cabb9b0
stack at sp + 6 slots: 0x000000000000005a is an unknown value
stack at sp + 7 slots: 0x000001963045dd22 is at code_begin+1026 in an Interpreter codelet
method entry point (kind = native)  [0x000001963045d920, 0x000001963045e300]  2528 bytes


---------------  P R O C E S S  ---------------

Threads class SMR info:
_java_thread_list=0x000001964ca39040, length=18, elements={
0x000001962166ba20, 0x000001964b89a7e0, 0x000001964b89d5c0, 0x000001964b8a6a50,
0x000001964b8affa0, 0x000001964b8b2ac0, 0x000001964b8b57e0, 0x000001964b8c29f0,
0x000001964c420140, 0x000001964b8c5350, 0x000001964c519400, 0x000001964c7fe8b0,
0x000001964c6eb1f0, 0x000001964c9737b0, 0x000001964c976790, 0x000001964c97db50,
0x000001964c9b51b0, 0x000001964cabb9b0
}

Java Threads: ( => current thread )
  0x000001962166ba20 JavaThread "main" [_thread_blocked, id=10908, stack(0x0000004ad5f00000,0x0000004ad6000000)]
  0x000001964b89a7e0 JavaThread "Reference Handler" daemon [_thread_blocked, id=10412, stack(0x0000004ad6600000,0x0000004ad6700000)]
  0x000001964b89d5c0 JavaThread "Finalizer" daemon [_thread_blocked, id=3420, stack(0x0000004ad6700000,0x0000004ad6800000)]
  0x000001964b8a6a50 JavaThread "Signal Dispatcher" daemon [_thread_blocked, id=3176, stack(0x0000004ad6800000,0x0000004ad6900000)]
  0x000001964b8affa0 JavaThread "Attach Listener" daemon [_thread_blocked, id=11884, stack(0x0000004ad6900000,0x0000004ad6a00000)]
  0x000001964b8b2ac0 JavaThread "Service Thread" daemon [_thread_blocked, id=13108, stack(0x0000004ad6a00000,0x0000004ad6b00000)]
  0x000001964b8b57e0 JavaThread "Monitor Deflation Thread" daemon [_thread_blocked, id=1268, stack(0x0000004ad6b00000,0x0000004ad6c00000)]
  0x000001964b8c29f0 JavaThread "C2 CompilerThread0" daemon [_thread_blocked, id=9576, stack(0x0000004ad6c00000,0x0000004ad6d00000)]
  0x000001964c420140 JavaThread "C1 CompilerThread0" daemon [_thread_blocked, id=5888, stack(0x0000004ad6d00000,0x0000004ad6e00000)]
  0x000001964b8c5350 JavaThread "Sweeper thread" daemon [_thread_blocked, id=12652, stack(0x0000004ad6e00000,0x0000004ad6f00000)]
  0x000001964c519400 JavaThread "Common-Cleaner" daemon [_thread_blocked, id=5384, stack(0x0000004ad6f00000,0x0000004ad7000000)]
  0x000001964c7fe8b0 JavaThread "Coroutines Debugger Cleaner" daemon [_thread_blocked, id=4468, stack(0x0000004ad7100000,0x0000004ad7200000)]
  0x000001964c6eb1f0 JavaThread "Notification Thread" daemon [_thread_blocked, id=324, stack(0x0000004ad7200000,0x0000004ad7300000)]
  0x000001964c9737b0 JavaThread "Java2D Disposer" daemon [_thread_blocked, id=9004, stack(0x0000004ad7400000,0x0000004ad7500000)]
  0x000001964c976790 JavaThread "AWT-Shutdown" [_thread_blocked, id=13344, stack(0x0000004ad7500000,0x0000004ad7600000)]
  0x000001964c97db50 JavaThread "AWT-Windows" daemon [_thread_in_native, id=952, stack(0x0000004ad7600000,0x0000004ad7700000)]
  0x000001964c9b51b0 JavaThread "Cleaner-0" daemon [_thread_blocked, id=2932, stack(0x0000004ad7000000,0x0000004ad7100000)]
=>0x000001964cabb9b0 JavaThread "AWT-EventQueue-0 @coroutine#9" [_thread_in_native, id=9056, stack(0x0000004ad7700000,0x0000004ad7800000)]

Other Threads:
  0x000001964b897c90 VMThread "VM Thread" [stack: 0x0000004ad6500000,0x0000004ad6600000] [id=14052]
  0x000001964c6eb710 WatcherThread [stack: 0x0000004ad7300000,0x0000004ad7400000] [id=6540]
  0x00000196216ba740 GCTaskThread "GC Thread#0" [stack: 0x0000004ad6000000,0x0000004ad6100000] [id=14024]
  0x000001964cbfee40 GCTaskThread "GC Thread#1" [stack: 0x0000004ad7800000,0x0000004ad7900000] [id=5600]
  0x000001964cbff150 GCTaskThread "GC Thread#2" [stack: 0x0000004ad7900000,0x0000004ad7a00000] [id=5704]
  0x000001964cbff460 GCTaskThread "GC Thread#3" [stack: 0x0000004ad7a00000,0x0000004ad7b00000] [id=232]
  0x000001964cb7e4b0 GCTaskThread "GC Thread#4" [stack: 0x0000004ad7b00000,0x0000004ad7c00000] [id=11384]
  0x000001964cbf9410 GCTaskThread "GC Thread#5" [stack: 0x0000004ad7c00000,0x0000004ad7d00000] [id=1260]
  0x000001964ccffad0 GCTaskThread "GC Thread#6" [stack: 0x0000004ad7d00000,0x0000004ad7e00000] [id=10500]
  0x000001964cbe5b90 GCTaskThread "GC Thread#7" [stack: 0x0000004ad7e00000,0x0000004ad7f00000] [id=13648]
  0x00000196216cd540 ConcurrentGCThread "G1 Main Marker" [stack: 0x0000004ad6100000,0x0000004ad6200000] [id=2848]
  0x00000196216cdf40 ConcurrentGCThread "G1 Conc#0" [stack: 0x0000004ad6200000,0x0000004ad6300000] [id=12656]
  0x000001964b7524d0 ConcurrentGCThread "G1 Refine#0" [stack: 0x0000004ad6300000,0x0000004ad6400000] [id=6244]
  0x000001964b752ee0 ConcurrentGCThread "G1 Service" [stack: 0x0000004ad6400000,0x0000004ad6500000] [id=12700]

Threads with active compile tasks:

VM state: not at safepoint (normal execution)

VM Mutex/Monitor currently owned by a thread: None

Heap address: 0x0000000702600000, size: 4058 MB, Compressed Oops mode: Zero based, Oop shift amount: 3

CDS archive(s) mapped at: [0x0000000800000000-0x0000000800bb0000-0x0000000800bb0000), size 12255232, SharedBaseAddress: 0x0000000800000000, ArchiveRelocationMode: 0.
Compressed class space mapped at: 0x0000000800c00000-0x0000000840c00000, reserved size: 1073741824
Narrow klass base: 0x0000000800000000, Narrow klass shift: 3, Narrow klass range: 0x100000000

GC Precious Log:
 CPUs: 8 total, 8 available
 Memory: 16224M
 Large Page Support: Disabled
 NUMA Support: Disabled
 Compressed Oops: Enabled (Zero based)
 Heap Region Size: 2M
 Heap Min Capacity: 8M
 Heap Initial Capacity: 254M
 Heap Max Capacity: 4058M
 Pre-touch: Disabled
 Parallel Workers: 8
 Concurrent Workers: 2
 Concurrent Refinement Workers: 8
 Periodic GC: Disabled

Heap:
 garbage-first heap   total 260096K, used 24162K [0x0000000702600000, 0x0000000800000000)
  region size 2048K, 14 young (28672K), 2 survivors (4096K)
 Metaspace       used 13992K, committed 14144K, reserved 1064960K
  class space    used 1463K, committed 1536K, reserved 1048576K

Heap Regions: E=young(eden), S=young(survivor), O=old, HS=humongous(starts), HC=humongous(continues), CS=collection set, F=free, OA=open archive, CA=closed archive, TAMS=top-at-mark-start (previous, next)
|   0|0x0000000702600000, 0x0000000702600000, 0x0000000702800000|  0%| F|  |TAMS 0x0000000702600000, 0x0000000702600000| Untracked 
|   1|0x0000000702800000, 0x0000000702800000, 0x0000000702a00000|  0%| F|  |TAMS 0x0000000702800000, 0x0000000702800000| Untracked 
|   2|0x0000000702a00000, 0x0000000702a00000, 0x0000000702c00000|  0%| F|  |TAMS 0x0000000702a00000, 0x0000000702a00000| Untracked 
|   3|0x0000000702c00000, 0x0000000702c00000, 0x0000000702e00000|  0%| F|  |TAMS 0x0000000702c00000, 0x0000000702c00000| Untracked 
|   4|0x0000000702e00000, 0x0000000702e00000, 0x0000000703000000|  0%| F|  |TAMS 0x0000000702e00000, 0x0000000702e00000| Untracked 
|   5|0x0000000703000000, 0x0000000703000000, 0x0000000703200000|  0%| F|  |TAMS 0x0000000703000000, 0x0000000703000000| Untracked 
|   6|0x0000000703200000, 0x0000000703200000, 0x0000000703400000|  0%| F|  |TAMS 0x0000000703200000, 0x0000000703200000| Untracked 
|   7|0x0000000703400000, 0x0000000703400000, 0x0000000703600000|  0%| F|  |TAMS 0x0000000703400000, 0x0000000703400000| Untracked 
|   8|0x0000000703600000, 0x0000000703600000, 0x0000000703800000|  0%| F|  |TAMS 0x0000000703600000, 0x0000000703600000| Untracked 
|   9|0x0000000703800000, 0x0000000703800000, 0x0000000703a00000|  0%| F|  |TAMS 0x0000000703800000, 0x0000000703800000| Untracked 
|  10|0x0000000703a00000, 0x0000000703a00000, 0x0000000703c00000|  0%| F|  |TAMS 0x0000000703a00000, 0x0000000703a00000| Untracked 
|  11|0x0000000703c00000, 0x0000000703c00000, 0x0000000703e00000|  0%| F|  |TAMS 0x0000000703c00000, 0x0000000703c00000| Untracked 
|  12|0x0000000703e00000, 0x0000000703e00000, 0x0000000704000000|  0%| F|  |TAMS 0x0000000703e00000, 0x0000000703e00000| Untracked 
|  13|0x0000000704000000, 0x0000000704000000, 0x0000000704200000|  0%| F|  |TAMS 0x0000000704000000, 0x0000000704000000| Untracked 
|  14|0x0000000704200000, 0x0000000704200000, 0x0000000704400000|  0%| F|  |TAMS 0x0000000704200000, 0x0000000704200000| Untracked 
|  15|0x0000000704400000, 0x0000000704400000, 0x0000000704600000|  0%| F|  |TAMS 0x0000000704400000, 0x0000000704400000| Untracked 
|  16|0x0000000704600000, 0x0000000704600000, 0x0000000704800000|  0%| F|  |TAMS 0x0000000704600000, 0x0000000704600000| Untracked 
|  17|0x0000000704800000, 0x0000000704800000, 0x0000000704a00000|  0%| F|  |TAMS 0x0000000704800000, 0x0000000704800000| Untracked 
|  18|0x0000000704a00000, 0x0000000704a00000, 0x0000000704c00000|  0%| F|  |TAMS 0x0000000704a00000, 0x0000000704a00000| Untracked 
|  19|0x0000000704c00000, 0x0000000704c00000, 0x0000000704e00000|  0%| F|  |TAMS 0x0000000704c00000, 0x0000000704c00000| Untracked 
|  20|0x0000000704e00000, 0x0000000704e00000, 0x0000000705000000|  0%| F|  |TAMS 0x0000000704e00000, 0x0000000704e00000| Untracked 
|  21|0x0000000705000000, 0x0000000705000000, 0x0000000705200000|  0%| F|  |TAMS 0x0000000705000000, 0x0000000705000000| Untracked 
|  22|0x0000000705200000, 0x0000000705200000, 0x0000000705400000|  0%| F|  |TAMS 0x0000000705200000, 0x0000000705200000| Untracked 
|  23|0x0000000705400000, 0x0000000705400000, 0x0000000705600000|  0%| F|  |TAMS 0x0000000705400000, 0x0000000705400000| Untracked 
|  24|0x0000000705600000, 0x0000000705600000, 0x0000000705800000|  0%| F|  |TAMS 0x0000000705600000, 0x0000000705600000| Untracked 
|  25|0x0000000705800000, 0x0000000705800000, 0x0000000705a00000|  0%| F|  |TAMS 0x0000000705800000, 0x0000000705800000| Untracked 
|  26|0x0000000705a00000, 0x0000000705a00000, 0x0000000705c00000|  0%| F|  |TAMS 0x0000000705a00000, 0x0000000705a00000| Untracked 
|  27|0x0000000705c00000, 0x0000000705c00000, 0x0000000705e00000|  0%| F|  |TAMS 0x0000000705c00000, 0x0000000705c00000| Untracked 
|  28|0x0000000705e00000, 0x0000000705e00000, 0x0000000706000000|  0%| F|  |TAMS 0x0000000705e00000, 0x0000000705e00000| Untracked 
|  29|0x0000000706000000, 0x0000000706000000, 0x0000000706200000|  0%| F|  |TAMS 0x0000000706000000, 0x0000000706000000| Untracked 
|  30|0x0000000706200000, 0x0000000706200000, 0x0000000706400000|  0%| F|  |TAMS 0x0000000706200000, 0x0000000706200000| Untracked 
|  31|0x0000000706400000, 0x0000000706400000, 0x0000000706600000|  0%| F|  |TAMS 0x0000000706400000, 0x0000000706400000| Untracked 
|  32|0x0000000706600000, 0x0000000706600000, 0x0000000706800000|  0%| F|  |TAMS 0x0000000706600000, 0x0000000706600000| Untracked 
|  33|0x0000000706800000, 0x0000000706800000, 0x0000000706a00000|  0%| F|  |TAMS 0x0000000706800000, 0x0000000706800000| Untracked 
|  34|0x0000000706a00000, 0x0000000706a00000, 0x0000000706c00000|  0%| F|  |TAMS 0x0000000706a00000, 0x0000000706a00000| Untracked 
|  35|0x0000000706c00000, 0x0000000706c00000, 0x0000000706e00000|  0%| F|  |TAMS 0x0000000706c00000, 0x0000000706c00000| Untracked 
|  36|0x0000000706e00000, 0x0000000706e00000, 0x0000000707000000|  0%| F|  |TAMS 0x0000000706e00000, 0x0000000706e00000| Untracked 
|  37|0x0000000707000000, 0x0000000707000000, 0x0000000707200000|  0%| F|  |TAMS 0x0000000707000000, 0x0000000707000000| Untracked 
|  38|0x0000000707200000, 0x0000000707200000, 0x0000000707400000|  0%| F|  |TAMS 0x0000000707200000, 0x0000000707200000| Untracked 
|  39|0x0000000707400000, 0x0000000707400000, 0x0000000707600000|  0%| F|  |TAMS 0x0000000707400000, 0x0000000707400000| Untracked 
|  40|0x0000000707600000, 0x0000000707600000, 0x0000000707800000|  0%| F|  |TAMS 0x0000000707600000, 0x0000000707600000| Untracked 
|  41|0x0000000707800000, 0x0000000707800000, 0x0000000707a00000|  0%| F|  |TAMS 0x0000000707800000, 0x0000000707800000| Untracked 
|  42|0x0000000707a00000, 0x0000000707a00000, 0x0000000707c00000|  0%| F|  |TAMS 0x0000000707a00000, 0x0000000707a00000| Untracked 
|  43|0x0000000707c00000, 0x0000000707c00000, 0x0000000707e00000|  0%| F|  |TAMS 0x0000000707c00000, 0x0000000707c00000| Untracked 
|  44|0x0000000707e00000, 0x0000000707e00000, 0x0000000708000000|  0%| F|  |TAMS 0x0000000707e00000, 0x0000000707e00000| Untracked 
|  45|0x0000000708000000, 0x0000000708000000, 0x0000000708200000|  0%| F|  |TAMS 0x0000000708000000, 0x0000000708000000| Untracked 
|  46|0x0000000708200000, 0x0000000708200000, 0x0000000708400000|  0%| F|  |TAMS 0x0000000708200000, 0x0000000708200000| Untracked 
|  47|0x0000000708400000, 0x0000000708400000, 0x0000000708600000|  0%| F|  |TAMS 0x0000000708400000, 0x0000000708400000| Untracked 
|  48|0x0000000708600000, 0x0000000708600000, 0x0000000708800000|  0%| F|  |TAMS 0x0000000708600000, 0x0000000708600000| Untracked 
|  49|0x0000000708800000, 0x0000000708800000, 0x0000000708a00000|  0%| F|  |TAMS 0x0000000708800000, 0x0000000708800000| Untracked 
|  50|0x0000000708a00000, 0x0000000708a00000, 0x0000000708c00000|  0%| F|  |TAMS 0x0000000708a00000, 0x0000000708a00000| Untracked 
|  51|0x0000000708c00000, 0x0000000708c00000, 0x0000000708e00000|  0%| F|  |TAMS 0x0000000708c00000, 0x0000000708c00000| Untracked 
|  52|0x0000000708e00000, 0x0000000708e00000, 0x0000000709000000|  0%| F|  |TAMS 0x0000000708e00000, 0x0000000708e00000| Untracked 
|  53|0x0000000709000000, 0x0000000709000000, 0x0000000709200000|  0%| F|  |TAMS 0x0000000709000000, 0x0000000709000000| Untracked 
|  54|0x0000000709200000, 0x0000000709200000, 0x0000000709400000|  0%| F|  |TAMS 0x0000000709200000, 0x0000000709200000| Untracked 
|  55|0x0000000709400000, 0x0000000709400000, 0x0000000709600000|  0%| F|  |TAMS 0x0000000709400000, 0x0000000709400000| Untracked 
|  56|0x0000000709600000, 0x0000000709600000, 0x0000000709800000|  0%| F|  |TAMS 0x0000000709600000, 0x0000000709600000| Untracked 
|  57|0x0000000709800000, 0x0000000709800000, 0x0000000709a00000|  0%| F|  |TAMS 0x0000000709800000, 0x0000000709800000| Untracked 
|  58|0x0000000709a00000, 0x0000000709a00000, 0x0000000709c00000|  0%| F|  |TAMS 0x0000000709a00000, 0x0000000709a00000| Untracked 
|  59|0x0000000709c00000, 0x0000000709c00000, 0x0000000709e00000|  0%| F|  |TAMS 0x0000000709c00000, 0x0000000709c00000| Untracked 
|  60|0x0000000709e00000, 0x0000000709e00000, 0x000000070a000000|  0%| F|  |TAMS 0x0000000709e00000, 0x0000000709e00000| Untracked 
|  61|0x000000070a000000, 0x000000070a000000, 0x000000070a200000|  0%| F|  |TAMS 0x000000070a000000, 0x000000070a000000| Untracked 
|  62|0x000000070a200000, 0x000000070a200000, 0x000000070a400000|  0%| F|  |TAMS 0x000000070a200000, 0x000000070a200000| Untracked 
|  63|0x000000070a400000, 0x000000070a400000, 0x000000070a600000|  0%| F|  |TAMS 0x000000070a400000, 0x000000070a400000| Untracked 
|  64|0x000000070a600000, 0x000000070a600000, 0x000000070a800000|  0%| F|  |TAMS 0x000000070a600000, 0x000000070a600000| Untracked 
|  65|0x000000070a800000, 0x000000070a800000, 0x000000070aa00000|  0%| F|  |TAMS 0x000000070a800000, 0x000000070a800000| Untracked 
|  66|0x000000070aa00000, 0x000000070aa00000, 0x000000070ac00000|  0%| F|  |TAMS 0x000000070aa00000, 0x000000070aa00000| Untracked 
|  67|0x000000070ac00000, 0x000000070ac00000, 0x000000070ae00000|  0%| F|  |TAMS 0x000000070ac00000, 0x000000070ac00000| Untracked 
|  68|0x000000070ae00000, 0x000000070ae00000, 0x000000070b000000|  0%| F|  |TAMS 0x000000070ae00000, 0x000000070ae00000| Untracked 
|  69|0x000000070b000000, 0x000000070b000000, 0x000000070b200000|  0%| F|  |TAMS 0x000000070b000000, 0x000000070b000000| Untracked 
|  70|0x000000070b200000, 0x000000070b200000, 0x000000070b400000|  0%| F|  |TAMS 0x000000070b200000, 0x000000070b200000| Untracked 
|  71|0x000000070b400000, 0x000000070b400000, 0x000000070b600000|  0%| F|  |TAMS 0x000000070b400000, 0x000000070b400000| Untracked 
|  72|0x000000070b600000, 0x000000070b600000, 0x000000070b800000|  0%| F|  |TAMS 0x000000070b600000, 0x000000070b600000| Untracked 
|  73|0x000000070b800000, 0x000000070b800000, 0x000000070ba00000|  0%| F|  |TAMS 0x000000070b800000, 0x000000070b800000| Untracked 
|  74|0x000000070ba00000, 0x000000070ba00000, 0x000000070bc00000|  0%| F|  |TAMS 0x000000070ba00000, 0x000000070ba00000| Untracked 
|  75|0x000000070bc00000, 0x000000070bc00000, 0x000000070be00000|  0%| F|  |TAMS 0x000000070bc00000, 0x000000070bc00000| Untracked 
|  76|0x000000070be00000, 0x000000070be00000, 0x000000070c000000|  0%| F|  |TAMS 0x000000070be00000, 0x000000070be00000| Untracked 
|  77|0x000000070c000000, 0x000000070c000000, 0x000000070c200000|  0%| F|  |TAMS 0x000000070c000000, 0x000000070c000000| Untracked 
|  78|0x000000070c200000, 0x000000070c200000, 0x000000070c400000|  0%| F|  |TAMS 0x000000070c200000, 0x000000070c200000| Untracked 
|  79|0x000000070c400000, 0x000000070c400000, 0x000000070c600000|  0%| F|  |TAMS 0x000000070c400000, 0x000000070c400000| Untracked 
|  80|0x000000070c600000, 0x000000070c600000, 0x000000070c800000|  0%| F|  |TAMS 0x000000070c600000, 0x000000070c600000| Untracked 
|  81|0x000000070c800000, 0x000000070c800000, 0x000000070ca00000|  0%| F|  |TAMS 0x000000070c800000, 0x000000070c800000| Untracked 
|  82|0x000000070ca00000, 0x000000070ca00000, 0x000000070cc00000|  0%| F|  |TAMS 0x000000070ca00000, 0x000000070ca00000| Untracked 
|  83|0x000000070cc00000, 0x000000070cc00000, 0x000000070ce00000|  0%| F|  |TAMS 0x000000070cc00000, 0x000000070cc00000| Untracked 
|  84|0x000000070ce00000, 0x000000070ce00000, 0x000000070d000000|  0%| F|  |TAMS 0x000000070ce00000, 0x000000070ce00000| Untracked 
|  85|0x000000070d000000, 0x000000070d000000, 0x000000070d200000|  0%| F|  |TAMS 0x000000070d000000, 0x000000070d000000| Untracked 
|  86|0x000000070d200000, 0x000000070d200000, 0x000000070d400000|  0%| F|  |TAMS 0x000000070d200000, 0x000000070d200000| Untracked 
|  87|0x000000070d400000, 0x000000070d400000, 0x000000070d600000|  0%| F|  |TAMS 0x000000070d400000, 0x000000070d400000| Untracked 
|  88|0x000000070d600000, 0x000000070d600000, 0x000000070d800000|  0%| F|  |TAMS 0x000000070d600000, 0x000000070d600000| Untracked 
|  89|0x000000070d800000, 0x000000070d800000, 0x000000070da00000|  0%| F|  |TAMS 0x000000070d800000, 0x000000070d800000| Untracked 
|  90|0x000000070da00000, 0x000000070da00000, 0x000000070dc00000|  0%| F|  |TAMS 0x000000070da00000, 0x000000070da00000| Untracked 
|  91|0x000000070dc00000, 0x000000070dc00000, 0x000000070de00000|  0%| F|  |TAMS 0x000000070dc00000, 0x000000070dc00000| Untracked 
|  92|0x000000070de00000, 0x000000070de00000, 0x000000070e000000|  0%| F|  |TAMS 0x000000070de00000, 0x000000070de00000| Untracked 
|  93|0x000000070e000000, 0x000000070e000000, 0x000000070e200000|  0%| F|  |TAMS 0x000000070e000000, 0x000000070e000000| Untracked 
|  94|0x000000070e200000, 0x000000070e200000, 0x000000070e400000|  0%| F|  |TAMS 0x000000070e200000, 0x000000070e200000| Untracked 
|  95|0x000000070e400000, 0x000000070e400000, 0x000000070e600000|  0%| F|  |TAMS 0x000000070e400000, 0x000000070e400000| Untracked 
|  96|0x000000070e600000, 0x000000070e600000, 0x000000070e800000|  0%| F|  |TAMS 0x000000070e600000, 0x000000070e600000| Untracked 
|  97|0x000000070e800000, 0x000000070e800000, 0x000000070ea00000|  0%| F|  |TAMS 0x000000070e800000, 0x000000070e800000| Untracked 
|  98|0x000000070ea00000, 0x000000070ea00000, 0x000000070ec00000|  0%| F|  |TAMS 0x000000070ea00000, 0x000000070ea00000| Untracked 
|  99|0x000000070ec00000, 0x000000070ec00000, 0x000000070ee00000|  0%| F|  |TAMS 0x000000070ec00000, 0x000000070ec00000| Untracked 
| 100|0x000000070ee00000, 0x000000070ee00000, 0x000000070f000000|  0%| F|  |TAMS 0x000000070ee00000, 0x000000070ee00000| Untracked 
| 101|0x000000070f000000, 0x000000070f000000, 0x000000070f200000|  0%| F|  |TAMS 0x000000070f000000, 0x000000070f000000| Untracked 
| 102|0x000000070f200000, 0x000000070f200000, 0x000000070f400000|  0%| F|  |TAMS 0x000000070f200000, 0x000000070f200000| Untracked 
| 103|0x000000070f400000, 0x000000070f400000, 0x000000070f600000|  0%| F|  |TAMS 0x000000070f400000, 0x000000070f400000| Untracked 
| 104|0x000000070f600000, 0x000000070f600000, 0x000000070f800000|  0%| F|  |TAMS 0x000000070f600000, 0x000000070f600000| Untracked 
| 105|0x000000070f800000, 0x000000070f800000, 0x000000070fa00000|  0%| F|  |TAMS 0x000000070f800000, 0x000000070f800000| Untracked 
| 106|0x000000070fa00000, 0x000000070fa00000, 0x000000070fc00000|  0%| F|  |TAMS 0x000000070fa00000, 0x000000070fa00000| Untracked 
| 107|0x000000070fc00000, 0x000000070fc00000, 0x000000070fe00000|  0%| F|  |TAMS 0x000000070fc00000, 0x000000070fc00000| Untracked 
| 108|0x000000070fe00000, 0x000000070fe00000, 0x0000000710000000|  0%| F|  |TAMS 0x000000070fe00000, 0x000000070fe00000| Untracked 
| 109|0x0000000710000000, 0x0000000710000000, 0x0000000710200000|  0%| F|  |TAMS 0x0000000710000000, 0x0000000710000000| Untracked 
| 110|0x0000000710200000, 0x0000000710200000, 0x0000000710400000|  0%| F|  |TAMS 0x0000000710200000, 0x0000000710200000| Untracked 
| 111|0x0000000710400000, 0x0000000710400000, 0x0000000710600000|  0%| F|  |TAMS 0x0000000710400000, 0x0000000710400000| Untracked 
| 112|0x0000000710600000, 0x0000000710600000, 0x0000000710800000|  0%| F|  |TAMS 0x0000000710600000, 0x0000000710600000| Untracked 
| 113|0x0000000710800000, 0x0000000710867e08, 0x0000000710a00000| 20%| E|  |TAMS 0x0000000710800000, 0x0000000710800000| Complete 
| 114|0x0000000710a00000, 0x0000000710b989d8, 0x0000000710c00000| 79%| S|CS|TAMS 0x0000000710a00000, 0x0000000710a00000| Complete 
| 115|0x0000000710c00000, 0x0000000710e00000, 0x0000000710e00000|100%| S|CS|TAMS 0x0000000710c00000, 0x0000000710c00000| Complete 
| 116|0x0000000710e00000, 0x0000000711000000, 0x0000000711000000|100%| E|CS|TAMS 0x0000000710e00000, 0x0000000710e00000| Complete 
| 117|0x0000000711000000, 0x0000000711200000, 0x0000000711200000|100%| E|CS|TAMS 0x0000000711000000, 0x0000000711000000| Complete 
| 118|0x0000000711200000, 0x0000000711400000, 0x0000000711400000|100%| E|CS|TAMS 0x0000000711200000, 0x0000000711200000| Complete 
| 119|0x0000000711400000, 0x0000000711600000, 0x0000000711600000|100%| E|CS|TAMS 0x0000000711400000, 0x0000000711400000| Complete 
| 120|0x0000000711600000, 0x0000000711800000, 0x0000000711800000|100%| E|CS|TAMS 0x0000000711600000, 0x0000000711600000| Complete 
| 121|0x0000000711800000, 0x0000000711a00000, 0x0000000711a00000|100%| E|CS|TAMS 0x0000000711800000, 0x0000000711800000| Complete 
| 122|0x0000000711a00000, 0x0000000711c00000, 0x0000000711c00000|100%| E|CS|TAMS 0x0000000711a00000, 0x0000000711a00000| Complete 
| 123|0x0000000711c00000, 0x0000000711e00000, 0x0000000711e00000|100%| E|CS|TAMS 0x0000000711c00000, 0x0000000711c00000| Complete 
| 124|0x0000000711e00000, 0x0000000712000000, 0x0000000712000000|100%| E|CS|TAMS 0x0000000711e00000, 0x0000000711e00000| Complete 
| 125|0x0000000712000000, 0x0000000712200000, 0x0000000712200000|100%| E|CS|TAMS 0x0000000712000000, 0x0000000712000000| Complete 
| 126|0x0000000712200000, 0x0000000712400000, 0x0000000712400000|100%| E|  |TAMS 0x0000000712200000, 0x0000000712200000| Complete 

Card table byte_map: [0x000001963ff90000,0x0000019640780000] _byte_map_base: 0x000001963c77d000

Marking Bits (Prev, Next): (CMBitMap*) 0x00000196216bcd60, (CMBitMap*) 0x00000196216bcda0
 Prev Bits: [0x0000019640f70000, 0x0000019644ed8000)
 Next Bits: [0x0000019644ee0000, 0x0000019648e48000)

Polling page: 0x0000019620e30000

Metaspace:

Usage:
  Non-class:     12.24 MB used.
      Class:      1.43 MB used.
       Both:     13.67 MB used.

Virtual space:
  Non-class space:       16.00 MB reserved,      12.31 MB ( 77%) committed,  2 nodes.
      Class space:        1.00 GB reserved,       1.50 MB ( <1%) committed,  1 nodes.
              Both:        1.02 GB reserved,      13.81 MB (  1%) committed. 

Chunk freelists:
   Non-Class:  2.88 MB
       Class:  2.31 MB
        Both:  5.19 MB

MaxMetaspaceSize: 17179869184.00 GB
CompressedClassSpaceSize: 1.00 GB
 - commit_granule_bytes: 65536.
 - commit_granule_words: 8192.
 - virtual_space_node_default_size: 1048576.
 - enlarge_chunks_in_place: 1.
 - new_chunks_are_fully_committed: 0.
 - uncommit_free_chunks: 1.
 - use_allocation_guard: 0.
 - handle_deallocations: 1.


Internal statistics:

num_allocs_failed_limit: 0.
num_arena_births: 110.
num_arena_deaths: 0.
num_vsnodes_births: 3.
num_vsnodes_deaths: 0.
num_space_committed: 221.
num_space_uncommitted: 0.
num_chunks_returned_to_freelist: 0.
num_chunks_taken_from_freelist: 383.
num_chunk_merges: 0.
num_chunk_splits: 308.
num_chunks_enlarged: 263.
num_purges: 0.

CodeHeap 'non-profiled nmethods': size=120000Kb used=393Kb max_used=393Kb free=119606Kb
 bounds [0x0000019637f20000, 0x0000019638190000, 0x000001963f450000]
CodeHeap 'profiled nmethods': size=120000Kb used=1885Kb max_used=1885Kb free=118115Kb
 bounds [0x00000196309f0000, 0x0000019630c60000, 0x0000019637f20000]
CodeHeap 'non-nmethods': size=5760Kb used=1438Kb max_used=1449Kb free=4321Kb
 bounds [0x0000019630450000, 0x00000196306c0000, 0x00000196309f0000]
 total_blobs=1959 nmethods=1161 adapters=711
 compilation: enabled
              stopped_count=0, restarted_count=0
 full_count=0

Compilation events (20 events):
Event: 0.754 Thread 0x000001964c420140 nmethod 1152 0x0000019630bc1510 code [0x0000019630bc1700, 0x0000019630bc1c18]
Event: 0.754 Thread 0x000001964b8c29f0 nmethod 1145 0x0000019637f81410 code [0x0000019637f815a0, 0x0000019637f81768]
Event: 0.755 Thread 0x000001964c420140 1154       3       java.nio.ByteBuffer::arrayOffset (35 bytes)
Event: 0.755 Thread 0x000001964c420140 nmethod 1154 0x0000019630bc1d90 code [0x0000019630bc1f60, 0x0000019630bc2238]
Event: 0.755 Thread 0x000001964b8c29f0 1155       4       sun.nio.cs.SingleByte$Encoder::encode (32 bytes)
Event: 0.755 Thread 0x000001964c420140 1156       3       java.nio.CharBuffer::arrayOffset (35 bytes)
Event: 0.755 Thread 0x000001964c420140 nmethod 1156 0x0000019630bc2390 code [0x0000019630bc2560, 0x0000019630bc2838]
Event: 0.755 Thread 0x000001964c420140 1157       3       java.lang.String::valueOf (15 bytes)
Event: 0.756 Thread 0x000001964c420140 nmethod 1157 0x0000019630bc2990 code [0x0000019630bc2b40, 0x0000019630bc2d48]
Event: 0.756 Thread 0x000001964c420140 1158       3       java.io.BufferedWriter::ensureOpen (18 bytes)
Event: 0.756 Thread 0x000001964c420140 nmethod 1158 0x0000019630bc2e10 code [0x0000019630bc2fc0, 0x0000019630bc31e8]
Event: 0.756 Thread 0x000001964b8c29f0 nmethod 1155 0x0000019637f81990 code [0x0000019637f81b20, 0x0000019637f81c78]
Event: 0.756 Thread 0x000001964c420140 1159       3       java.nio.charset.CoderResult::isUnderflow (13 bytes)
Event: 0.756 Thread 0x000001964c420140 nmethod 1159 0x0000019630bc3290 code [0x0000019630bc3420, 0x0000019630bc3598]
Event: 0.756 Thread 0x000001964c420140 1160       3       sun.nio.cs.SingleByte$Encoder::encodeArrayLoop (233 bytes)
Event: 0.757 Thread 0x000001964b8c29f0 1161       4       java.lang.StringBuilder::toString (35 bytes)
Event: 0.758 Thread 0x000001964c420140 nmethod 1160 0x0000019630bc3610 code [0x0000019630bc3b20, 0x0000019630bc62d8]
Event: 0.758 Thread 0x000001964c420140 1162       3       java.nio.CharBuffer::position (8 bytes)
Event: 0.758 Thread 0x000001964c420140 nmethod 1162 0x0000019630bc7090 code [0x0000019630bc7240, 0x0000019630bc7388]
Event: 0.760 Thread 0x000001964b8c29f0 nmethod 1161 0x0000019637f81d90 code [0x0000019637f81f20, 0x0000019637f82338]

GC Heap History (2 events):
Event: 0.491 GC heap before
{Heap before GC invocations=0 (full 0):
 garbage-first heap   total 260096K, used 20480K [0x0000000702600000, 0x0000000800000000)
  region size 2048K, 11 young (22528K), 0 survivors (0K)
 Metaspace       used 7322K, committed 7424K, reserved 1056768K
  class space    used 728K, committed 768K, reserved 1048576K
}
Event: 0.495 GC heap after
{Heap after GC invocations=1 (full 0):
 garbage-first heap   total 260096K, used 3682K [0x0000000702600000, 0x0000000800000000)
  region size 2048K, 2 young (4096K), 2 survivors (4096K)
 Metaspace       used 7322K, committed 7424K, reserved 1056768K
  class space    used 728K, committed 768K, reserved 1048576K
}

Deoptimization events (20 events):
Event: 0.585 Thread 0x000001964cabb9b0 DEOPT PACKING pc=0x0000019637f5ac20 sp=0x0000004ad77fdd50
Event: 0.585 Thread 0x000001964cabb9b0 DEOPT UNPACKING pc=0x000001963049d72e sp=0x0000004ad77fdc58 mode 2
Event: 0.695 Thread 0x000001964cabb9b0 DEOPT PACKING pc=0x0000019630b46a52 sp=0x0000004ad77fc0e0
Event: 0.695 Thread 0x000001964cabb9b0 DEOPT UNPACKING pc=0x000001963049dece sp=0x0000004ad77fb530 mode 0
Event: 0.717 Thread 0x000001964cabb9b0 Uncommon trap: trap_request=0xffffffde fr.pc=0x0000019637f7dacc relative=0x000000000000012c
Event: 0.717 Thread 0x000001964cabb9b0 Uncommon trap: reason=class_check action=maybe_recompile pc=0x0000019637f7dacc method=jdk.internal.misc.Unsafe.allocateUninitializedArray(Ljava/lang/Class;I)Ljava/lang/Object; @ 51 c2
Event: 0.717 Thread 0x000001964cabb9b0 DEOPT PACKING pc=0x0000019637f7dacc sp=0x0000004ad77f9d10
Event: 0.717 Thread 0x000001964cabb9b0 DEOPT UNPACKING pc=0x000001963049d72e sp=0x0000004ad77f9c98 mode 2
Event: 0.717 Thread 0x000001964cabb9b0 Uncommon trap: trap_request=0xffffffde fr.pc=0x0000019637f7dacc relative=0x000000000000012c
Event: 0.717 Thread 0x000001964cabb9b0 Uncommon trap: reason=class_check action=maybe_recompile pc=0x0000019637f7dacc method=jdk.internal.misc.Unsafe.allocateUninitializedArray(Ljava/lang/Class;I)Ljava/lang/Object; @ 51 c2
Event: 0.717 Thread 0x000001964cabb9b0 DEOPT PACKING pc=0x0000019637f7dacc sp=0x0000004ad77f9db0
Event: 0.717 Thread 0x000001964cabb9b0 DEOPT UNPACKING pc=0x000001963049d72e sp=0x0000004ad77f9d38 mode 2
Event: 0.717 Thread 0x000001964cabb9b0 Uncommon trap: trap_request=0xffffffde fr.pc=0x0000019637f7dacc relative=0x000000000000012c
Event: 0.717 Thread 0x000001964cabb9b0 Uncommon trap: reason=class_check action=maybe_recompile pc=0x0000019637f7dacc method=jdk.internal.misc.Unsafe.allocateUninitializedArray(Ljava/lang/Class;I)Ljava/lang/Object; @ 51 c2
Event: 0.717 Thread 0x000001964cabb9b0 DEOPT PACKING pc=0x0000019637f7dacc sp=0x0000004ad77f9910
Event: 0.717 Thread 0x000001964cabb9b0 DEOPT UNPACKING pc=0x000001963049d72e sp=0x0000004ad77f9898 mode 2
Event: 0.717 Thread 0x000001964cabb9b0 Uncommon trap: trap_request=0xffffffde fr.pc=0x0000019637f7dacc relative=0x000000000000012c
Event: 0.717 Thread 0x000001964cabb9b0 Uncommon trap: reason=class_check action=maybe_recompile pc=0x0000019637f7dacc method=jdk.internal.misc.Unsafe.allocateUninitializedArray(Ljava/lang/Class;I)Ljava/lang/Object; @ 51 c2
Event: 0.717 Thread 0x000001964cabb9b0 DEOPT PACKING pc=0x0000019637f7dacc sp=0x0000004ad77f99b0
Event: 0.717 Thread 0x000001964cabb9b0 DEOPT UNPACKING pc=0x000001963049d72e sp=0x0000004ad77f9938 mode 2

Classes unloaded (0 events):
No events

Classes redefined (0 events):
No events

Internal exceptions (14 events):
Event: 0.202 Thread 0x000001962166ba20 Exception <a 'java/lang/ClassNotFoundException'{0x0000000711d9d7d8}: sun/awt/resources/spi/awtProvider> (0x0000000711d9d7d8) 
thrown [t:\workspace\open\src\hotspot\share\classfile\systemDictionary.cpp, line 256]
Event: 0.216 Thread 0x000001962166ba20 Exception <a 'java/io/FileNotFoundException'{0x0000000711dfa618}> (0x0000000711dfa618) 
thrown [t:\workspace\open\src\hotspot\share\prims\jni.cpp, line 579]
Event: 0.220 Thread 0x000001962166ba20 Exception <a 'java/io/FileNotFoundException'{0x0000000711a2b658}> (0x0000000711a2b658) 
thrown [t:\workspace\open\src\hotspot\share\prims\jni.cpp, line 579]
Event: 0.221 Thread 0x000001962166ba20 Exception <a 'java/lang/NoSuchMethodError'{0x0000000711a2e700}: 'java.lang.Object java.lang.invoke.DirectMethodHandle$Holder.invokeStatic(java.lang.Object)'> (0x0000000711a2e700) 
thrown [t:\workspace\open\src\hotspot\share\interpreter\linkResolver.cpp, line 790]
Event: 0.225 Thread 0x000001962166ba20 Exception <a 'java/lang/NoSuchMethodError'{0x0000000711a5e8b0}: 'void java.lang.invoke.DirectMethodHandle$Holder.invokeSpecial(java.lang.Object, java.lang.Object, java.lang.Object)'> (0x0000000711a5e8b0) 
thrown [t:\workspace\open\src\hotspot\share\interpreter\linkResolver.cpp, line 790]
Event: 0.245 Thread 0x000001962166ba20 Exception <a 'java/lang/NoSuchMethodError'{0x0000000711b51f98}: 'java.lang.Object java.lang.invoke.DirectMethodHandle$Holder.invokeStaticInit(java.lang.Object)'> (0x0000000711b51f98) 
thrown [t:\workspace\open\src\hotspot\share\interpreter\linkResolver.cpp, line 790]
Event: 0.322 Thread 0x000001962166ba20 Exception <a 'java/lang/NoSuchMethodError'{0x0000000711884180}: 'void java.lang.invoke.DirectMethodHandle$Holder.invokeStaticInit(java.lang.Object)'> (0x0000000711884180) 
thrown [t:\workspace\open\src\hotspot\share\interpreter\linkResolver.cpp, line 790]
Event: 0.326 Thread 0x000001962166ba20 Exception <a 'java/lang/NoSuchMethodError'{0x00000007118ac688}: 'java.lang.Object java.lang.invoke.DirectMethodHandle$Holder.newInvokeSpecial(java.lang.Object, java.lang.Object, java.lang.Object, java.lang.Object, java.lang.Object)'> (0x00000007118ac688) 
thrown [t:\workspace\open\src\hotspot\share\interpreter\linkResolver.cpp, line 790]
Event: 0.327 Thread 0x000001962166ba20 Exception <a 'java/lang/NoSuchMethodError'{0x00000007118b8170}: 'java.lang.Object java.lang.invoke.DirectMethodHandle$Holder.invokeStatic(java.lang.Object, int, java.lang.Object, java.lang.Object, java.lang.Object, java.lang.Object)'> (0x00000007118b8170) 
thrown [t:\workspace\open\src\hotspot\share\interpreter\linkResolver.cpp, line 790]
Event: 0.331 Thread 0x000001962166ba20 Exception <a 'java/lang/NoSuchMethodError'{0x00000007118de5f0}: 'java.lang.Object java.lang.invoke.DirectMethodHandle$Holder.invokeStatic(java.lang.Object, int, java.lang.Object)'> (0x00000007118de5f0) 
thrown [t:\workspace\open\src\hotspot\share\interpreter\linkResolver.cpp, line 790]
Event: 0.347 Thread 0x000001962166ba20 Exception <a 'java/lang/ClassNotFoundException'{0x0000000711978710}: com/sun/java/swing/plaf/windows/resources/spi/windowsProvider> (0x0000000711978710) 
thrown [t:\workspace\open\src\hotspot\share\classfile\systemDictionary.cpp, line 256]
Event: 0.348 Thread 0x000001962166ba20 Exception <a 'java/lang/ClassNotFoundException'{0x000000071197f3a0}: com/sun/swing/internal/plaf/basic/resources/spi/basicProvider> (0x000000071197f3a0) 
thrown [t:\workspace\open\src\hotspot\share\classfile\systemDictionary.cpp, line 256]
Event: 0.585 Thread 0x000001964cabb9b0 Implicit null exception at 0x0000019637f5a794 to 0x0000019637f5ac00
Event: 0.593 Thread 0x000001964cabb9b0 Exception <a 'java/lang/NoSuchMethodError'{0x0000000711a46530}: 'void java.lang.invoke.DirectMethodHandle$Holder.invokeStatic(java.lang.Object, java.lang.Object, java.lang.Object)'> (0x0000000711a46530) 
thrown [t:\workspace\open\src\hotspot\share\interpreter\linkResolver.cpp, line 790]

Events (20 events):
Event: 0.701 loading class java/awt/datatransfer/UnsupportedFlavorException
Event: 0.701 loading class java/awt/datatransfer/UnsupportedFlavorException done
Event: 0.701 loading class sun/awt/windows/WClipboard
Event: 0.701 loading class sun/awt/datatransfer/SunClipboard
Event: 0.701 loading class java/awt/datatransfer/Clipboard
Event: 0.701 loading class java/awt/datatransfer/Clipboard done
Event: 0.701 loading class sun/awt/datatransfer/SunClipboard done
Event: 0.701 loading class sun/awt/windows/WClipboard done
Event: 0.746 loading class java/lang/IndexOutOfBoundsException
Event: 0.746 loading class java/lang/IndexOutOfBoundsException done
Event: 0.747 loading class java/util/Formatter$FixedString
Event: 0.747 loading class java/util/Formatter$FixedString done
Event: 0.753 loading class java/lang/Throwable$WrappedPrintStream
Event: 0.753 loading class java/lang/Throwable$PrintStreamOrWriter
Event: 0.753 loading class java/lang/Throwable$PrintStreamOrWriter done
Event: 0.753 loading class java/lang/Throwable$WrappedPrintStream done
Event: 0.757 loading class java/util/LinkedList$ListItr
Event: 0.757 loading class java/util/LinkedList$ListItr done
Event: 0.757 loading class javax/swing/RepaintManager$2$1
Event: 0.757 loading class javax/swing/RepaintManager$2$1 done


Dynamic libraries:
0x00007ff6e83a0000 - 0x00007ff6e83ae000 	d:\Users\JetBeans\jdk\bin\java.exe
0x00007ffa30420000 - 0x00007ffa30601000 	C:\Windows\SYSTEM32\ntdll.dll
0x00007ffa2fb50000 - 0x00007ffa2fc01000 	C:\Windows\System32\KERNEL32.DLL
0x00007ffa2d0a0000 - 0x00007ffa2d313000 	C:\Windows\System32\KERNELBASE.dll
0x00007ffa2c7e0000 - 0x00007ffa2c8d8000 	C:\Windows\System32\ucrtbase.dll
0x00007ffa29570000 - 0x00007ffa29588000 	d:\Users\JetBeans\jdk\bin\jli.dll
0x00007ffa295c0000 - 0x00007ffa295d9000 	d:\Users\JetBeans\jdk\bin\VCRUNTIME140.dll
0x00007ffa2f9c0000 - 0x00007ffa2fb50000 	C:\Windows\System32\USER32.dll
0x00007ffa20ec0000 - 0x00007ffa21129000 	C:\Windows\WinSxS\amd64_microsoft.windows.common-controls_6595b64144ccf1df_6.0.17134.1006_none_d3fbb8f77c940c3f\COMCTL32.dll
0x00007ffa2d880000 - 0x00007ffa2d8a0000 	C:\Windows\System32\win32u.dll
0x00007ffa2d980000 - 0x00007ffa2da1e000 	C:\Windows\System32\msvcrt.dll
0x00007ffa2d950000 - 0x00007ffa2d978000 	C:\Windows\System32\GDI32.dll
0x00007ffa2dc90000 - 0x00007ffa2dfb1000 	C:\Windows\System32\combase.dll
0x00007ffa2d560000 - 0x00007ffa2d6f1000 	C:\Windows\System32\gdi32full.dll
0x00007ffa2f440000 - 0x00007ffa2f564000 	C:\Windows\System32\RPCRT4.dll
0x00007ffa2d700000 - 0x00007ffa2d79f000 	C:\Windows\System32\msvcp_win.dll
0x00007ffa2d800000 - 0x00007ffa2d879000 	C:\Windows\System32\bcryptPrimitives.dll
0x00007ffa2f410000 - 0x00007ffa2f43d000 	C:\Windows\System32\IMM32.DLL
0x00007ffa29540000 - 0x00007ffa2954c000 	d:\Users\JetBeans\jdk\bin\vcruntime140_1.dll
0x00007ffa1b8e0000 - 0x00007ffa1b971000 	d:\Users\JetBeans\jdk\bin\msvcp140.dll
0x00007ff9cfb40000 - 0x00007ff9d06eb000 	d:\Users\JetBeans\jdk\bin\server\jvm.dll
0x00007ffa302d0000 - 0x00007ffa30371000 	C:\Windows\System32\ADVAPI32.dll
0x00007ffa30380000 - 0x00007ffa303db000 	C:\Windows\System32\sechost.dll
0x00007ffa303e0000 - 0x00007ffa303e8000 	C:\Windows\System32\PSAPI.DLL
0x00007ffa17560000 - 0x00007ffa17569000 	C:\Windows\SYSTEM32\WSOCK32.dll
0x00007ffa27870000 - 0x00007ffa27893000 	C:\Windows\SYSTEM32\WINMM.dll
0x00007ffa24a60000 - 0x00007ffa24a6a000 	C:\Windows\SYSTEM32\VERSION.dll
0x00007ffa2f8f0000 - 0x00007ffa2f95c000 	C:\Windows\System32\WS2_32.dll
0x00007ffa27840000 - 0x00007ffa2786a000 	C:\Windows\SYSTEM32\winmmbase.dll
0x00007ffa2d320000 - 0x00007ffa2d369000 	C:\Windows\System32\cfgmgr32.dll
0x00007ffa2c7c0000 - 0x00007ffa2c7d1000 	C:\Windows\System32\kernel.appcore.dll
0x00007ffa29530000 - 0x00007ffa2953a000 	d:\Users\JetBeans\jdk\bin\jimage.dll
0x00007ffa182d0000 - 0x00007ffa18499000 	C:\Windows\SYSTEM32\DBGHELP.DLL
0x00007ffa174e0000 - 0x00007ffa17509000 	C:\Windows\SYSTEM32\dbgcore.DLL
0x00007ffa1b8d0000 - 0x00007ffa1b8de000 	d:\Users\JetBeans\jdk\bin\instrument.dll
0x00007ffa28e20000 - 0x00007ffa28e45000 	d:\Users\JetBeans\jdk\bin\java.dll
0x00007ffa2dfc0000 - 0x00007ffa2f402000 	C:\Windows\System32\SHELL32.dll
0x00007ffa2d8a0000 - 0x00007ffa2d949000 	C:\Windows\System32\shcore.dll
0x00007ffa2c990000 - 0x00007ffa2d09e000 	C:\Windows\System32\windows.storage.dll
0x00007ffa2db70000 - 0x00007ffa2dbc1000 	C:\Windows\System32\shlwapi.dll
0x00007ffa2c7a0000 - 0x00007ffa2c7bf000 	C:\Windows\System32\profapi.dll
0x00007ffa2c730000 - 0x00007ffa2c77c000 	C:\Windows\System32\powrprof.dll
0x00007ffa2c720000 - 0x00007ffa2c72a000 	C:\Windows\System32\FLTLIB.DLL
0x00007ffa19c10000 - 0x00007ffa19c28000 	d:\Users\JetBeans\jdk\bin\zip.dll
0x00007ffa1aa90000 - 0x00007ffa1aaa9000 	D:\Users\JetBeans\jdk\bin\net.dll
0x00007ffa24aa0000 - 0x00007ffa24b7d000 	C:\Windows\SYSTEM32\WINHTTP.dll
0x00007ffa2bfa0000 - 0x00007ffa2c006000 	C:\Windows\system32\mswsock.dll
0x00007ffa1a9f0000 - 0x00007ffa1aa03000 	D:\Users\JetBeans\jdk\bin\nio.dll
0x00007ff9cd320000 - 0x00007ff9ce21e000 	C:\Users\Sunny\.skiko\80fc6444015995e586d4d2f41cb25284608cc484748d064cc0259bc4ea610782\skiko-windows-x64.dll
0x00007ffa2ae70000 - 0x00007ffa2ae99000 	C:\Windows\SYSTEM32\dwmapi.dll
0x00007ffa05270000 - 0x00007ffa05390000 	C:\Windows\SYSTEM32\OPENGL32.dll
0x00007ffa053d0000 - 0x00007ffa053fc000 	C:\Windows\SYSTEM32\GLU32.dll
0x00007ff9cf380000 - 0x00007ff9cf4ff000 	D:\Users\JetBeans\jdk\bin\awt.dll
0x00007ffa2fc10000 - 0x00007ffa2fcd2000 	C:\Windows\System32\OLEAUT32.dll
0x00007ffa2aa60000 - 0x00007ffa2aaeb000 	C:\Windows\SYSTEM32\apphelp.dll
0x00007ffa2ad90000 - 0x00007ffa2ae28000 	C:\Windows\system32\uxtheme.dll
0x00007ffa2f770000 - 0x00007ffa2f8e3000 	C:\Windows\System32\MSCTF.dll
0x0000000180000000 - 0x0000000180272000 	C:\Program Files (x86)\RivaTuner Statistics Server\RTSSHooks64.dll
0x00007ffa2f590000 - 0x00007ffa2f6e1000 	C:\Windows\System32\ole32.dll
0x00007ffa19c80000 - 0x00007ffa19d09000 	D:\Users\JetBeans\jdk\bin\freetype.dll
0x00007ffa168e0000 - 0x00007ffa169d6000 	D:\Users\JetBeans\jdk\bin\harfbuzz.dll
0x00007ffa19c60000 - 0x00007ffa19c72000 	D:\Users\JetBeans\jdk\bin\fontmanager.dll
0x00007ffa1aa80000 - 0x00007ffa1aa87000 	d:\Users\JetBeans\jdk\bin\jawt.dll
0x00007ffa1ee00000 - 0x00007ffa1f11a000 	C:\Windows\SYSTEM32\dwrite.dll
0x00007ffa2b4b0000 - 0x00007ffa2b56b000 	C:\Windows\SYSTEM32\Dxgi.dll
0x00007ff9f3b50000 - 0x00007ff9f3ce2000 	C:\Windows\SYSTEM32\D3D12.dll
0x00007ffa28560000 - 0x00007ffa285f1000 	C:\Windows\SYSTEM32\msvcp110_win.dll
0x00007ffa22290000 - 0x00007ffa24030000 	C:\Windows\System32\DriverStore\FileRepository\igdlh64.inf_amd64_6bb02522ea3fdb0d\igc64.dll
0x00007ff9d4320000 - 0x00007ff9d5c78000 	C:\Windows\System32\DriverStore\FileRepository\igdlh64.inf_amd64_6bb02522ea3fdb0d\igd12umd64.dll
0x00007ff9d11c0000 - 0x00007ff9d4317000 	C:\Windows\System32\DriverStore\FileRepository\igdlh64.inf_amd64_6bb02522ea3fdb0d\igd12dxva64.dll
0x00007ffa1e320000 - 0x00007ffa1e34b000 	C:\Windows\SYSTEM32\D3DSCache.dll
0x00007ffa2afb0000 - 0x00007ffa2b168000 	C:\Windows\SYSTEM32\twinapi.appcore.dll
0x00007ffa2c620000 - 0x00007ffa2c648000 	C:\Windows\SYSTEM32\USERENV.dll
0x00007ffa2af80000 - 0x00007ffa2afa1000 	C:\Windows\SYSTEM32\RMCLIENT.dll

dbghelp: loaded successfully - version: 4.0.5 - missing functions: none
symbol engine: initialized successfully - sym options: 0x614 - pdb path: .;d:\Users\JetBeans\jdk\bin;C:\Windows\SYSTEM32;C:\Windows\WinSxS\amd64_microsoft.windows.common-controls_6595b64144ccf1df_6.0.17134.1006_none_d3fbb8f77c940c3f;d:\Users\JetBeans\jdk\bin\server;C:\Users\Sunny\.skiko\80fc6444015995e586d4d2f41cb25284608cc484748d064cc0259bc4ea610782;C:\Program Files (x86)\RivaTuner Statistics Server;C:\Windows\System32\DriverStore\FileRepository\igdlh64.inf_amd64_6bb02522ea3fdb0d

VM Arguments:
jvm_args: -Dcompose.application.configure.swing.globals=true -Dcompose.application.resources.dir=D:\Work\Excel\NQueen\build\compose\tmp\main\resources -javaagent:D:\Android\Canary\.gradle\caches\modules-2\files-2.1\org.jetbrains.kotlinx\kotlinx-coroutines-core-jvm\1.5.0\d8cebccdcddd029022aa8646a5a953ff88b13ac8\kotlinx-coroutines-core-jvm-1.5.0.jar -Dfile.encoding=windows-1252 -Duser.country=US -Duser.language=en -Duser.variant -ea 
java_command: MainKt
java_class_path (initial): D:\Work\Excel\NQueen\build\libs\NQueen-1.0.jar;D:\Android\Canary\.gradle\caches\modules-2\files-2.1\org.jetbrains.compose.desktop\desktop-jvm\1.0.0-alpha3\7d2ec16f4e057de47d41ffc5c8416f9f85aeab3e\desktop-jvm-1.0.0-alpha3.jar;D:\Android\Canary\.gradle\caches\modules-2\files-2.1\org.jetbrains.compose.material\material-desktop\1.0.0-alpha3\60d4a46d2ee31e82ab61342887203b23aee0ba83\material-desktop-1.0.0-alpha3.jar;D:\Android\Canary\.gradle\caches\modules-2\files-2.1\org.jetbrains.compose.material\material-ripple-desktop\1.0.0-alpha3\ffc54fa1f9c6e164d6ccdd53f7411bd80ccbce6c\material-ripple-desktop-1.0.0-alpha3.jar;D:\Android\Canary\.gradle\caches\modules-2\files-2.1\org.jetbrains.compose.foundation\foundation-desktop\1.0.0-alpha3\29c590b69d13ec16352497848d1bf05da1de062e\foundation-desktop-1.0.0-alpha3.jar;D:\Android\Canary\.gradle\caches\modules-2\files-2.1\org.jetbrains.compose.animation\animation-desktop\1.0.0-alpha3\eeff15e8d42d2fab8e6fb4eb0356ae397070aa49\animation-desktop-1.0.0-alpha3.jar;D:\Android\Canary\.gradle\caches\modules-2\files-2.1\org.jetbrains.compose.foundation\foundation-layout-desktop\1.0.0-alpha3\878f19bd721b99f677e959d96595573f8198eb1c\foundation-layout-desktop-1.0.0-alpha3.jar;D:\Android\Canary\.gradle\caches\modules-2\files-2.1\org.jetbrains.compose.animation\animation-core-desktop\1.0.0-alpha3\ec648418e6980b80f376f2b0455d5e2ba74f0445\animation-core-desktop-1.0.0-alpha3.jar;D:\Android\Canary\.gradle\caches\modules-2\files-2.1\org.jetbrains.compose.material\material-icons-core-desktop\1.0.0-alpha3\3e869bc14a82c27647e3719579d6acb517d2fc2a\material-icons-core-desktop-1.0.0-alpha3.jar;D:\Android\Canary\.gradle\caches\modules-2\files-2.1\org.jetbrains.compose.ui\ui-desktop\1.0.0-alpha3\7f33f2592490b6d23494c0842d6f15ac592f9bb7\ui-desktop-1.0.0-alpha3.jar;D:\Android\Canary\.gradle\caches\modules-2\files-2.1\org.jetbrains.compose.ui\ui-tooling-preview-desktop\1.0.0-alpha3\4676c56ea7defd68facfab054079ac1e76aba57f\ui-tooling-prev
Launcher Type: SUN_STANDARD

[Global flags]
     intx CICompilerCount                          = 4                                         {product} {ergonomic}
     uint ConcGCThreads                            = 2                                         {product} {ergonomic}
     uint G1ConcRefinementThreads                  = 8                                         {product} {ergonomic}
   size_t G1HeapRegionSize                         = 2097152                                   {product} {ergonomic}
    uintx GCDrainStackTargetSize                   = 64                                        {product} {ergonomic}
   size_t InitialHeapSize                          = 266338304                                 {product} {ergonomic}
   size_t MarkStackSize                            = 4194304                                   {product} {ergonomic}
   size_t MaxHeapSize                              = 4255121408                                {product} {ergonomic}
   size_t MaxNewSize                               = 2552233984                                {product} {ergonomic}
   size_t MinHeapDeltaBytes                        = 2097152                                   {product} {ergonomic}
   size_t MinHeapSize                              = 8388608                                   {product} {ergonomic}
    uintx NonNMethodCodeHeapSize                   = 5839372                                {pd product} {ergonomic}
    uintx NonProfiledCodeHeapSize                  = 122909434                              {pd product} {ergonomic}
    uintx ProfiledCodeHeapSize                     = 122909434                              {pd product} {ergonomic}
    uintx ReservedCodeCacheSize                    = 251658240                              {pd product} {ergonomic}
     bool SegmentedCodeCache                       = true                                      {product} {ergonomic}
   size_t SoftMaxHeapSize                          = 4255121408                             {manageable} {ergonomic}
     bool UseCompressedClassPointers               = true                           {product lp64_product} {ergonomic}
     bool UseCompressedOops                        = true                           {product lp64_product} {ergonomic}
     bool UseG1GC                                  = true                                      {product} {ergonomic}
     bool UseLargePagesIndividualAllocation        = false                                  {pd product} {ergonomic}

Logging:
Log output configuration:
 #0: stdout all=warning uptime,level,tags
 #1: stderr all=off uptime,level,tags

Environment Variables:
JAVA_HOME=D:\Program Files\Nvidia Codeworks\jdk1.8.0_77
PATH=d:\Users\JetBeans\jdk\bin;d:\program files (x86)\vmware\vmware player\bin\;c:\program files (x86)\common files\oracle\java\javapath;c:\program files (x86)\intel\intel(r) management engine components\icls\;c:\program files\intel\intel(r) management engine components\icls\;c:\windows\system32;c:\windows;c:\windows\system32\wbem;c:\windows\system32\windowspowershell\v1.0\;c:\windows\system32\openssh\;c:\program files (x86)\intel\intel(r) management engine components\dal;c:\program files\intel\intel(r) management engine components\dal;c:\program files (x86)\intel\intel(r) management engine components\ipt;c:\program files\intel\intel(r) management engine components\ipt;c:\program files\nvidia corporation\nvidia nvdlisr;d:\tdm_gcc compiler\bin;d:\program files\nodejs\;d:\program files\git\cmd;c:\programdata\chocolatey\bin;d:\program files\jetbrains\intellij idea community edition 2020.1.3\plugins\kotlin\kotlinc\bin;d:\program files\git\bin;d:\program files\kotlinc\bin;d:\program files (x86)\yarn\bin\;c:\users\sunny\appdata\local\programs\py;D:\Program Files\Git\cmd;D:\Program Files\Git LFS;d:\program files (x86)\vmware\vmware player\bin\;c:\program files (x86)\common files\oracle\java\javapath;c:\program files (x86)\intel\intel(r) management engine components\icls\;c:\program files\intel\intel(r) management engine components\icls\;c:\windows\system32;c:\windows;c:\windows\system32\wbem;c:\windows\system32\windowspowershell\v1.0\;c:\windows\system32\openssh\;c:\program files (x86)\intel\intel(r) management engine components\dal;c:\program files\intel\intel(r) management engine components\dal;c:\program files (x86)\intel\intel(r) management engine components\ipt;c:\program files\intel\intel(r) management engine components\ipt;c:\program files\nvidia corporation\nvidia nvdlisr;d:\tdm_gcc compiler\bin;d:\program files\nodejs\;d:\program files\git\cmd;c:\programdata\chocolatey\bin;d:\program files\jetbrains\intellij idea community edition 2020.1.3\plugins\kotlin\kotlinc\bin;
USERNAME=Sunny
OS=Windows_NT
PROCESSOR_IDENTIFIER=Intel64 Family 6 Model 158 Stepping 10, GenuineIntel



---------------  S Y S T E M  ---------------

OS:
 Windows 10 , 64 bit Build 17134 (10.0.17134.753)
OS uptime: 0 days 1:39 hours

CPU: total 8 (initial active 8) (4 cores per cpu, 2 threads per core) family 6 model 158 stepping 10 microcode 0x96, cx8, cmov, fxsr, ht, mmx, 3dnowpref, sse, sse2, sse3, ssse3, sse4.1, sse4.2, popcnt, lzcnt, tsc, tscinvbit, avx, avx2, aes, erms, clmul, bmi1, bmi2, adx, fma, vzeroupper, clflush, clflushopt

Memory: 4k page, system-wide physical 16224M (7122M free)
TotalPageFile size 23904M (AvailPageFile size 11778M)
current process WorkingSet (physical memory assigned to process): 108M, peak: 108M
current process commit charge ("private bytes"): 400M, peak: 400M

vm_info: OpenJDK 64-Bit Server VM (16.0.1+9-24) for windows-amd64 JRE (16.0.1+9-24), built on Mar 26 2021 19:30:07 by "mach5one" with MS VC++ 16.7 (VS2019)

END.
