#
# A fatal error has been detected by the Java Runtime Environment:
#
#  EXCEPTION_ACCESS_VIOLATION (0xc0000005) at pc=0x00007ff9cc7e9d3a, pid=13168, tid=7924
#
# JRE version: OpenJDK Runtime Environment (16.0.1+9) (build 16.0.1+9-24)
# Java VM: OpenJDK 64-Bit Server VM (16.0.1+9-24, mixed mode, sharing, tiered, compressed oops, compressed class ptrs, g1 gc, windows-amd64)
# Problematic frame:
# C  [skiko-windows-x64.dll+0x79d3a]
#
# No core dump will be written. Minidumps are not enabled by default on client versions of Windows
#
# If you would like to submit a bug report, please visit:
#   https://bugreport.java.com/bugreport/crash.jsp
# The crash happened outside the Java Virtual Machine in native code.
# See problematic frame for where to report the bug.
#

---------------  S U M M A R Y ------------

Command Line: -Dcompose.application.configure.swing.globals=true -Dcompose.application.resources.dir=D:\Work\Excel\NQueen\build\compose\tmp\main\resources -javaagent:D:\Android\Canary\.gradle\caches\modules-2\files-2.1\org.jetbrains.kotlinx\kotlinx-coroutines-core-jvm\1.5.0\d8cebccdcddd029022aa8646a5a953ff88b13ac8\kotlinx-coroutines-core-jvm-1.5.0.jar -Dfile.encoding=windows-1252 -Duser.country=US -Duser.language=en -Duser.variant -ea MainKt

Host: Intel(R) Core(TM) i5-8300H CPU @ 2.30GHz, 8 cores, 15G,  Windows 10 , 64 bit Build 17134 (10.0.17134.753)
Time: Wed Sep  8 23:22:02 2021 India Standard Time elapsed time: 0.869377 seconds (0d 0h 0m 0s)

---------------  T H R E A D  ---------------

Current thread (0x0000025e51206490):  JavaThread "AWT-EventQueue-0 @coroutine#9" [_thread_in_native, id=7924, stack(0x0000006faa700000,0x0000006faa800000)]

Stack: [0x0000006faa700000,0x0000006faa800000],  sp=0x0000006faa7fe910,  free space=1018k
Native frames: (J=compiled Java code, j=interpreted, Vv=VM code, C=native code)
C  [skiko-windows-x64.dll+0x79d3a]

Java frames: (J=compiled Java code, j=interpreted, Vv=VM code)
j  org.jetbrains.skiko.redrawer.Direct3DRedrawer.getBufferIndex(J)I+0
j  org.jetbrains.skiko.context.Direct3DContextHandler.initCanvas()V+257
j  org.jetbrains.skiko.SkiaLayer.prepareDrawContext$skiko()Z+92
j  org.jetbrains.skiko.redrawer.Direct3DRedrawer.draw(Lkotlin/coroutines/Continuation;)Ljava/lang/Object;+4
j  org.jetbrains.skiko.redrawer.Direct3DRedrawer.access$draw(Lorg/jetbrains/skiko/redrawer/Direct3DRedrawer;Lkotlin/coroutines/Continuation;)Ljava/lang/Object;+2
j  org.jetbrains.skiko.redrawer.Direct3DRedrawer$frameDispatcher$1.invokeSuspend(Ljava/lang/Object;)Ljava/lang/Object;+59
j  org.jetbrains.skiko.redrawer.Direct3DRedrawer$frameDispatcher$1.invoke(Lkotlin/coroutines/Continuation;)Ljava/lang/Object;+11
j  org.jetbrains.skiko.redrawer.Direct3DRedrawer$frameDispatcher$1.invoke(Ljava/lang/Object;)Ljava/lang/Object;+5
j  org.jetbrains.skiko.FrameDispatcher$job$1.invokeSuspend(Ljava/lang/Object;)Ljava/lang/Object;+100
j  kotlin.coroutines.jvm.internal.BaseContinuationImpl.resumeWith(Ljava/lang/Object;)V+46
j  kotlinx.coroutines.DispatchedTask.run()V+350
j  java.awt.event.InvocationEvent.dispatch()V+47 java.desktop@16.0.1
j  java.awt.EventQueue.dispatchEventImpl(Ljava/awt/AWTEvent;Ljava/lang/Object;)V+21 java.desktop@16.0.1
j  java.awt.EventQueue$4.run()Ljava/lang/Void;+32 java.desktop@16.0.1
j  java.awt.EventQueue$4.run()Ljava/lang/Object;+1 java.desktop@16.0.1
J 1058 c1 java.security.AccessController.executePrivileged(Ljava/security/PrivilegedAction;Ljava/security/AccessControlContext;Ljava/lang/Class;)Ljava/lang/Object; java.base@16.0.1 (65 bytes) @ 0x0000025e3565d6c4 [0x0000025e3565d560+0x0000000000000164]
j  java.security.AccessController.doPrivileged(Ljava/security/PrivilegedAction;Ljava/security/AccessControlContext;)Ljava/lang/Object;+13 java.base@16.0.1
j  java.security.ProtectionDomain$JavaSecurityAccessImpl.doIntersectionPrivilege(Ljava/security/PrivilegedAction;Ljava/security/AccessControlContext;Ljava/security/AccessControlContext;)Ljava/lang/Object;+18 java.base@16.0.1
j  java.awt.EventQueue.dispatchEvent(Ljava/awt/AWTEvent;)V+46 java.desktop@16.0.1
j  java.awt.EventDispatchThread.pumpOneEventForFilters(I)V+78 java.desktop@16.0.1
j  java.awt.EventDispatchThread.pumpEventsForFilter(ILjava/awt/Conditional;Ljava/awt/EventFilter;)V+35 java.desktop@16.0.1
j  java.awt.EventDispatchThread.pumpEventsForHierarchy(ILjava/awt/Conditional;Ljava/awt/Component;)V+11 java.desktop@16.0.1
j  java.awt.EventDispatchThread.pumpEvents(ILjava/awt/Conditional;)V+4 java.desktop@16.0.1
j  java.awt.EventDispatchThread.pumpEvents(Ljava/awt/Conditional;)V+3 java.desktop@16.0.1
j  java.awt.EventDispatchThread.run()V+9 java.desktop@16.0.1
v  ~StubRoutines::call_stub

siginfo: EXCEPTION_ACCESS_VIOLATION (0xc0000005), reading address 0x0000000000000000


Register to memory mapping:

RIP=0x00007ff9cc7e9d3a skiko-windows-x64.dll
RAX=0x0 is NULL
RBX=0x0000025e53909c80 points into unknown readable memory: 0x00000000002605a4 | a4 05 26 00 00 00 00 00
RCX=0x0 is NULL
RDX=0x0000006faa7fea00 is pointing into the stack for thread: 0x0000025e51206490
RSP=0x0000006faa7fe910 is pointing into the stack for thread: 0x0000025e51206490
RBP=0x0000006faa7fe9d0 is pointing into the stack for thread: 0x0000025e51206490
RSI=0x0000000000000148 is an unknown value
RDI=0x0 is NULL
R8 =0x0000025e53909c80 points into unknown readable memory: 0x00000000002605a4 | a4 05 26 00 00 00 00 00
R9 =0x0000000000000004 is an unknown value
R10=0x0000025e34f1dcf3 is at code_begin+979 in an Interpreter codelet
method entry point (kind = native)  [0x0000025e34f1d920, 0x0000025e34f1e300]  2528 bytes
R11=0x0000000000000111 is an unknown value
R12=0x0 is NULL
R13={method} {0x0000025e54b12990} 'getBufferIndex' '(J)I' in 'org/jetbrains/skiko/redrawer/Direct3DRedrawer'
R14=0x0000006faa7fea00 is pointing into the stack for thread: 0x0000025e51206490
R15=0x0000025e51206490 is a thread


Registers:
RAX=0x0000000000000000, RBX=0x0000025e53909c80, RCX=0x0000000000000000, RDX=0x0000006faa7fea00
RSP=0x0000006faa7fe910, RBP=0x0000006faa7fe9d0, RSI=0x0000000000000148, RDI=0x0000000000000000
R8 =0x0000025e53909c80, R9 =0x0000000000000004, R10=0x0000025e34f1dcf3, R11=0x0000000000000111
R12=0x0000000000000000, R13=0x0000025e54b12988, R14=0x0000006faa7fea00, R15=0x0000025e51206490
RIP=0x00007ff9cc7e9d3a, EFLAGS=0x0000000000010202

Top of Stack: (sp=0x0000006faa7fe910)
0x0000006faa7fe910:   000000000000006e 0000025e34f1db79
0x0000006faa7fe920:   0000000000000100 0000025e54b12988
0x0000006faa7fe930:   0000025e54b12988 0000006faa7fe998
0x0000006faa7fe940:   000000000000006e 0000025e34f1dd22
0x0000006faa7fe950:   0000025e54b12988 0000025e34f1da32
0x0000006faa7fe960:   0000025e54b12988 0000000000000148
0x0000006faa7fe970:   0000025e5484dd58 0000000000000000
0x0000006faa7fe980:   0000025e34f1d9d6 0000006faa7fe988
0x0000006faa7fe990:   0000025e54b12988 0000006faa7fea00
0x0000006faa7fe9a0:   0000025e54b13160 0000000000000000
0x0000006faa7fe9b0:   00000007119d6288 0000025e54b12988
0x0000006faa7fe9c0:   0000000000000000 0000006faa7fe9f0
0x0000006faa7fe9d0:   0000006faa7fea60 0000025e34f19626
0x0000006faa7fe9e0:   0000000000000000 0000025e34f1b2d6
0x0000006faa7fe9f0:   0000025e53909c80 0000000000000000
0x0000006faa7fea00:   00000007119d63c8 00000007119c9d50 

Instructions: (pc=0x00007ff9cc7e9d3a)
0x00007ff9cc7e9c3a:   02 00 00 00 48 8b c1 48 81 fa 00 10 00 00 72 15
0x00007ff9cc7e9c4a:   48 8b 49 f8 48 83 c2 27 48 2b c1 48 83 c0 f8 48
0x00007ff9cc7e9c5a:   83 f8 1f 77 2f e8 6d 46 fa ff 48 8b c3 48 8b 8d
0x00007ff9cc7e9c6a:   a0 00 00 00 48 33 cc e8 f5 84 f9 ff 4c 8d 9c 24
0x00007ff9cc7e9c7a:   b0 01 00 00 49 8b 5b 28 49 8b 73 38 49 8b e3 41
0x00007ff9cc7e9c8a:   5e 5f 5d c3 e8 c4 2a f9 ff cc cc cc cc cc cc cc
0x00007ff9cc7e9c9a:   cc cc cc cc cc cc cc cc cc cc cc cc cc cc cc cc
0x00007ff9cc7e9caa:   cc cc cc cc cc cc cc cc cc cc cc cc cc cc cc cc
0x00007ff9cc7e9cba:   cc cc cc cc cc cc cc cc cc cc cc cc cc cc cc cc
0x00007ff9cc7e9cca:   cc cc cc cc cc cc cc cc cc cc cc cc cc cc cc cc
0x00007ff9cc7e9cda:   cc cc cc cc cc cc cc cc cc cc cc cc cc cc cc cc
0x00007ff9cc7e9cea:   cc cc cc cc cc cc cc cc cc cc cc cc cc cc cc cc
0x00007ff9cc7e9cfa:   cc cc cc cc cc cc cc cc cc cc cc cc cc cc cc cc
0x00007ff9cc7e9d0a:   cc cc cc cc cc cc cc cc cc cc cc cc cc cc cc cc
0x00007ff9cc7e9d1a:   cc cc cc cc cc cc 48 89 5c 24 08 57 48 83 ec 30
0x00007ff9cc7e9d2a:   41 8b 40 78 49 8b d8 49 8b 48 38 49 8b 7c c0 60
0x00007ff9cc7e9d3a:   48 8b 01 ff 90 20 01 00 00 48 8b 4b 58 89 43 78
0x00007ff9cc7e9d4a:   48 8b 01 ff 50 40 48 3b c7 73 27 48 8b 4b 58 48
0x00007ff9cc7e9d5a:   8b d7 4c 8b 43 70 48 8b 01 ff 50 48 85 c0 78 2c
0x00007ff9cc7e9d6a:   48 8b 4b 70 45 33 c0 ba ff ff ff ff ff 15 0c 94
0x00007ff9cc7e9d7a:   e6 00 8b 43 78 48 8d 4f 01 48 89 4c c3 60 8b 43
0x00007ff9cc7e9d8a:   78 48 8b 5c 24 40 48 83 c4 30 5f c3 8b d0 48 8d
0x00007ff9cc7e9d9a:   0d a9 dd b6 00 e8 96 b8 fa ff 41 b8 01 00 00 00
0x00007ff9cc7e9daa:   48 8d 15 c3 dd b6 00 48 8d 4c 24 20 e8 57 3c f9
0x00007ff9cc7e9dba:   ff 48 8d 15 76 c3 da 00 48 8d 4c 24 20 e8 49 e7
0x00007ff9cc7e9dca:   fa ff cc cc cc cc cc cc cc cc cc cc cc cc cc cc
0x00007ff9cc7e9dda:   cc cc cc cc cc cc cc cc cc cc cc cc cc cc cc cc
0x00007ff9cc7e9dea:   cc cc cc cc cc cc cc cc cc cc cc cc cc cc cc cc
0x00007ff9cc7e9dfa:   cc cc cc cc cc cc 40 53 48 83 ec 40 49 c7 40 60
0x00007ff9cc7e9e0a:   10 27 00 00 49 8d 40 58 49 c7 40 68 10 27 00 00
0x00007ff9cc7e9e1a:   4c 8d 0d 5f dd b6 00 49 8b 48 30 49 8b d8 45 33
0x00007ff9cc7e9e2a:   c0 48 89 44 24 20 ba 10 27 00 00 4c 8b 11 41 ff 


Stack slot to memory mapping:
stack at sp + 0 slots: 0x000000000000006e is an unknown value
stack at sp + 1 slots: 0x0000025e34f1db79 is at code_begin+601 in an Interpreter codelet
method entry point (kind = native)  [0x0000025e34f1d920, 0x0000025e34f1e300]  2528 bytes
stack at sp + 2 slots: 0x0000000000000100 is an unknown value
stack at sp + 3 slots: {method} {0x0000025e54b12990} 'getBufferIndex' '(J)I' in 'org/jetbrains/skiko/redrawer/Direct3DRedrawer'
stack at sp + 4 slots: {method} {0x0000025e54b12990} 'getBufferIndex' '(J)I' in 'org/jetbrains/skiko/redrawer/Direct3DRedrawer'
stack at sp + 5 slots: 0x0000006faa7fe998 is pointing into the stack for thread: 0x0000025e51206490
stack at sp + 6 slots: 0x000000000000006e is an unknown value
stack at sp + 7 slots: 0x0000025e34f1dd22 is at code_begin+1026 in an Interpreter codelet
method entry point (kind = native)  [0x0000025e34f1d920, 0x0000025e34f1e300]  2528 bytes


---------------  P R O C E S S  ---------------

Threads class SMR info:
_java_thread_list=0x0000025e51385a60, length=19, elements={
0x0000025e261290e0, 0x0000025e503477f0, 0x0000025e5034a310, 0x0000025e5035c1c0,
0x0000025e5035ccd0, 0x0000025e50363710, 0x0000025e5036c030, 0x0000025e50371a20,
0x0000025e50372370, 0x0000025e503730d0, 0x0000025e50deb1c0, 0x0000025e50ea8d50,
0x0000025e50fbb310, 0x0000025e510cf9f0, 0x0000025e51206f30, 0x0000025e512054a0,
0x0000025e51205f40, 0x0000025e51207480, 0x0000025e51206490
}

Java Threads: ( => current thread )
  0x0000025e261290e0 JavaThread "main" [_thread_blocked, id=14496, stack(0x0000006fa8e00000,0x0000006fa8f00000)]
  0x0000025e503477f0 JavaThread "Reference Handler" daemon [_thread_blocked, id=13932, stack(0x0000006fa9500000,0x0000006fa9600000)]
  0x0000025e5034a310 JavaThread "Finalizer" daemon [_thread_blocked, id=12144, stack(0x0000006fa9600000,0x0000006fa9700000)]
  0x0000025e5035c1c0 JavaThread "Signal Dispatcher" daemon [_thread_blocked, id=1244, stack(0x0000006fa9700000,0x0000006fa9800000)]
  0x0000025e5035ccd0 JavaThread "Attach Listener" daemon [_thread_blocked, id=13972, stack(0x0000006fa9800000,0x0000006fa9900000)]
  0x0000025e50363710 JavaThread "Service Thread" daemon [_thread_blocked, id=12488, stack(0x0000006fa9900000,0x0000006fa9a00000)]
  0x0000025e5036c030 JavaThread "Monitor Deflation Thread" daemon [_thread_blocked, id=928, stack(0x0000006fa9a00000,0x0000006fa9b00000)]
  0x0000025e50371a20 JavaThread "C2 CompilerThread0" daemon [_thread_blocked, id=2072, stack(0x0000006fa9b00000,0x0000006fa9c00000)]
  0x0000025e50372370 JavaThread "C1 CompilerThread0" daemon [_thread_blocked, id=14216, stack(0x0000006fa9c00000,0x0000006fa9d00000)]
  0x0000025e503730d0 JavaThread "Sweeper thread" daemon [_thread_blocked, id=12100, stack(0x0000006fa9d00000,0x0000006fa9e00000)]
  0x0000025e50deb1c0 JavaThread "Common-Cleaner" daemon [_thread_blocked, id=8596, stack(0x0000006fa9e00000,0x0000006fa9f00000)]
  0x0000025e50ea8d50 JavaThread "C2 CompilerThread1" daemon [_thread_blocked, id=10388, stack(0x0000006fa9f00000,0x0000006faa000000)]
  0x0000025e50fbb310 JavaThread "Coroutines Debugger Cleaner" daemon [_thread_blocked, id=9132, stack(0x0000006faa000000,0x0000006faa100000)]
  0x0000025e510cf9f0 JavaThread "Notification Thread" daemon [_thread_blocked, id=14880, stack(0x0000006faa100000,0x0000006faa200000)]
  0x0000025e51206f30 JavaThread "Java2D Disposer" daemon [_thread_blocked, id=14100, stack(0x0000006faa300000,0x0000006faa400000)]
  0x0000025e512054a0 JavaThread "AWT-Shutdown" [_thread_blocked, id=188, stack(0x0000006faa400000,0x0000006faa500000)]
  0x0000025e51205f40 JavaThread "AWT-Windows" daemon [_thread_in_native, id=912, stack(0x0000006faa500000,0x0000006faa600000)]
  0x0000025e51207480 JavaThread "Cleaner-0" daemon [_thread_blocked, id=5016, stack(0x0000006faa600000,0x0000006faa700000)]
=>0x0000025e51206490 JavaThread "AWT-EventQueue-0 @coroutine#9" [_thread_in_native, id=7924, stack(0x0000006faa700000,0x0000006faa800000)]

Other Threads:
  0x0000025e50344e00 VMThread "VM Thread" [stack: 0x0000006fa9400000,0x0000006fa9500000] [id=1328]
  0x0000025e510e1cb0 WatcherThread [stack: 0x0000006faa200000,0x0000006faa300000] [id=14380]
  0x0000025e26178d60 GCTaskThread "GC Thread#0" [stack: 0x0000006fa8f00000,0x0000006fa9000000] [id=9136]
  0x0000025e51643cd0 GCTaskThread "GC Thread#1" [stack: 0x0000006faa800000,0x0000006faa900000] [id=14364]
  0x0000025e5379e950 GCTaskThread "GC Thread#2" [stack: 0x0000006faa900000,0x0000006faaa00000] [id=12136]
  0x0000025e5379ec60 GCTaskThread "GC Thread#3" [stack: 0x0000006faaa00000,0x0000006faab00000] [id=2800]
  0x0000025e5379ef70 GCTaskThread "GC Thread#4" [stack: 0x0000006faab00000,0x0000006faac00000] [id=140]
  0x0000025e5379f280 GCTaskThread "GC Thread#5" [stack: 0x0000006faac00000,0x0000006faad00000] [id=14084]
  0x0000025e537665d0 GCTaskThread "GC Thread#6" [stack: 0x0000006faad00000,0x0000006faae00000] [id=11944]
  0x0000025e51697f40 GCTaskThread "GC Thread#7" [stack: 0x0000006faae00000,0x0000006faaf00000] [id=14300]
  0x0000025e26189b40 ConcurrentGCThread "G1 Main Marker" [stack: 0x0000006fa9000000,0x0000006fa9100000] [id=9172]
  0x0000025e2618b100 ConcurrentGCThread "G1 Conc#0" [stack: 0x0000006fa9100000,0x0000006fa9200000] [id=14460]
  0x0000025e502024d0 ConcurrentGCThread "G1 Refine#0" [stack: 0x0000006fa9200000,0x0000006fa9300000] [id=14772]
  0x0000025e50202d00 ConcurrentGCThread "G1 Service" [stack: 0x0000006fa9300000,0x0000006fa9400000] [id=12196]

Threads with active compile tasks:

VM state: not at safepoint (normal execution)

VM Mutex/Monitor currently owned by a thread: None

Heap address: 0x0000000702600000, size: 4058 MB, Compressed Oops mode: Zero based, Oop shift amount: 3

CDS archive(s) mapped at: [0x0000000800000000-0x0000000800bb0000-0x0000000800bb0000), size 12255232, SharedBaseAddress: 0x0000000800000000, ArchiveRelocationMode: 0.
Compressed class space mapped at: 0x0000000800c00000-0x0000000840c00000, reserved size: 1073741824
Narrow klass base: 0x0000000800000000, Narrow klass shift: 3, Narrow klass range: 0x100000000

GC Precious Log:
 CPUs: 8 total, 8 available
 Memory: 16224M
 Large Page Support: Disabled
 NUMA Support: Disabled
 Compressed Oops: Enabled (Zero based)
 Heap Region Size: 2M
 Heap Min Capacity: 8M
 Heap Initial Capacity: 254M
 Heap Max Capacity: 4058M
 Pre-touch: Disabled
 Parallel Workers: 8
 Concurrent Workers: 2
 Concurrent Refinement Workers: 8
 Periodic GC: Disabled

Heap:
 garbage-first heap   total 260096K, used 26237K [0x0000000702600000, 0x0000000800000000)
  region size 2048K, 15 young (30720K), 2 survivors (4096K)
 Metaspace       used 14662K, committed 14848K, reserved 1064960K
  class space    used 1541K, committed 1600K, reserved 1048576K

Heap Regions: E=young(eden), S=young(survivor), O=old, HS=humongous(starts), HC=humongous(continues), CS=collection set, F=free, OA=open archive, CA=closed archive, TAMS=top-at-mark-start (previous, next)
|   0|0x0000000702600000, 0x0000000702600000, 0x0000000702800000|  0%| F|  |TAMS 0x0000000702600000, 0x0000000702600000| Untracked 
|   1|0x0000000702800000, 0x0000000702800000, 0x0000000702a00000|  0%| F|  |TAMS 0x0000000702800000, 0x0000000702800000| Untracked 
|   2|0x0000000702a00000, 0x0000000702a00000, 0x0000000702c00000|  0%| F|  |TAMS 0x0000000702a00000, 0x0000000702a00000| Untracked 
|   3|0x0000000702c00000, 0x0000000702c00000, 0x0000000702e00000|  0%| F|  |TAMS 0x0000000702c00000, 0x0000000702c00000| Untracked 
|   4|0x0000000702e00000, 0x0000000702e00000, 0x0000000703000000|  0%| F|  |TAMS 0x0000000702e00000, 0x0000000702e00000| Untracked 
|   5|0x0000000703000000, 0x0000000703000000, 0x0000000703200000|  0%| F|  |TAMS 0x0000000703000000, 0x0000000703000000| Untracked 
|   6|0x0000000703200000, 0x0000000703200000, 0x0000000703400000|  0%| F|  |TAMS 0x0000000703200000, 0x0000000703200000| Untracked 
|   7|0x0000000703400000, 0x0000000703400000, 0x0000000703600000|  0%| F|  |TAMS 0x0000000703400000, 0x0000000703400000| Untracked 
|   8|0x0000000703600000, 0x0000000703600000, 0x0000000703800000|  0%| F|  |TAMS 0x0000000703600000, 0x0000000703600000| Untracked 
|   9|0x0000000703800000, 0x0000000703800000, 0x0000000703a00000|  0%| F|  |TAMS 0x0000000703800000, 0x0000000703800000| Untracked 
|  10|0x0000000703a00000, 0x0000000703a00000, 0x0000000703c00000|  0%| F|  |TAMS 0x0000000703a00000, 0x0000000703a00000| Untracked 
|  11|0x0000000703c00000, 0x0000000703c00000, 0x0000000703e00000|  0%| F|  |TAMS 0x0000000703c00000, 0x0000000703c00000| Untracked 
|  12|0x0000000703e00000, 0x0000000703e00000, 0x0000000704000000|  0%| F|  |TAMS 0x0000000703e00000, 0x0000000703e00000| Untracked 
|  13|0x0000000704000000, 0x0000000704000000, 0x0000000704200000|  0%| F|  |TAMS 0x0000000704000000, 0x0000000704000000| Untracked 
|  14|0x0000000704200000, 0x0000000704200000, 0x0000000704400000|  0%| F|  |TAMS 0x0000000704200000, 0x0000000704200000| Untracked 
|  15|0x0000000704400000, 0x0000000704400000, 0x0000000704600000|  0%| F|  |TAMS 0x0000000704400000, 0x0000000704400000| Untracked 
|  16|0x0000000704600000, 0x0000000704600000, 0x0000000704800000|  0%| F|  |TAMS 0x0000000704600000, 0x0000000704600000| Untracked 
|  17|0x0000000704800000, 0x0000000704800000, 0x0000000704a00000|  0%| F|  |TAMS 0x0000000704800000, 0x0000000704800000| Untracked 
|  18|0x0000000704a00000, 0x0000000704a00000, 0x0000000704c00000|  0%| F|  |TAMS 0x0000000704a00000, 0x0000000704a00000| Untracked 
|  19|0x0000000704c00000, 0x0000000704c00000, 0x0000000704e00000|  0%| F|  |TAMS 0x0000000704c00000, 0x0000000704c00000| Untracked 
|  20|0x0000000704e00000, 0x0000000704e00000, 0x0000000705000000|  0%| F|  |TAMS 0x0000000704e00000, 0x0000000704e00000| Untracked 
|  21|0x0000000705000000, 0x0000000705000000, 0x0000000705200000|  0%| F|  |TAMS 0x0000000705000000, 0x0000000705000000| Untracked 
|  22|0x0000000705200000, 0x0000000705200000, 0x0000000705400000|  0%| F|  |TAMS 0x0000000705200000, 0x0000000705200000| Untracked 
|  23|0x0000000705400000, 0x0000000705400000, 0x0000000705600000|  0%| F|  |TAMS 0x0000000705400000, 0x0000000705400000| Untracked 
|  24|0x0000000705600000, 0x0000000705600000, 0x0000000705800000|  0%| F|  |TAMS 0x0000000705600000, 0x0000000705600000| Untracked 
|  25|0x0000000705800000, 0x0000000705800000, 0x0000000705a00000|  0%| F|  |TAMS 0x0000000705800000, 0x0000000705800000| Untracked 
|  26|0x0000000705a00000, 0x0000000705a00000, 0x0000000705c00000|  0%| F|  |TAMS 0x0000000705a00000, 0x0000000705a00000| Untracked 
|  27|0x0000000705c00000, 0x0000000705c00000, 0x0000000705e00000|  0%| F|  |TAMS 0x0000000705c00000, 0x0000000705c00000| Untracked 
|  28|0x0000000705e00000, 0x0000000705e00000, 0x0000000706000000|  0%| F|  |TAMS 0x0000000705e00000, 0x0000000705e00000| Untracked 
|  29|0x0000000706000000, 0x0000000706000000, 0x0000000706200000|  0%| F|  |TAMS 0x0000000706000000, 0x0000000706000000| Untracked 
|  30|0x0000000706200000, 0x0000000706200000, 0x0000000706400000|  0%| F|  |TAMS 0x0000000706200000, 0x0000000706200000| Untracked 
|  31|0x0000000706400000, 0x0000000706400000, 0x0000000706600000|  0%| F|  |TAMS 0x0000000706400000, 0x0000000706400000| Untracked 
|  32|0x0000000706600000, 0x0000000706600000, 0x0000000706800000|  0%| F|  |TAMS 0x0000000706600000, 0x0000000706600000| Untracked 
|  33|0x0000000706800000, 0x0000000706800000, 0x0000000706a00000|  0%| F|  |TAMS 0x0000000706800000, 0x0000000706800000| Untracked 
|  34|0x0000000706a00000, 0x0000000706a00000, 0x0000000706c00000|  0%| F|  |TAMS 0x0000000706a00000, 0x0000000706a00000| Untracked 
|  35|0x0000000706c00000, 0x0000000706c00000, 0x0000000706e00000|  0%| F|  |TAMS 0x0000000706c00000, 0x0000000706c00000| Untracked 
|  36|0x0000000706e00000, 0x0000000706e00000, 0x0000000707000000|  0%| F|  |TAMS 0x0000000706e00000, 0x0000000706e00000| Untracked 
|  37|0x0000000707000000, 0x0000000707000000, 0x0000000707200000|  0%| F|  |TAMS 0x0000000707000000, 0x0000000707000000| Untracked 
|  38|0x0000000707200000, 0x0000000707200000, 0x0000000707400000|  0%| F|  |TAMS 0x0000000707200000, 0x0000000707200000| Untracked 
|  39|0x0000000707400000, 0x0000000707400000, 0x0000000707600000|  0%| F|  |TAMS 0x0000000707400000, 0x0000000707400000| Untracked 
|  40|0x0000000707600000, 0x0000000707600000, 0x0000000707800000|  0%| F|  |TAMS 0x0000000707600000, 0x0000000707600000| Untracked 
|  41|0x0000000707800000, 0x0000000707800000, 0x0000000707a00000|  0%| F|  |TAMS 0x0000000707800000, 0x0000000707800000| Untracked 
|  42|0x0000000707a00000, 0x0000000707a00000, 0x0000000707c00000|  0%| F|  |TAMS 0x0000000707a00000, 0x0000000707a00000| Untracked 
|  43|0x0000000707c00000, 0x0000000707c00000, 0x0000000707e00000|  0%| F|  |TAMS 0x0000000707c00000, 0x0000000707c00000| Untracked 
|  44|0x0000000707e00000, 0x0000000707e00000, 0x0000000708000000|  0%| F|  |TAMS 0x0000000707e00000, 0x0000000707e00000| Untracked 
|  45|0x0000000708000000, 0x0000000708000000, 0x0000000708200000|  0%| F|  |TAMS 0x0000000708000000, 0x0000000708000000| Untracked 
|  46|0x0000000708200000, 0x0000000708200000, 0x0000000708400000|  0%| F|  |TAMS 0x0000000708200000, 0x0000000708200000| Untracked 
|  47|0x0000000708400000, 0x0000000708400000, 0x0000000708600000|  0%| F|  |TAMS 0x0000000708400000, 0x0000000708400000| Untracked 
|  48|0x0000000708600000, 0x0000000708600000, 0x0000000708800000|  0%| F|  |TAMS 0x0000000708600000, 0x0000000708600000| Untracked 
|  49|0x0000000708800000, 0x0000000708800000, 0x0000000708a00000|  0%| F|  |TAMS 0x0000000708800000, 0x0000000708800000| Untracked 
|  50|0x0000000708a00000, 0x0000000708a00000, 0x0000000708c00000|  0%| F|  |TAMS 0x0000000708a00000, 0x0000000708a00000| Untracked 
|  51|0x0000000708c00000, 0x0000000708c00000, 0x0000000708e00000|  0%| F|  |TAMS 0x0000000708c00000, 0x0000000708c00000| Untracked 
|  52|0x0000000708e00000, 0x0000000708e00000, 0x0000000709000000|  0%| F|  |TAMS 0x0000000708e00000, 0x0000000708e00000| Untracked 
|  53|0x0000000709000000, 0x0000000709000000, 0x0000000709200000|  0%| F|  |TAMS 0x0000000709000000, 0x0000000709000000| Untracked 
|  54|0x0000000709200000, 0x0000000709200000, 0x0000000709400000|  0%| F|  |TAMS 0x0000000709200000, 0x0000000709200000| Untracked 
|  55|0x0000000709400000, 0x0000000709400000, 0x0000000709600000|  0%| F|  |TAMS 0x0000000709400000, 0x0000000709400000| Untracked 
|  56|0x0000000709600000, 0x0000000709600000, 0x0000000709800000|  0%| F|  |TAMS 0x0000000709600000, 0x0000000709600000| Untracked 
|  57|0x0000000709800000, 0x0000000709800000, 0x0000000709a00000|  0%| F|  |TAMS 0x0000000709800000, 0x0000000709800000| Untracked 
|  58|0x0000000709a00000, 0x0000000709a00000, 0x0000000709c00000|  0%| F|  |TAMS 0x0000000709a00000, 0x0000000709a00000| Untracked 
|  59|0x0000000709c00000, 0x0000000709c00000, 0x0000000709e00000|  0%| F|  |TAMS 0x0000000709c00000, 0x0000000709c00000| Untracked 
|  60|0x0000000709e00000, 0x0000000709e00000, 0x000000070a000000|  0%| F|  |TAMS 0x0000000709e00000, 0x0000000709e00000| Untracked 
|  61|0x000000070a000000, 0x000000070a000000, 0x000000070a200000|  0%| F|  |TAMS 0x000000070a000000, 0x000000070a000000| Untracked 
|  62|0x000000070a200000, 0x000000070a200000, 0x000000070a400000|  0%| F|  |TAMS 0x000000070a200000, 0x000000070a200000| Untracked 
|  63|0x000000070a400000, 0x000000070a400000, 0x000000070a600000|  0%| F|  |TAMS 0x000000070a400000, 0x000000070a400000| Untracked 
|  64|0x000000070a600000, 0x000000070a600000, 0x000000070a800000|  0%| F|  |TAMS 0x000000070a600000, 0x000000070a600000| Untracked 
|  65|0x000000070a800000, 0x000000070a800000, 0x000000070aa00000|  0%| F|  |TAMS 0x000000070a800000, 0x000000070a800000| Untracked 
|  66|0x000000070aa00000, 0x000000070aa00000, 0x000000070ac00000|  0%| F|  |TAMS 0x000000070aa00000, 0x000000070aa00000| Untracked 
|  67|0x000000070ac00000, 0x000000070ac00000, 0x000000070ae00000|  0%| F|  |TAMS 0x000000070ac00000, 0x000000070ac00000| Untracked 
|  68|0x000000070ae00000, 0x000000070ae00000, 0x000000070b000000|  0%| F|  |TAMS 0x000000070ae00000, 0x000000070ae00000| Untracked 
|  69|0x000000070b000000, 0x000000070b000000, 0x000000070b200000|  0%| F|  |TAMS 0x000000070b000000, 0x000000070b000000| Untracked 
|  70|0x000000070b200000, 0x000000070b200000, 0x000000070b400000|  0%| F|  |TAMS 0x000000070b200000, 0x000000070b200000| Untracked 
|  71|0x000000070b400000, 0x000000070b400000, 0x000000070b600000|  0%| F|  |TAMS 0x000000070b400000, 0x000000070b400000| Untracked 
|  72|0x000000070b600000, 0x000000070b600000, 0x000000070b800000|  0%| F|  |TAMS 0x000000070b600000, 0x000000070b600000| Untracked 
|  73|0x000000070b800000, 0x000000070b800000, 0x000000070ba00000|  0%| F|  |TAMS 0x000000070b800000, 0x000000070b800000| Untracked 
|  74|0x000000070ba00000, 0x000000070ba00000, 0x000000070bc00000|  0%| F|  |TAMS 0x000000070ba00000, 0x000000070ba00000| Untracked 
|  75|0x000000070bc00000, 0x000000070bc00000, 0x000000070be00000|  0%| F|  |TAMS 0x000000070bc00000, 0x000000070bc00000| Untracked 
|  76|0x000000070be00000, 0x000000070be00000, 0x000000070c000000|  0%| F|  |TAMS 0x000000070be00000, 0x000000070be00000| Untracked 
|  77|0x000000070c000000, 0x000000070c000000, 0x000000070c200000|  0%| F|  |TAMS 0x000000070c000000, 0x000000070c000000| Untracked 
|  78|0x000000070c200000, 0x000000070c200000, 0x000000070c400000|  0%| F|  |TAMS 0x000000070c200000, 0x000000070c200000| Untracked 
|  79|0x000000070c400000, 0x000000070c400000, 0x000000070c600000|  0%| F|  |TAMS 0x000000070c400000, 0x000000070c400000| Untracked 
|  80|0x000000070c600000, 0x000000070c600000, 0x000000070c800000|  0%| F|  |TAMS 0x000000070c600000, 0x000000070c600000| Untracked 
|  81|0x000000070c800000, 0x000000070c800000, 0x000000070ca00000|  0%| F|  |TAMS 0x000000070c800000, 0x000000070c800000| Untracked 
|  82|0x000000070ca00000, 0x000000070ca00000, 0x000000070cc00000|  0%| F|  |TAMS 0x000000070ca00000, 0x000000070ca00000| Untracked 
|  83|0x000000070cc00000, 0x000000070cc00000, 0x000000070ce00000|  0%| F|  |TAMS 0x000000070cc00000, 0x000000070cc00000| Untracked 
|  84|0x000000070ce00000, 0x000000070ce00000, 0x000000070d000000|  0%| F|  |TAMS 0x000000070ce00000, 0x000000070ce00000| Untracked 
|  85|0x000000070d000000, 0x000000070d000000, 0x000000070d200000|  0%| F|  |TAMS 0x000000070d000000, 0x000000070d000000| Untracked 
|  86|0x000000070d200000, 0x000000070d200000, 0x000000070d400000|  0%| F|  |TAMS 0x000000070d200000, 0x000000070d200000| Untracked 
|  87|0x000000070d400000, 0x000000070d400000, 0x000000070d600000|  0%| F|  |TAMS 0x000000070d400000, 0x000000070d400000| Untracked 
|  88|0x000000070d600000, 0x000000070d600000, 0x000000070d800000|  0%| F|  |TAMS 0x000000070d600000, 0x000000070d600000| Untracked 
|  89|0x000000070d800000, 0x000000070d800000, 0x000000070da00000|  0%| F|  |TAMS 0x000000070d800000, 0x000000070d800000| Untracked 
|  90|0x000000070da00000, 0x000000070da00000, 0x000000070dc00000|  0%| F|  |TAMS 0x000000070da00000, 0x000000070da00000| Untracked 
|  91|0x000000070dc00000, 0x000000070dc00000, 0x000000070de00000|  0%| F|  |TAMS 0x000000070dc00000, 0x000000070dc00000| Untracked 
|  92|0x000000070de00000, 0x000000070de00000, 0x000000070e000000|  0%| F|  |TAMS 0x000000070de00000, 0x000000070de00000| Untracked 
|  93|0x000000070e000000, 0x000000070e000000, 0x000000070e200000|  0%| F|  |TAMS 0x000000070e000000, 0x000000070e000000| Untracked 
|  94|0x000000070e200000, 0x000000070e200000, 0x000000070e400000|  0%| F|  |TAMS 0x000000070e200000, 0x000000070e200000| Untracked 
|  95|0x000000070e400000, 0x000000070e400000, 0x000000070e600000|  0%| F|  |TAMS 0x000000070e400000, 0x000000070e400000| Untracked 
|  96|0x000000070e600000, 0x000000070e600000, 0x000000070e800000|  0%| F|  |TAMS 0x000000070e600000, 0x000000070e600000| Untracked 
|  97|0x000000070e800000, 0x000000070e800000, 0x000000070ea00000|  0%| F|  |TAMS 0x000000070e800000, 0x000000070e800000| Untracked 
|  98|0x000000070ea00000, 0x000000070ea00000, 0x000000070ec00000|  0%| F|  |TAMS 0x000000070ea00000, 0x000000070ea00000| Untracked 
|  99|0x000000070ec00000, 0x000000070ec00000, 0x000000070ee00000|  0%| F|  |TAMS 0x000000070ec00000, 0x000000070ec00000| Untracked 
| 100|0x000000070ee00000, 0x000000070ee00000, 0x000000070f000000|  0%| F|  |TAMS 0x000000070ee00000, 0x000000070ee00000| Untracked 
| 101|0x000000070f000000, 0x000000070f000000, 0x000000070f200000|  0%| F|  |TAMS 0x000000070f000000, 0x000000070f000000| Untracked 
| 102|0x000000070f200000, 0x000000070f200000, 0x000000070f400000|  0%| F|  |TAMS 0x000000070f200000, 0x000000070f200000| Untracked 
| 103|0x000000070f400000, 0x000000070f400000, 0x000000070f600000|  0%| F|  |TAMS 0x000000070f400000, 0x000000070f400000| Untracked 
| 104|0x000000070f600000, 0x000000070f600000, 0x000000070f800000|  0%| F|  |TAMS 0x000000070f600000, 0x000000070f600000| Untracked 
| 105|0x000000070f800000, 0x000000070f800000, 0x000000070fa00000|  0%| F|  |TAMS 0x000000070f800000, 0x000000070f800000| Untracked 
| 106|0x000000070fa00000, 0x000000070fa00000, 0x000000070fc00000|  0%| F|  |TAMS 0x000000070fa00000, 0x000000070fa00000| Untracked 
| 107|0x000000070fc00000, 0x000000070fc00000, 0x000000070fe00000|  0%| F|  |TAMS 0x000000070fc00000, 0x000000070fc00000| Untracked 
| 108|0x000000070fe00000, 0x000000070fe00000, 0x0000000710000000|  0%| F|  |TAMS 0x000000070fe00000, 0x000000070fe00000| Untracked 
| 109|0x0000000710000000, 0x0000000710000000, 0x0000000710200000|  0%| F|  |TAMS 0x0000000710000000, 0x0000000710000000| Untracked 
| 110|0x0000000710200000, 0x0000000710200000, 0x0000000710400000|  0%| F|  |TAMS 0x0000000710200000, 0x0000000710200000| Untracked 
| 111|0x0000000710400000, 0x0000000710400000, 0x0000000710600000|  0%| F|  |TAMS 0x0000000710400000, 0x0000000710400000| Untracked 
| 112|0x0000000710600000, 0x000000071079c658, 0x0000000710800000| 80%| E|  |TAMS 0x0000000710600000, 0x0000000710600000| Complete 
| 113|0x0000000710800000, 0x0000000710a00000, 0x0000000710a00000|100%| E|CS|TAMS 0x0000000710800000, 0x0000000710800000| Complete 
| 114|0x0000000710a00000, 0x0000000710b9f7a8, 0x0000000710c00000| 81%| S|CS|TAMS 0x0000000710a00000, 0x0000000710a00000| Complete 
| 115|0x0000000710c00000, 0x0000000710e00000, 0x0000000710e00000|100%| S|CS|TAMS 0x0000000710c00000, 0x0000000710c00000| Complete 
| 116|0x0000000710e00000, 0x0000000711000000, 0x0000000711000000|100%| E|CS|TAMS 0x0000000710e00000, 0x0000000710e00000| Complete 
| 117|0x0000000711000000, 0x0000000711200000, 0x0000000711200000|100%| E|CS|TAMS 0x0000000711000000, 0x0000000711000000| Complete 
| 118|0x0000000711200000, 0x0000000711400000, 0x0000000711400000|100%| E|CS|TAMS 0x0000000711200000, 0x0000000711200000| Complete 
| 119|0x0000000711400000, 0x0000000711600000, 0x0000000711600000|100%| E|CS|TAMS 0x0000000711400000, 0x0000000711400000| Complete 
| 120|0x0000000711600000, 0x0000000711800000, 0x0000000711800000|100%| E|CS|TAMS 0x0000000711600000, 0x0000000711600000| Complete 
| 121|0x0000000711800000, 0x0000000711a00000, 0x0000000711a00000|100%| E|CS|TAMS 0x0000000711800000, 0x0000000711800000| Complete 
| 122|0x0000000711a00000, 0x0000000711c00000, 0x0000000711c00000|100%| E|CS|TAMS 0x0000000711a00000, 0x0000000711a00000| Complete 
| 123|0x0000000711c00000, 0x0000000711e00000, 0x0000000711e00000|100%| E|CS|TAMS 0x0000000711c00000, 0x0000000711c00000| Complete 
| 124|0x0000000711e00000, 0x0000000712000000, 0x0000000712000000|100%| E|CS|TAMS 0x0000000711e00000, 0x0000000711e00000| Complete 
| 125|0x0000000712000000, 0x0000000712200000, 0x0000000712200000|100%| E|CS|TAMS 0x0000000712000000, 0x0000000712000000| Complete 
| 126|0x0000000712200000, 0x0000000712400000, 0x0000000712400000|100%| E|  |TAMS 0x0000000712200000, 0x0000000712200000| Complete 

Card table byte_map: [0x0000025e44a30000,0x0000025e45220000] _byte_map_base: 0x0000025e4121d000

Marking Bits (Prev, Next): (CMBitMap*) 0x0000025e26179360, (CMBitMap*) 0x0000025e261793a0
 Prev Bits: [0x0000025e45a10000, 0x0000025e49978000)
 Next Bits: [0x0000025e49980000, 0x0000025e4d8e8000)

Polling page: 0x0000025e242c0000

Metaspace:

Usage:
  Non-class:     12.81 MB used.
      Class:      1.51 MB used.
       Both:     14.32 MB used.

Virtual space:
  Non-class space:       16.00 MB reserved,      12.94 MB ( 81%) committed,  2 nodes.
      Class space:        1.00 GB reserved,       1.56 MB ( <1%) committed,  1 nodes.
              Both:        1.02 GB reserved,      14.50 MB (  1%) committed. 

Chunk freelists:
   Non-Class:  2.30 MB
       Class:  2.25 MB
        Both:  4.55 MB

MaxMetaspaceSize: 17179869184.00 GB
CompressedClassSpaceSize: 1.00 GB
 - commit_granule_bytes: 65536.
 - commit_granule_words: 8192.
 - virtual_space_node_default_size: 1048576.
 - enlarge_chunks_in_place: 1.
 - new_chunks_are_fully_committed: 0.
 - uncommit_free_chunks: 1.
 - use_allocation_guard: 0.
 - handle_deallocations: 1.


Internal statistics:

num_allocs_failed_limit: 0.
num_arena_births: 110.
num_arena_deaths: 0.
num_vsnodes_births: 3.
num_vsnodes_deaths: 0.
num_space_committed: 232.
num_space_uncommitted: 0.
num_chunks_returned_to_freelist: 0.
num_chunks_taken_from_freelist: 410.
num_chunk_merges: 0.
num_chunk_splits: 329.
num_chunks_enlarged: 277.
num_purges: 0.

CodeHeap 'non-profiled nmethods': size=120000Kb used=420Kb max_used=420Kb free=119579Kb
 bounds [0x0000025e3c9e0000, 0x0000025e3cc50000, 0x0000025e43f10000]
CodeHeap 'profiled nmethods': size=120000Kb used=1943Kb max_used=1943Kb free=118057Kb
 bounds [0x0000025e354b0000, 0x0000025e35720000, 0x0000025e3c9e0000]
CodeHeap 'non-nmethods': size=5760Kb used=1456Kb max_used=1463Kb free=4304Kb
 bounds [0x0000025e34f10000, 0x0000025e35180000, 0x0000025e354b0000]
 total_blobs=2009 nmethods=1184 adapters=738
 compilation: enabled
              stopped_count=0, restarted_count=0
 full_count=0

Compilation events (20 events):
Event: 0.818 Thread 0x0000025e50372370 nmethod 1175 0x0000025e3568fe90 code [0x0000025e35690060, 0x0000025e35690448]
Event: 0.818 Thread 0x0000025e50371a20 1177       4       java.lang.StringBuilder::<init> (7 bytes)
Event: 0.819 Thread 0x0000025e50ea8d50 nmethod 1168 0x0000025e3ca48290 code [0x0000025e3ca48420, 0x0000025e3ca48608]
Event: 0.819 Thread 0x0000025e50372370 1178       3       java.nio.ByteBuffer::arrayOffset (35 bytes)
Event: 0.819 Thread 0x0000025e50372370 nmethod 1178 0x0000025e35690590 code [0x0000025e35690760, 0x0000025e35690a38]
Event: 0.819 Thread 0x0000025e50ea8d50 1179       4       sun.nio.cs.SingleByte$Encoder::encode (32 bytes)
Event: 0.820 Thread 0x0000025e50371a20 nmethod 1177 0x0000025e3ca48810 code [0x0000025e3ca489a0, 0x0000025e3ca48b78]
Event: 0.820 Thread 0x0000025e50372370 1181       3       java.lang.String::valueOf (15 bytes)
Event: 0.820 Thread 0x0000025e50372370 nmethod 1181 0x0000025e35690b90 code [0x0000025e35690d40, 0x0000025e35690f48]
Event: 0.820 Thread 0x0000025e50372370 1180       3       java.nio.CharBuffer::arrayOffset (35 bytes)
Event: 0.820 Thread 0x0000025e50372370 nmethod 1180 0x0000025e35691010 code [0x0000025e356911e0, 0x0000025e356914b8]
Event: 0.820 Thread 0x0000025e50372370 1182       3       java.io.BufferedWriter::ensureOpen (18 bytes)
Event: 0.820 Thread 0x0000025e50372370 nmethod 1182 0x0000025e35691610 code [0x0000025e356917c0, 0x0000025e356919e8]
Event: 0.820 Thread 0x0000025e50ea8d50 nmethod 1179 0x0000025e3ca48c90 code [0x0000025e3ca48e20, 0x0000025e3ca48f78]
Event: 0.820 Thread 0x0000025e50372370 1183       3       java.nio.charset.CoderResult::isUnderflow (13 bytes)
Event: 0.821 Thread 0x0000025e50372370 nmethod 1183 0x0000025e35691a90 code [0x0000025e35691c20, 0x0000025e35691d98]
Event: 0.821 Thread 0x0000025e50372370 1184       3       sun.nio.cs.SingleByte$Encoder::encodeArrayLoop (233 bytes)
Event: 0.822 Thread 0x0000025e50372370 nmethod 1184 0x0000025e35691e10 code [0x0000025e35692320, 0x0000025e35694ad8]
Event: 0.822 Thread 0x0000025e50372370 1185       3       java.nio.CharBuffer::position (8 bytes)
Event: 0.822 Thread 0x0000025e50372370 nmethod 1185 0x0000025e35695890 code [0x0000025e35695a40, 0x0000025e35695b88]

GC Heap History (2 events):
Event: 0.523 GC heap before
{Heap before GC invocations=0 (full 0):
 garbage-first heap   total 260096K, used 20480K [0x0000000702600000, 0x0000000800000000)
  region size 2048K, 11 young (22528K), 0 survivors (0K)
 Metaspace       used 7319K, committed 7424K, reserved 1056768K
  class space    used 728K, committed 768K, reserved 1048576K
}
Event: 0.526 GC heap after
{Heap after GC invocations=1 (full 0):
 garbage-first heap   total 260096K, used 3709K [0x0000000702600000, 0x0000000800000000)
  region size 2048K, 2 young (4096K), 2 survivors (4096K)
 Metaspace       used 7319K, committed 7424K, reserved 1056768K
  class space    used 728K, committed 768K, reserved 1048576K
}

Deoptimization events (20 events):
Event: 0.752 Thread 0x0000025e51206490 Uncommon trap: trap_request=0xffffffde fr.pc=0x0000025e3ca44ccc relative=0x000000000000012c
Event: 0.752 Thread 0x0000025e51206490 Uncommon trap: reason=class_check action=maybe_recompile pc=0x0000025e3ca44ccc method=jdk.internal.misc.Unsafe.allocateUninitializedArray(Ljava/lang/Class;I)Ljava/lang/Object; @ 51 c2
Event: 0.752 Thread 0x0000025e51206490 DEOPT PACKING pc=0x0000025e3ca44ccc sp=0x0000006faa7fbb10
Event: 0.752 Thread 0x0000025e51206490 DEOPT UNPACKING pc=0x0000025e34f5d72e sp=0x0000006faa7fba98 mode 2
Event: 0.752 Thread 0x0000025e51206490 Uncommon trap: trap_request=0xffffffde fr.pc=0x0000025e3ca44ccc relative=0x000000000000012c
Event: 0.752 Thread 0x0000025e51206490 Uncommon trap: reason=class_check action=maybe_recompile pc=0x0000025e3ca44ccc method=jdk.internal.misc.Unsafe.allocateUninitializedArray(Ljava/lang/Class;I)Ljava/lang/Object; @ 51 c2
Event: 0.752 Thread 0x0000025e51206490 DEOPT PACKING pc=0x0000025e3ca44ccc sp=0x0000006faa7fb670
Event: 0.753 Thread 0x0000025e51206490 DEOPT UNPACKING pc=0x0000025e34f5d72e sp=0x0000006faa7fb5f8 mode 2
Event: 0.753 Thread 0x0000025e51206490 Uncommon trap: trap_request=0xffffffde fr.pc=0x0000025e3ca44ccc relative=0x000000000000012c
Event: 0.753 Thread 0x0000025e51206490 Uncommon trap: reason=class_check action=maybe_recompile pc=0x0000025e3ca44ccc method=jdk.internal.misc.Unsafe.allocateUninitializedArray(Ljava/lang/Class;I)Ljava/lang/Object; @ 51 c2
Event: 0.753 Thread 0x0000025e51206490 DEOPT PACKING pc=0x0000025e3ca44ccc sp=0x0000006faa7fb710
Event: 0.753 Thread 0x0000025e51206490 DEOPT UNPACKING pc=0x0000025e34f5d72e sp=0x0000006faa7fb698 mode 2
Event: 0.793 Thread 0x0000025e51206490 Uncommon trap: trap_request=0xffffff45 fr.pc=0x0000025e3ca468e8 relative=0x00000000000000a8
Event: 0.793 Thread 0x0000025e51206490 Uncommon trap: reason=unstable_if action=reinterpret pc=0x0000025e3ca468e8 method=jdk.internal.loader.URLClassPath.getResource(Ljava/lang/String;Z)Ljdk/internal/loader/Resource; @ 47 c2
Event: 0.793 Thread 0x0000025e51206490 DEOPT PACKING pc=0x0000025e3ca468e8 sp=0x0000006faa7f8590
Event: 0.793 Thread 0x0000025e51206490 DEOPT UNPACKING pc=0x0000025e34f5d72e sp=0x0000006faa7f8520 mode 2
Event: 0.811 Thread 0x0000025e51206490 Uncommon trap: trap_request=0xffffffe4 fr.pc=0x0000025e3ca3b12c relative=0x000000000000008c
Event: 0.811 Thread 0x0000025e51206490 Uncommon trap: reason=range_check action=make_not_entrant pc=0x0000025e3ca3b12c method=java.util.Objects.checkIndex(II)I @ 3 c2
Event: 0.811 Thread 0x0000025e51206490 DEOPT PACKING pc=0x0000025e3ca3b12c sp=0x0000006faa7fb7f0
Event: 0.811 Thread 0x0000025e51206490 DEOPT UNPACKING pc=0x0000025e34f5d72e sp=0x0000006faa7fb718 mode 2

Classes unloaded (0 events):
No events

Classes redefined (0 events):
No events

Internal exceptions (15 events):
Event: 0.206 Thread 0x0000025e261290e0 Exception <a 'java/lang/ClassNotFoundException'{0x0000000711da8508}: sun/awt/resources/spi/awtProvider> (0x0000000711da8508) 
thrown [t:\workspace\open\src\hotspot\share\classfile\systemDictionary.cpp, line 256]
Event: 0.220 Thread 0x0000025e261290e0 Exception <a 'java/io/FileNotFoundException'{0x0000000711a057d0}> (0x0000000711a057d0) 
thrown [t:\workspace\open\src\hotspot\share\prims\jni.cpp, line 579]
Event: 0.226 Thread 0x0000025e261290e0 Exception <a 'java/io/FileNotFoundException'{0x0000000711a361f8}> (0x0000000711a361f8) 
thrown [t:\workspace\open\src\hotspot\share\prims\jni.cpp, line 579]
Event: 0.226 Thread 0x0000025e261290e0 Exception <a 'java/lang/NoSuchMethodError'{0x0000000711a392a0}: 'java.lang.Object java.lang.invoke.DirectMethodHandle$Holder.invokeStatic(java.lang.Object)'> (0x0000000711a392a0) 
thrown [t:\workspace\open\src\hotspot\share\interpreter\linkResolver.cpp, line 790]
Event: 0.230 Thread 0x0000025e261290e0 Exception <a 'java/lang/NoSuchMethodError'{0x0000000711a69450}: 'void java.lang.invoke.DirectMethodHandle$Holder.invokeSpecial(java.lang.Object, java.lang.Object, java.lang.Object)'> (0x0000000711a69450) 
thrown [t:\workspace\open\src\hotspot\share\interpreter\linkResolver.cpp, line 790]
Event: 0.252 Thread 0x0000025e261290e0 Exception <a 'java/lang/NoSuchMethodError'{0x0000000711b5be80}: 'java.lang.Object java.lang.invoke.DirectMethodHandle$Holder.invokeStaticInit(java.lang.Object)'> (0x0000000711b5be80) 
thrown [t:\workspace\open\src\hotspot\share\interpreter\linkResolver.cpp, line 790]
Event: 0.332 Thread 0x0000025e261290e0 Exception <a 'java/lang/NoSuchMethodError'{0x0000000711891fe8}: 'void java.lang.invoke.DirectMethodHandle$Holder.invokeStaticInit(java.lang.Object)'> (0x0000000711891fe8) 
thrown [t:\workspace\open\src\hotspot\share\interpreter\linkResolver.cpp, line 790]
Event: 0.337 Thread 0x0000025e261290e0 Exception <a 'java/lang/NoSuchMethodError'{0x00000007118b9ba8}: 'java.lang.Object java.lang.invoke.DirectMethodHandle$Holder.newInvokeSpecial(java.lang.Object, java.lang.Object, java.lang.Object, java.lang.Object, java.lang.Object)'> (0x00000007118b9ba8) 
thrown [t:\workspace\open\src\hotspot\share\interpreter\linkResolver.cpp, line 790]
Event: 0.340 Thread 0x0000025e261290e0 Exception <a 'java/lang/NoSuchMethodError'{0x00000007118c5690}: 'java.lang.Object java.lang.invoke.DirectMethodHandle$Holder.invokeStatic(java.lang.Object, int, java.lang.Object, java.lang.Object, java.lang.Object, java.lang.Object)'> (0x00000007118c5690) 
thrown [t:\workspace\open\src\hotspot\share\interpreter\linkResolver.cpp, line 790]
Event: 0.345 Thread 0x0000025e261290e0 Exception <a 'java/lang/NoSuchMethodError'{0x00000007118ebb10}: 'java.lang.Object java.lang.invoke.DirectMethodHandle$Holder.invokeStatic(java.lang.Object, int, java.lang.Object)'> (0x00000007118ebb10) 
thrown [t:\workspace\open\src\hotspot\share\interpreter\linkResolver.cpp, line 790]
Event: 0.363 Thread 0x0000025e261290e0 Exception <a 'java/lang/ClassNotFoundException'{0x0000000711985e90}: com/sun/java/swing/plaf/windows/resources/spi/windowsProvider> (0x0000000711985e90) 
thrown [t:\workspace\open\src\hotspot\share\classfile\systemDictionary.cpp, line 256]
Event: 0.364 Thread 0x0000025e261290e0 Exception <a 'java/lang/ClassNotFoundException'{0x000000071198cb20}: com/sun/swing/internal/plaf/basic/resources/spi/basicProvider> (0x000000071198cb20) 
thrown [t:\workspace\open\src\hotspot\share\classfile\systemDictionary.cpp, line 256]
Event: 0.617 Thread 0x0000025e51206490 Implicit null exception at 0x0000025e3ca1bd0f to 0x0000025e3ca1c120
Event: 0.617 Thread 0x0000025e51206490 Implicit null exception at 0x0000025e3ca323af to 0x0000025e3ca3242d
Event: 0.625 Thread 0x0000025e51206490 Exception <a 'java/lang/NoSuchMethodError'{0x0000000711a46808}: 'void java.lang.invoke.DirectMethodHandle$Holder.invokeStatic(java.lang.Object, java.lang.Object, java.lang.Object)'> (0x0000000711a46808) 
thrown [t:\workspace\open\src\hotspot\share\interpreter\linkResolver.cpp, line 790]

Events (20 events):
Event: 0.736 loading class java/awt/datatransfer/UnsupportedFlavorException
Event: 0.736 loading class java/awt/datatransfer/UnsupportedFlavorException done
Event: 0.736 loading class sun/awt/windows/WClipboard
Event: 0.736 loading class sun/awt/datatransfer/SunClipboard
Event: 0.736 loading class java/awt/datatransfer/Clipboard
Event: 0.737 loading class java/awt/datatransfer/Clipboard done
Event: 0.737 loading class sun/awt/datatransfer/SunClipboard done
Event: 0.737 loading class sun/awt/windows/WClipboard done
Event: 0.811 loading class java/lang/IndexOutOfBoundsException
Event: 0.811 loading class java/lang/IndexOutOfBoundsException done
Event: 0.811 loading class java/util/Formatter$FixedString
Event: 0.811 loading class java/util/Formatter$FixedString done
Event: 0.817 loading class java/lang/Throwable$WrappedPrintStream
Event: 0.817 loading class java/lang/Throwable$PrintStreamOrWriter
Event: 0.817 loading class java/lang/Throwable$PrintStreamOrWriter done
Event: 0.817 loading class java/lang/Throwable$WrappedPrintStream done
Event: 0.821 loading class java/util/LinkedList$ListItr
Event: 0.821 loading class java/util/LinkedList$ListItr done
Event: 0.821 loading class javax/swing/RepaintManager$2$1
Event: 0.821 loading class javax/swing/RepaintManager$2$1 done


Dynamic libraries:
0x00007ff6e83a0000 - 0x00007ff6e83ae000 	d:\Users\JetBeans\jdk\bin\java.exe
0x00007ffa30420000 - 0x00007ffa30601000 	C:\Windows\SYSTEM32\ntdll.dll
0x00007ffa2fb50000 - 0x00007ffa2fc01000 	C:\Windows\System32\KERNEL32.DLL
0x00007ffa2d0a0000 - 0x00007ffa2d313000 	C:\Windows\System32\KERNELBASE.dll
0x00007ffa2c7e0000 - 0x00007ffa2c8d8000 	C:\Windows\System32\ucrtbase.dll
0x00007ffa1aa90000 - 0x00007ffa1aaa9000 	d:\Users\JetBeans\jdk\bin\VCRUNTIME140.dll
0x00007ffa1a9f0000 - 0x00007ffa1aa08000 	d:\Users\JetBeans\jdk\bin\jli.dll
0x00007ffa2f9c0000 - 0x00007ffa2fb50000 	C:\Windows\System32\USER32.dll
0x00007ffa20ec0000 - 0x00007ffa21129000 	C:\Windows\WinSxS\amd64_microsoft.windows.common-controls_6595b64144ccf1df_6.0.17134.1006_none_d3fbb8f77c940c3f\COMCTL32.dll
0x00007ffa2d880000 - 0x00007ffa2d8a0000 	C:\Windows\System32\win32u.dll
0x00007ffa2d980000 - 0x00007ffa2da1e000 	C:\Windows\System32\msvcrt.dll
0x00007ffa2d950000 - 0x00007ffa2d978000 	C:\Windows\System32\GDI32.dll
0x00007ffa2dc90000 - 0x00007ffa2dfb1000 	C:\Windows\System32\combase.dll
0x00007ffa2d560000 - 0x00007ffa2d6f1000 	C:\Windows\System32\gdi32full.dll
0x00007ffa2f440000 - 0x00007ffa2f564000 	C:\Windows\System32\RPCRT4.dll
0x00007ffa2d700000 - 0x00007ffa2d79f000 	C:\Windows\System32\msvcp_win.dll
0x00007ffa2d800000 - 0x00007ffa2d879000 	C:\Windows\System32\bcryptPrimitives.dll
0x00007ffa2f410000 - 0x00007ffa2f43d000 	C:\Windows\System32\IMM32.DLL
0x00007ffa29580000 - 0x00007ffa2958c000 	d:\Users\JetBeans\jdk\bin\vcruntime140_1.dll
0x00007ff9fd1e0000 - 0x00007ff9fd271000 	d:\Users\JetBeans\jdk\bin\msvcp140.dll
0x00007ff9cd670000 - 0x00007ff9ce21b000 	d:\Users\JetBeans\jdk\bin\server\jvm.dll
0x00007ffa302d0000 - 0x00007ffa30371000 	C:\Windows\System32\ADVAPI32.dll
0x00007ffa30380000 - 0x00007ffa303db000 	C:\Windows\System32\sechost.dll
0x00007ffa303e0000 - 0x00007ffa303e8000 	C:\Windows\System32\PSAPI.DLL
0x00007ffa27870000 - 0x00007ffa27893000 	C:\Windows\SYSTEM32\WINMM.dll
0x00007ffa17560000 - 0x00007ffa17569000 	C:\Windows\SYSTEM32\WSOCK32.dll
0x00007ffa24a60000 - 0x00007ffa24a6a000 	C:\Windows\SYSTEM32\VERSION.dll
0x00007ffa2f8f0000 - 0x00007ffa2f95c000 	C:\Windows\System32\WS2_32.dll
0x00007ffa27840000 - 0x00007ffa2786a000 	C:\Windows\SYSTEM32\WINMMBASE.dll
0x00007ffa2d320000 - 0x00007ffa2d369000 	C:\Windows\System32\cfgmgr32.dll
0x00007ffa2c7c0000 - 0x00007ffa2c7d1000 	C:\Windows\System32\kernel.appcore.dll
0x00007ffa28e10000 - 0x00007ffa28e1a000 	d:\Users\JetBeans\jdk\bin\jimage.dll
0x00007ffa182d0000 - 0x00007ffa18499000 	C:\Windows\SYSTEM32\DBGHELP.DLL
0x00007ffa174e0000 - 0x00007ffa17509000 	C:\Windows\SYSTEM32\dbgcore.DLL
0x00007ffa29630000 - 0x00007ffa2963e000 	d:\Users\JetBeans\jdk\bin\instrument.dll
0x00007ffa19c30000 - 0x00007ffa19c55000 	d:\Users\JetBeans\jdk\bin\java.dll
0x00007ffa2dfc0000 - 0x00007ffa2f402000 	C:\Windows\System32\SHELL32.dll
0x00007ffa2d8a0000 - 0x00007ffa2d949000 	C:\Windows\System32\shcore.dll
0x00007ffa2c990000 - 0x00007ffa2d09e000 	C:\Windows\System32\windows.storage.dll
0x00007ffa2db70000 - 0x00007ffa2dbc1000 	C:\Windows\System32\shlwapi.dll
0x00007ffa2c7a0000 - 0x00007ffa2c7bf000 	C:\Windows\System32\profapi.dll
0x00007ffa2c730000 - 0x00007ffa2c77c000 	C:\Windows\System32\powrprof.dll
0x00007ffa2c720000 - 0x00007ffa2c72a000 	C:\Windows\System32\FLTLIB.DLL
0x00007ffa19bd0000 - 0x00007ffa19be8000 	d:\Users\JetBeans\jdk\bin\zip.dll
0x00007ffa19c10000 - 0x00007ffa19c29000 	D:\Users\JetBeans\jdk\bin\net.dll
0x00007ffa24aa0000 - 0x00007ffa24b7d000 	C:\Windows\SYSTEM32\WINHTTP.dll
0x00007ffa2bfa0000 - 0x00007ffa2c006000 	C:\Windows\system32\mswsock.dll
0x00007ffa19bf0000 - 0x00007ffa19c03000 	D:\Users\JetBeans\jdk\bin\nio.dll
0x00007ff9cc770000 - 0x00007ff9cd66e000 	C:\Users\Sunny\.skiko\80fc6444015995e586d4d2f41cb25284608cc484748d064cc0259bc4ea610782\skiko-windows-x64.dll
0x00007ffa05270000 - 0x00007ffa05390000 	C:\Windows\SYSTEM32\OPENGL32.dll
0x00007ffa2ae70000 - 0x00007ffa2ae99000 	C:\Windows\SYSTEM32\dwmapi.dll
0x00007ffa053d0000 - 0x00007ffa053fc000 	C:\Windows\SYSTEM32\GLU32.dll
0x00007ff9f12c0000 - 0x00007ff9f143f000 	D:\Users\JetBeans\jdk\bin\awt.dll
0x00007ffa2fc10000 - 0x00007ffa2fcd2000 	C:\Windows\System32\OLEAUT32.dll
0x00007ffa2aa60000 - 0x00007ffa2aaeb000 	C:\Windows\SYSTEM32\apphelp.dll
0x00007ffa2ad90000 - 0x00007ffa2ae28000 	C:\Windows\system32\uxtheme.dll
0x00007ffa2f770000 - 0x00007ffa2f8e3000 	C:\Windows\System32\MSCTF.dll
0x0000000180000000 - 0x0000000180272000 	C:\Program Files (x86)\RivaTuner Statistics Server\RTSSHooks64.dll
0x00007ffa2f590000 - 0x00007ffa2f6e1000 	C:\Windows\System32\ole32.dll
0x00007ff9faf10000 - 0x00007ff9faf99000 	D:\Users\JetBeans\jdk\bin\freetype.dll
0x00007ff9f11c0000 - 0x00007ff9f12b6000 	D:\Users\JetBeans\jdk\bin\harfbuzz.dll
0x00007ffa1e120000 - 0x00007ffa1e132000 	D:\Users\JetBeans\jdk\bin\fontmanager.dll
0x00007ffa29620000 - 0x00007ffa29627000 	d:\Users\JetBeans\jdk\bin\jawt.dll
0x00007ffa1ee00000 - 0x00007ffa1f11a000 	C:\Windows\SYSTEM32\dwrite.dll
0x00007ffa2b4b0000 - 0x00007ffa2b56b000 	C:\Windows\SYSTEM32\Dxgi.dll
0x00007ff9f3b50000 - 0x00007ff9f3ce2000 	C:\Windows\SYSTEM32\D3D12.dll
0x00007ffa28560000 - 0x00007ffa285f1000 	C:\Windows\SYSTEM32\msvcp110_win.dll
0x00007ffa22290000 - 0x00007ffa24030000 	C:\Windows\System32\DriverStore\FileRepository\igdlh64.inf_amd64_6bb02522ea3fdb0d\igc64.dll
0x00007ff9d4320000 - 0x00007ff9d5c78000 	C:\Windows\System32\DriverStore\FileRepository\igdlh64.inf_amd64_6bb02522ea3fdb0d\igd12umd64.dll
0x00007ff9d11c0000 - 0x00007ff9d4317000 	C:\Windows\System32\DriverStore\FileRepository\igdlh64.inf_amd64_6bb02522ea3fdb0d\igd12dxva64.dll
0x00007ffa1e320000 - 0x00007ffa1e34b000 	C:\Windows\SYSTEM32\D3DSCache.dll
0x00007ffa2afb0000 - 0x00007ffa2b168000 	C:\Windows\SYSTEM32\twinapi.appcore.dll
0x00007ffa2c620000 - 0x00007ffa2c648000 	C:\Windows\SYSTEM32\USERENV.dll
0x00007ffa2af80000 - 0x00007ffa2afa1000 	C:\Windows\SYSTEM32\RMCLIENT.dll

dbghelp: loaded successfully - version: 4.0.5 - missing functions: none
symbol engine: initialized successfully - sym options: 0x614 - pdb path: .;d:\Users\JetBeans\jdk\bin;C:\Windows\SYSTEM32;C:\Windows\WinSxS\amd64_microsoft.windows.common-controls_6595b64144ccf1df_6.0.17134.1006_none_d3fbb8f77c940c3f;d:\Users\JetBeans\jdk\bin\server;C:\Users\Sunny\.skiko\80fc6444015995e586d4d2f41cb25284608cc484748d064cc0259bc4ea610782;C:\Program Files (x86)\RivaTuner Statistics Server;C:\Windows\System32\DriverStore\FileRepository\igdlh64.inf_amd64_6bb02522ea3fdb0d

VM Arguments:
jvm_args: -Dcompose.application.configure.swing.globals=true -Dcompose.application.resources.dir=D:\Work\Excel\NQueen\build\compose\tmp\main\resources -javaagent:D:\Android\Canary\.gradle\caches\modules-2\files-2.1\org.jetbrains.kotlinx\kotlinx-coroutines-core-jvm\1.5.0\d8cebccdcddd029022aa8646a5a953ff88b13ac8\kotlinx-coroutines-core-jvm-1.5.0.jar -Dfile.encoding=windows-1252 -Duser.country=US -Duser.language=en -Duser.variant -ea 
java_command: MainKt
java_class_path (initial): D:\Work\Excel\NQueen\build\libs\NQueen-1.0.jar;D:\Android\Canary\.gradle\caches\modules-2\files-2.1\com.arkivanov.decompose\extensions-compose-jetbrains-jvm\0.2.5\5c74b006a4f293247c025da21ff6a791d5001529\extensions-compose-jetbrains-jvm-0.2.5.jar;D:\Android\Canary\.gradle\caches\modules-2\files-2.1\com.arkivanov.decompose\decompose-jvm\0.2.5\247fb08aeab91338e311cb7fcb97af6b1d9e13ba\decompose-jvm-0.2.5.jar;D:\Android\Canary\.gradle\caches\modules-2\files-2.1\org.jetbrains.compose.desktop\desktop-jvm\1.0.0-alpha3\7d2ec16f4e057de47d41ffc5c8416f9f85aeab3e\desktop-jvm-1.0.0-alpha3.jar;D:\Android\Canary\.gradle\caches\modules-2\files-2.1\org.jetbrains.compose.material\material-desktop\1.0.0-alpha3\60d4a46d2ee31e82ab61342887203b23aee0ba83\material-desktop-1.0.0-alpha3.jar;D:\Android\Canary\.gradle\caches\modules-2\files-2.1\org.jetbrains.compose.material\material-ripple-desktop\1.0.0-alpha3\ffc54fa1f9c6e164d6ccdd53f7411bd80ccbce6c\material-ripple-desktop-1.0.0-alpha3.jar;D:\Android\Canary\.gradle\caches\modules-2\files-2.1\org.jetbrains.compose.foundation\foundation-desktop\1.0.0-alpha3\29c590b69d13ec16352497848d1bf05da1de062e\foundation-desktop-1.0.0-alpha3.jar;D:\Android\Canary\.gradle\caches\modules-2\files-2.1\org.jetbrains.compose.animation\animation-desktop\1.0.0-alpha3\eeff15e8d42d2fab8e6fb4eb0356ae397070aa49\animation-desktop-1.0.0-alpha3.jar;D:\Android\Canary\.gradle\caches\modules-2\files-2.1\org.jetbrains.compose.foundation\foundation-layout-desktop\1.0.0-alpha3\878f19bd721b99f677e959d96595573f8198eb1c\foundation-layout-desktop-1.0.0-alpha3.jar;D:\Android\Canary\.gradle\caches\modules-2\files-2.1\org.jetbrains.compose.animation\animation-core-desktop\1.0.0-alpha3\ec648418e6980b80f376f2b0455d5e2ba74f0445\animation-core-desktop-1.0.0-alpha3.jar;D:\Android\Canary\.gradle\caches\modules-2\files-2.1\org.jetbrains.compose.material\material-icons-core-desktop\1.0.0-alpha3\3e869bc14a82c27647e3719579d6acb517d2fc2a\material-icons-core-desktop-
Launcher Type: SUN_STANDARD

[Global flags]
     intx CICompilerCount                          = 4                                         {product} {ergonomic}
     uint ConcGCThreads                            = 2                                         {product} {ergonomic}
     uint G1ConcRefinementThreads                  = 8                                         {product} {ergonomic}
   size_t G1HeapRegionSize                         = 2097152                                   {product} {ergonomic}
    uintx GCDrainStackTargetSize                   = 64                                        {product} {ergonomic}
   size_t InitialHeapSize                          = 266338304                                 {product} {ergonomic}
   size_t MarkStackSize                            = 4194304                                   {product} {ergonomic}
   size_t MaxHeapSize                              = 4255121408                                {product} {ergonomic}
   size_t MaxNewSize                               = 2552233984                                {product} {ergonomic}
   size_t MinHeapDeltaBytes                        = 2097152                                   {product} {ergonomic}
   size_t MinHeapSize                              = 8388608                                   {product} {ergonomic}
    uintx NonNMethodCodeHeapSize                   = 5839372                                {pd product} {ergonomic}
    uintx NonProfiledCodeHeapSize                  = 122909434                              {pd product} {ergonomic}
    uintx ProfiledCodeHeapSize                     = 122909434                              {pd product} {ergonomic}
    uintx ReservedCodeCacheSize                    = 251658240                              {pd product} {ergonomic}
     bool SegmentedCodeCache                       = true                                      {product} {ergonomic}
   size_t SoftMaxHeapSize                          = 4255121408                             {manageable} {ergonomic}
     bool UseCompressedClassPointers               = true                           {product lp64_product} {ergonomic}
     bool UseCompressedOops                        = true                           {product lp64_product} {ergonomic}
     bool UseG1GC                                  = true                                      {product} {ergonomic}
     bool UseLargePagesIndividualAllocation        = false                                  {pd product} {ergonomic}

Logging:
Log output configuration:
 #0: stdout all=warning uptime,level,tags
 #1: stderr all=off uptime,level,tags

Environment Variables:
JAVA_HOME=D:\Program Files\Nvidia Codeworks\jdk1.8.0_77
PATH=d:\Users\JetBeans\jdk\bin;d:\program files (x86)\vmware\vmware player\bin\;c:\program files (x86)\common files\oracle\java\javapath;c:\program files (x86)\intel\intel(r) management engine components\icls\;c:\program files\intel\intel(r) management engine components\icls\;c:\windows\system32;c:\windows;c:\windows\system32\wbem;c:\windows\system32\windowspowershell\v1.0\;c:\windows\system32\openssh\;c:\program files (x86)\intel\intel(r) management engine components\dal;c:\program files\intel\intel(r) management engine components\dal;c:\program files (x86)\intel\intel(r) management engine components\ipt;c:\program files\intel\intel(r) management engine components\ipt;c:\program files\nvidia corporation\nvidia nvdlisr;d:\tdm_gcc compiler\bin;d:\program files\nodejs\;d:\program files\git\cmd;c:\programdata\chocolatey\bin;d:\program files\jetbrains\intellij idea community edition 2020.1.3\plugins\kotlin\kotlinc\bin;d:\program files\git\bin;d:\program files\kotlinc\bin;d:\program files (x86)\yarn\bin\;c:\users\sunny\appdata\local\programs\py;D:\Program Files\Git\cmd;D:\Program Files\Git LFS;d:\program files (x86)\vmware\vmware player\bin\;c:\program files (x86)\common files\oracle\java\javapath;c:\program files (x86)\intel\intel(r) management engine components\icls\;c:\program files\intel\intel(r) management engine components\icls\;c:\windows\system32;c:\windows;c:\windows\system32\wbem;c:\windows\system32\windowspowershell\v1.0\;c:\windows\system32\openssh\;c:\program files (x86)\intel\intel(r) management engine components\dal;c:\program files\intel\intel(r) management engine components\dal;c:\program files (x86)\intel\intel(r) management engine components\ipt;c:\program files\intel\intel(r) management engine components\ipt;c:\program files\nvidia corporation\nvidia nvdlisr;d:\tdm_gcc compiler\bin;d:\program files\nodejs\;d:\program files\git\cmd;c:\programdata\chocolatey\bin;d:\program files\jetbrains\intellij idea community edition 2020.1.3\plugins\kotlin\kotlinc\bin;
USERNAME=Sunny
OS=Windows_NT
PROCESSOR_IDENTIFIER=Intel64 Family 6 Model 158 Stepping 10, GenuineIntel



---------------  S Y S T E M  ---------------

OS:
 Windows 10 , 64 bit Build 17134 (10.0.17134.753)
OS uptime: 0 days 2:57 hours

CPU: total 8 (initial active 8) (4 cores per cpu, 2 threads per core) family 6 model 158 stepping 10 microcode 0x96, cx8, cmov, fxsr, ht, mmx, 3dnowpref, sse, sse2, sse3, ssse3, sse4.1, sse4.2, popcnt, lzcnt, tsc, tscinvbit, avx, avx2, aes, erms, clmul, bmi1, bmi2, adx, fma, vzeroupper, clflush, clflushopt

Memory: 4k page, system-wide physical 16224M (6781M free)
TotalPageFile size 23904M (AvailPageFile size 11536M)
current process WorkingSet (physical memory assigned to process): 117M, peak: 117M
current process commit charge ("private bytes"): 406M, peak: 406M

vm_info: OpenJDK 64-Bit Server VM (16.0.1+9-24) for windows-amd64 JRE (16.0.1+9-24), built on Mar 26 2021 19:30:07 by "mach5one" with MS VC++ 16.7 (VS2019)

END.
