#
# A fatal error has been detected by the Java Runtime Environment:
#
#  EXCEPTION_UNCAUGHT_CXX_EXCEPTION (0xe06d7363) at pc=0x00007ffa2d0da388, pid=7968, tid=14332
#
# JRE version: OpenJDK Runtime Environment (16.0.1+9) (build 16.0.1+9-24)
# Java VM: OpenJDK 64-Bit Server VM (16.0.1+9-24, mixed mode, sharing, tiered, compressed oops, compressed class ptrs, g1 gc, windows-amd64)
# Problematic frame:
# C  [KERNELBASE.dll+0x3a388]
#
# No core dump will be written. Minidumps are not enabled by default on client versions of Windows
#
# If you would like to submit a bug report, please visit:
#   https://bugreport.java.com/bugreport/crash.jsp
# The crash happened outside the Java Virtual Machine in native code.
# See problematic frame for where to report the bug.
#

---------------  S U M M A R Y ------------

Command Line: -Dcompose.application.configure.swing.globals=true -Dcompose.application.resources.dir=D:\Work\Excel\NQueen\build\compose\tmp\main\resources -javaagent:D:\Android\Canary\.gradle\caches\modules-2\files-2.1\org.jetbrains.kotlinx\kotlinx-coroutines-core-jvm\1.5.0\d8cebccdcddd029022aa8646a5a953ff88b13ac8\kotlinx-coroutines-core-jvm-1.5.0.jar -Dfile.encoding=windows-1252 -Duser.country=US -Duser.language=en -Duser.variant -ea MainKt

Host: Intel(R) Core(TM) i5-8300H CPU @ 2.30GHz, 8 cores, 15G,  Windows 10 , 64 bit Build 17134 (10.0.17134.753)
Time: Thu Sep  9 01:39:36 2021 India Standard Time elapsed time: 4.596989 seconds (0d 0h 0m 4s)

---------------  T H R E A D  ---------------

Current thread (0x00000201e07f4b00):  JavaThread "DefaultDispatcher-worker-1 @coroutine#12" daemon [_thread_in_native, id=14332, stack(0x0000002991400000,0x0000002991500000)]

Stack: [0x0000002991400000,0x0000002991500000],  sp=0x00000029914fec60,  free space=1019k
Native frames: (J=compiled Java code, j=interpreted, Vv=VM code, C=native code)
C  [KERNELBASE.dll+0x3a388]
C  [skiko-windows-x64.dll+0xb271dc]

Java frames: (J=compiled Java code, j=interpreted, Vv=VM code)
j  org.jetbrains.skiko.redrawer.Direct3DRedrawer.finishFrame(JJJZ)V+0
j  org.jetbrains.skiko.redrawer.Direct3DRedrawer.finishFrame(JJJ)V+12
j  org.jetbrains.skiko.context.Direct3DContextHandler.flush()V+41
j  org.jetbrains.skiko.SkiaLayer.draw$skiko()V+142
j  org.jetbrains.skiko.redrawer.Direct3DRedrawer$draw$2.invokeSuspend(Ljava/lang/Object;)Ljava/lang/Object;+68
J 3427 c2 kotlin.coroutines.jvm.internal.BaseContinuationImpl.resumeWith(Ljava/lang/Object;)V (142 bytes) @ 0x00000201cba31a60 [0x00000201cba319e0+0x0000000000000080]
J 1810 c1 kotlinx.coroutines.DispatchedTask.run()V (658 bytes) @ 0x00000201c467c104 [0x00000201c467ac40+0x00000000000014c4]
j  kotlinx.coroutines.scheduling.CoroutineScheduler.runSafely(Lkotlinx/coroutines/scheduling/Task;)V+2
j  kotlinx.coroutines.scheduling.CoroutineScheduler$Worker.executeTask(Lkotlinx/coroutines/scheduling/Task;)V+30
j  kotlinx.coroutines.scheduling.CoroutineScheduler$Worker.runWorker()V+44
j  kotlinx.coroutines.scheduling.CoroutineScheduler$Worker.run()V+1
v  ~StubRoutines::call_stub

siginfo: EXCEPTION_UNCAUGHT_CXX_EXCEPTION (0xe06d7363), ExceptionInformation=0x0000000019930520 0x00000029914fedc0 0x00007ff9cf426138 0x00007ff9ce600000 


Register to memory mapping:

RIP=0x00007ffa2d0da388 KERNELBASE.dll
RAX=0x0 is NULL
RBX=0x00007ff9cf426138 skiko-windows-x64.dll
RCX=0x0 is NULL
RDX=0x0 is NULL
RSP=0x00000029914fec60 is pointing into the stack for thread: 0x00000201e07f4b00
RBP=0x0 is NULL
RSI=0x00000029914fedc0 is pointing into the stack for thread: 0x00000201e07f4b00
RDI=0x0000000019930520 is an unknown value
R8 =0x0 is NULL
R9 =0x00008004011f0bc4 is an unknown value
R10=0x0000000000000007 is an unknown value
R11=0x00007ffa00000000 is an unknown value
R12=0x0 is NULL
R13={method} {0x00000201e2b12860} 'finishFrame' '(JJJZ)V' in 'org/jetbrains/skiko/redrawer/Direct3DRedrawer'
R14=0x00000029914fef10 is pointing into the stack for thread: 0x00000201e07f4b00
R15=0x00000201e07f4b00 is a thread


Registers:
RAX=0x0000000000000000, RBX=0x00007ff9cf426138, RCX=0x0000000000000000, RDX=0x0000000000000000
RSP=0x00000029914fec60, RBP=0x0000000000000000, RSI=0x00000029914fedc0, RDI=0x0000000019930520
R8 =0x0000000000000000, R9 =0x00008004011f0bc4, R10=0x0000000000000007, R11=0x00007ffa00000000
R12=0x0000000000000000, R13=0x00000201e2b12858, R14=0x00000029914fef10, R15=0x00000201e07f4b00
RIP=0x00007ffa2d0da388, EFLAGS=0x0000000000000202

Top of Stack: (sp=0x00000029914fec60)
0x00000029914fec60:   0000000000000000 00007ff9cf426138
0x00000029914fec70:   00000029914fedc0 0000000019930520
0x00000029914fec80:   00000001e06d7363 0000000000000000
0x00000029914fec90:   00007ffa2d0da388 0000000000000004
0x00000029914feca0:   0000000019930520 00000029914fedc0
0x00000029914fecb0:   00007ff9cf426138 00007ff9ce600000
0x00000029914fecc0:   00000029914fef10 0000000000000000
0x00000029914fecd0:   0000000019930520 00000029914fedc0
0x00000029914fece0:   0000000000000000 00007ffa30430f6f
0x00000029914fecf0:   00000029914fed60 0000000000000000
0x00000029914fed00:   00000201e34e7560 0000000000000004
0x00000029914fed10:   00007ff9cf456000 00007ff9ce600000
0x00000029914fed20:   0000539e86c20abe 00007ff9ce9568a6
0x00000029914fed30:   00007ff9cf426138 00007ff9cf1271dc
0x00000029914fed40:   0000af1255ae35bc 0000000000000000
0x00000029914fed50:   00000029914fef10 00007ffa2b4b5075 

Instructions: (pc=0x00007ffa2d0da388)
0x00007ffa2d0da288:   8b 4d 48 48 8d 45 38 44 8b c7 48 89 44 24 20 33
0x00007ffa2d0da298:   d2 e8 c2 29 fe ff 8b f0 85 c0 78 4f 48 8b 4d 38
0x00007ffa2d0da2a8:   33 c0 f0 48 0f b1 0d 85 3e 20 00 48 f7 d8 48 8b
0x00007ffa2d0da2b8:   05 7b 3e 20 00 48 1b ff 48 89 03 48 23 7d 38 48
0x00007ffa2d0da2c8:   8b 4d 40 48 85 c9 0f 85 3a 6c 05 00 48 8b 4d 48
0x00007ffa2d0da2d8:   48 85 c9 74 06 ff 15 f5 83 14 00 48 85 ff 0f 85
0x00007ffa2d0da2e8:   4e 6c 05 00 8b c6 e9 3a ff ff ff 48 8b 7d 38 eb
0x00007ffa2d0da2f8:   ce cc cc cc cc cc cc cc 65 48 8b 04 25 30 00 00
0x00007ffa2d0da308:   00 8b 40 68 c3 cc cc cc cc cc cc cc cc cc cc cc
0x00007ffa2d0da318:   cc cc cc cc cc cc cc cc 48 81 ec d8 00 00 00 48
0x00007ffa2d0da328:   8b 05 82 2d 20 00 48 33 c4 48 89 84 24 c0 00 00
0x00007ffa2d0da338:   00 48 83 64 24 28 00 48 8d 05 da ff ff ff 83 e2
0x00007ffa2d0da348:   01 89 4c 24 20 89 54 24 24 48 89 44 24 30 4d 85
0x00007ffa2d0da358:   c9 74 45 b8 0f 00 00 00 48 8d 4c 24 40 44 3b c0
0x00007ffa2d0da368:   49 8b d1 44 0f 47 c0 44 89 44 24 38 49 c1 e0 03
0x00007ffa2d0da378:   e8 0a 47 04 00 48 8d 4c 24 20 ff 15 f0 82 14 00
0x00007ffa2d0da388:   48 8b 8c 24 c0 00 00 00 48 33 cc e8 58 06 04 00
0x00007ffa2d0da398:   48 81 c4 d8 00 00 00 c3 83 64 24 38 00 eb d6 cc
0x00007ffa2d0da3a8:   cc cc cc cc cc cc cc cc 48 89 5c 24 10 55 56 57
0x00007ffa2d0da3b8:   48 81 ec b0 04 00 00 48 8b 05 ea 2c 20 00 48 33
0x00007ffa2d0da3c8:   c4 48 89 84 24 a0 04 00 00 48 8b da 4c 89 44 24
0x00007ffa2d0da3d8:   50 48 8b e9 4c 8d 05 9d d0 14 00 33 f6 48 8d 8c
0x00007ffa2d0da3e8:   24 a0 00 00 00 bf 00 02 00 00 48 89 74 24 38 8b
0x00007ffa2d0da3f8:   d7 48 89 74 24 30 e8 5d e1 ff ff 85 c0 0f 88 3d
0x00007ffa2d0da408:   01 00 00 48 85 db 0f 84 87 00 00 00 8b cf 48 8d
0x00007ffa2d0da418:   84 24 a0 00 00 00 66 90 66 39 30 74 0f 48 83 c0
0x00007ffa2d0da428:   02 48 83 e9 01 75 f1 e9 25 6b 05 00 48 85 c9 0f
0x00007ffa2d0da438:   84 1c 6b 05 00 48 2b f9 48 8d 84 24 a0 00 00 00
0x00007ffa2d0da448:   44 8b ce 48 8d 04 78 48 85 c9 0f 84 f2 6a 05 00
0x00007ffa2d0da458:   ba fe ff ff 7f 48 2b d8 48 85 d2 74 21 44 0f b7
0x00007ffa2d0da468:   04 03 66 45 85 c0 74 16 66 44 89 00 48 ff ca 48
0x00007ffa2d0da478:   83 c0 02 48 83 e9 01 75 df e9 c4 6a 05 00 48 85 


Stack slot to memory mapping:
stack at sp + 0 slots: 0x0 is NULL
stack at sp + 1 slots: 0x00007ff9cf426138 skiko-windows-x64.dll
stack at sp + 2 slots: 0x00000029914fedc0 is pointing into the stack for thread: 0x00000201e07f4b00
stack at sp + 3 slots: 0x0000000019930520 is an unknown value
stack at sp + 4 slots: 0x00000001e06d7363 is an unknown value
stack at sp + 5 slots: 0x0 is NULL
stack at sp + 6 slots: 0x00007ffa2d0da388 KERNELBASE.dll
stack at sp + 7 slots: 0x0000000000000004 is an unknown value


---------------  P R O C E S S  ---------------

Threads class SMR info:
_java_thread_list=0x00000201e3036010, length=22, elements={
0x00000201b5009d10, 0x00000201df24fd10, 0x00000201df2508e0, 0x00000201dfc022a0,
0x00000201dfc043d0, 0x00000201dfc06cf0, 0x00000201dfc07600, 0x00000201dfc08240,
0x00000201dfc10ba0, 0x00000201dfc15120, 0x00000201df234660, 0x00000201dffe58a0,
0x00000201dffe2730, 0x00000201e018ebe0, 0x00000201e018f4d0, 0x00000201e0151df0,
0x00000201e01b06e0, 0x00000201e0254140, 0x00000201e07f4b00, 0x00000201e07f4060,
0x00000201e07f5af0, 0x00000201f48adce0
}

Java Threads: ( => current thread )
  0x00000201b5009d10 JavaThread "main" [_thread_blocked, id=14948, stack(0x000000298f300000,0x000000298f400000)]
  0x00000201df24fd10 JavaThread "Reference Handler" daemon [_thread_blocked, id=17336, stack(0x000000298fa00000,0x000000298fb00000)]
  0x00000201df2508e0 JavaThread "Finalizer" daemon [_thread_blocked, id=8896, stack(0x000000298fb00000,0x000000298fc00000)]
  0x00000201dfc022a0 JavaThread "Signal Dispatcher" daemon [_thread_blocked, id=16420, stack(0x000000298fc00000,0x000000298fd00000)]
  0x00000201dfc043d0 JavaThread "Attach Listener" daemon [_thread_blocked, id=15664, stack(0x000000298fd00000,0x000000298fe00000)]
  0x00000201dfc06cf0 JavaThread "Service Thread" daemon [_thread_blocked, id=16176, stack(0x000000298fe00000,0x000000298ff00000)]
  0x00000201dfc07600 JavaThread "Monitor Deflation Thread" daemon [_thread_blocked, id=3976, stack(0x000000298ff00000,0x0000002990000000)]
  0x00000201dfc08240 JavaThread "C2 CompilerThread0" daemon [_thread_in_native, id=14996, stack(0x0000002990000000,0x0000002990100000)]
  0x00000201dfc10ba0 JavaThread "C1 CompilerThread0" daemon [_thread_blocked, id=16044, stack(0x0000002990100000,0x0000002990200000)]
  0x00000201dfc15120 JavaThread "Sweeper thread" daemon [_thread_blocked, id=16904, stack(0x0000002990200000,0x0000002990300000)]
  0x00000201df234660 JavaThread "Common-Cleaner" daemon [_thread_blocked, id=16080, stack(0x0000002990300000,0x0000002990400000)]
  0x00000201dffe58a0 JavaThread "Coroutines Debugger Cleaner" daemon [_thread_blocked, id=15564, stack(0x0000002990500000,0x0000002990600000)]
  0x00000201dffe2730 JavaThread "Notification Thread" daemon [_thread_blocked, id=1200, stack(0x0000002990600000,0x0000002990700000)]
  0x00000201e018ebe0 JavaThread "Java2D Disposer" daemon [_thread_blocked, id=14376, stack(0x0000002990800000,0x0000002990900000)]
  0x00000201e018f4d0 JavaThread "AWT-Shutdown" [_thread_blocked, id=10864, stack(0x0000002990900000,0x0000002990a00000)]
  0x00000201e0151df0 JavaThread "AWT-Windows" daemon [_thread_in_native, id=2496, stack(0x0000002990a00000,0x0000002990b00000)]
  0x00000201e01b06e0 JavaThread "Cleaner-0" daemon [_thread_blocked, id=1640, stack(0x0000002990b00000,0x0000002990c00000)]
  0x00000201e0254140 JavaThread "AWT-EventQueue-0 @coroutine#1177" [_thread_blocked, id=16168, stack(0x0000002990c00000,0x0000002990d00000)]
=>0x00000201e07f4b00 JavaThread "DefaultDispatcher-worker-1 @coroutine#12" daemon [_thread_in_native, id=14332, stack(0x0000002991400000,0x0000002991500000)]
  0x00000201e07f4060 JavaThread "DefaultDispatcher-worker-2" daemon [_thread_blocked, id=13124, stack(0x0000002991500000,0x0000002991600000)]
  0x00000201e07f5af0 JavaThread "DefaultDispatcher-worker-3 @coroutine#9" daemon [_thread_in_native, id=15984, stack(0x0000002991600000,0x0000002991700000)]
  0x00000201f48adce0 JavaThread "C2 CompilerThread1" daemon [_thread_in_native, id=8864, stack(0x0000002990400000,0x0000002990500000)]

Other Threads:
  0x00000201df24d2c0 VMThread "VM Thread" [stack: 0x000000298f900000,0x000000298fa00000] [id=9800]
  0x00000201dffd0e00 WatcherThread [stack: 0x0000002990700000,0x0000002990800000] [id=5420]
  0x00000201b5058d70 GCTaskThread "GC Thread#0" [stack: 0x000000298f400000,0x000000298f500000] [id=17116]
  0x00000201e02b7240 GCTaskThread "GC Thread#1" [stack: 0x0000002990d00000,0x0000002990e00000] [id=6504]
  0x00000201e062bef0 GCTaskThread "GC Thread#2" [stack: 0x0000002990e00000,0x0000002990f00000] [id=16584]
  0x00000201e062c200 GCTaskThread "GC Thread#3" [stack: 0x0000002990f00000,0x0000002991000000] [id=2744]
  0x00000201e03d57b0 GCTaskThread "GC Thread#4" [stack: 0x0000002991000000,0x0000002991100000] [id=2112]
  0x00000201e03d5ac0 GCTaskThread "GC Thread#5" [stack: 0x0000002991100000,0x0000002991200000] [id=7924]
  0x00000201e078a2c0 GCTaskThread "GC Thread#6" [stack: 0x0000002991200000,0x0000002991300000] [id=17276]
  0x00000201e078a5d0 GCTaskThread "GC Thread#7" [stack: 0x0000002991300000,0x0000002991400000] [id=16108]
  0x00000201b506aa60 ConcurrentGCThread "G1 Main Marker" [stack: 0x000000298f500000,0x000000298f600000] [id=3536]
  0x00000201b506b360 ConcurrentGCThread "G1 Conc#0" [stack: 0x000000298f600000,0x000000298f700000] [id=16436]
  0x00000201b50ce550 ConcurrentGCThread "G1 Refine#0" [stack: 0x000000298f700000,0x000000298f800000] [id=14228]
  0x00000201df101160 ConcurrentGCThread "G1 Service" [stack: 0x000000298f800000,0x000000298f900000] [id=13600]

Threads with active compile tasks:
C2 CompilerThread0     4726 3538   !   4       androidx.compose.runtime.snapshots.SnapshotStateObserver$applyObserver$1::invoke (671 bytes)
C2 CompilerThread1     4726 3540   !   4       kotlinx.coroutines.DispatchedTask::run (658 bytes)

VM state: not at safepoint (normal execution)

VM Mutex/Monitor currently owned by a thread: None

Heap address: 0x0000000702600000, size: 4058 MB, Compressed Oops mode: Zero based, Oop shift amount: 3

CDS archive(s) mapped at: [0x0000000800000000-0x0000000800bb0000-0x0000000800bb0000), size 12255232, SharedBaseAddress: 0x0000000800000000, ArchiveRelocationMode: 0.
Compressed class space mapped at: 0x0000000800c00000-0x0000000840c00000, reserved size: 1073741824
Narrow klass base: 0x0000000800000000, Narrow klass shift: 3, Narrow klass range: 0x100000000

GC Precious Log:
 CPUs: 8 total, 8 available
 Memory: 16224M
 Large Page Support: Disabled
 NUMA Support: Disabled
 Compressed Oops: Enabled (Zero based)
 Heap Region Size: 2M
 Heap Min Capacity: 8M
 Heap Initial Capacity: 254M
 Heap Max Capacity: 4058M
 Pre-touch: Disabled
 Parallel Workers: 8
 Concurrent Workers: 2
 Concurrent Refinement Workers: 8
 Periodic GC: Disabled

Heap:
 garbage-first heap   total 260096K, used 51055K [0x0000000702600000, 0x0000000800000000)
  region size 2048K, 24 young (49152K), 2 survivors (4096K)
 Metaspace       used 19621K, committed 19840K, reserved 1073152K
  class space    used 1990K, committed 2112K, reserved 1048576K

Heap Regions: E=young(eden), S=young(survivor), O=old, HS=humongous(starts), HC=humongous(continues), CS=collection set, F=free, OA=open archive, CA=closed archive, TAMS=top-at-mark-start (previous, next)
|   0|0x0000000702600000, 0x0000000702800000, 0x0000000702800000|100%| O|  |TAMS 0x0000000702600000, 0x0000000702600000| Untracked 
|   1|0x0000000702800000, 0x0000000702976a00, 0x0000000702a00000| 73%| O|  |TAMS 0x0000000702800000, 0x0000000702800000| Untracked 
|   2|0x0000000702a00000, 0x0000000702c00000, 0x0000000702c00000|100%|HS|  |TAMS 0x0000000702a00000, 0x0000000702a00000| Complete 
|   3|0x0000000702c00000, 0x0000000702c00000, 0x0000000702e00000|  0%| F|  |TAMS 0x0000000702c00000, 0x0000000702c00000| Untracked 
|   4|0x0000000702e00000, 0x0000000702e00000, 0x0000000703000000|  0%| F|  |TAMS 0x0000000702e00000, 0x0000000702e00000| Untracked 
|   5|0x0000000703000000, 0x0000000703000000, 0x0000000703200000|  0%| F|  |TAMS 0x0000000703000000, 0x0000000703000000| Untracked 
|   6|0x0000000703200000, 0x0000000703200000, 0x0000000703400000|  0%| F|  |TAMS 0x0000000703200000, 0x0000000703200000| Untracked 
|   7|0x0000000703400000, 0x0000000703400000, 0x0000000703600000|  0%| F|  |TAMS 0x0000000703400000, 0x0000000703400000| Untracked 
|   8|0x0000000703600000, 0x0000000703600000, 0x0000000703800000|  0%| F|  |TAMS 0x0000000703600000, 0x0000000703600000| Untracked 
|   9|0x0000000703800000, 0x0000000703800000, 0x0000000703a00000|  0%| F|  |TAMS 0x0000000703800000, 0x0000000703800000| Untracked 
|  10|0x0000000703a00000, 0x0000000703a00000, 0x0000000703c00000|  0%| F|  |TAMS 0x0000000703a00000, 0x0000000703a00000| Untracked 
|  11|0x0000000703c00000, 0x0000000703c00000, 0x0000000703e00000|  0%| F|  |TAMS 0x0000000703c00000, 0x0000000703c00000| Untracked 
|  12|0x0000000703e00000, 0x0000000703e00000, 0x0000000704000000|  0%| F|  |TAMS 0x0000000703e00000, 0x0000000703e00000| Untracked 
|  13|0x0000000704000000, 0x0000000704000000, 0x0000000704200000|  0%| F|  |TAMS 0x0000000704000000, 0x0000000704000000| Untracked 
|  14|0x0000000704200000, 0x0000000704200000, 0x0000000704400000|  0%| F|  |TAMS 0x0000000704200000, 0x0000000704200000| Untracked 
|  15|0x0000000704400000, 0x0000000704400000, 0x0000000704600000|  0%| F|  |TAMS 0x0000000704400000, 0x0000000704400000| Untracked 
|  16|0x0000000704600000, 0x0000000704600000, 0x0000000704800000|  0%| F|  |TAMS 0x0000000704600000, 0x0000000704600000| Untracked 
|  17|0x0000000704800000, 0x0000000704800000, 0x0000000704a00000|  0%| F|  |TAMS 0x0000000704800000, 0x0000000704800000| Untracked 
|  18|0x0000000704a00000, 0x0000000704a00000, 0x0000000704c00000|  0%| F|  |TAMS 0x0000000704a00000, 0x0000000704a00000| Untracked 
|  19|0x0000000704c00000, 0x0000000704c00000, 0x0000000704e00000|  0%| F|  |TAMS 0x0000000704c00000, 0x0000000704c00000| Untracked 
|  20|0x0000000704e00000, 0x0000000704e00000, 0x0000000705000000|  0%| F|  |TAMS 0x0000000704e00000, 0x0000000704e00000| Untracked 
|  21|0x0000000705000000, 0x0000000705000000, 0x0000000705200000|  0%| F|  |TAMS 0x0000000705000000, 0x0000000705000000| Untracked 
|  22|0x0000000705200000, 0x0000000705200000, 0x0000000705400000|  0%| F|  |TAMS 0x0000000705200000, 0x0000000705200000| Untracked 
|  23|0x0000000705400000, 0x0000000705400000, 0x0000000705600000|  0%| F|  |TAMS 0x0000000705400000, 0x0000000705400000| Untracked 
|  24|0x0000000705600000, 0x0000000705600000, 0x0000000705800000|  0%| F|  |TAMS 0x0000000705600000, 0x0000000705600000| Untracked 
|  25|0x0000000705800000, 0x0000000705800000, 0x0000000705a00000|  0%| F|  |TAMS 0x0000000705800000, 0x0000000705800000| Untracked 
|  26|0x0000000705a00000, 0x0000000705a00000, 0x0000000705c00000|  0%| F|  |TAMS 0x0000000705a00000, 0x0000000705a00000| Untracked 
|  27|0x0000000705c00000, 0x0000000705c00000, 0x0000000705e00000|  0%| F|  |TAMS 0x0000000705c00000, 0x0000000705c00000| Untracked 
|  28|0x0000000705e00000, 0x0000000705e00000, 0x0000000706000000|  0%| F|  |TAMS 0x0000000705e00000, 0x0000000705e00000| Untracked 
|  29|0x0000000706000000, 0x0000000706000000, 0x0000000706200000|  0%| F|  |TAMS 0x0000000706000000, 0x0000000706000000| Untracked 
|  30|0x0000000706200000, 0x0000000706200000, 0x0000000706400000|  0%| F|  |TAMS 0x0000000706200000, 0x0000000706200000| Untracked 
|  31|0x0000000706400000, 0x0000000706400000, 0x0000000706600000|  0%| F|  |TAMS 0x0000000706400000, 0x0000000706400000| Untracked 
|  32|0x0000000706600000, 0x0000000706600000, 0x0000000706800000|  0%| F|  |TAMS 0x0000000706600000, 0x0000000706600000| Untracked 
|  33|0x0000000706800000, 0x0000000706800000, 0x0000000706a00000|  0%| F|  |TAMS 0x0000000706800000, 0x0000000706800000| Untracked 
|  34|0x0000000706a00000, 0x0000000706a00000, 0x0000000706c00000|  0%| F|  |TAMS 0x0000000706a00000, 0x0000000706a00000| Untracked 
|  35|0x0000000706c00000, 0x0000000706c00000, 0x0000000706e00000|  0%| F|  |TAMS 0x0000000706c00000, 0x0000000706c00000| Untracked 
|  36|0x0000000706e00000, 0x0000000706e00000, 0x0000000707000000|  0%| F|  |TAMS 0x0000000706e00000, 0x0000000706e00000| Untracked 
|  37|0x0000000707000000, 0x0000000707000000, 0x0000000707200000|  0%| F|  |TAMS 0x0000000707000000, 0x0000000707000000| Untracked 
|  38|0x0000000707200000, 0x0000000707200000, 0x0000000707400000|  0%| F|  |TAMS 0x0000000707200000, 0x0000000707200000| Untracked 
|  39|0x0000000707400000, 0x0000000707400000, 0x0000000707600000|  0%| F|  |TAMS 0x0000000707400000, 0x0000000707400000| Untracked 
|  40|0x0000000707600000, 0x0000000707600000, 0x0000000707800000|  0%| F|  |TAMS 0x0000000707600000, 0x0000000707600000| Untracked 
|  41|0x0000000707800000, 0x0000000707800000, 0x0000000707a00000|  0%| F|  |TAMS 0x0000000707800000, 0x0000000707800000| Untracked 
|  42|0x0000000707a00000, 0x0000000707a00000, 0x0000000707c00000|  0%| F|  |TAMS 0x0000000707a00000, 0x0000000707a00000| Untracked 
|  43|0x0000000707c00000, 0x0000000707c00000, 0x0000000707e00000|  0%| F|  |TAMS 0x0000000707c00000, 0x0000000707c00000| Untracked 
|  44|0x0000000707e00000, 0x0000000707e00000, 0x0000000708000000|  0%| F|  |TAMS 0x0000000707e00000, 0x0000000707e00000| Untracked 
|  45|0x0000000708000000, 0x0000000708000000, 0x0000000708200000|  0%| F|  |TAMS 0x0000000708000000, 0x0000000708000000| Untracked 
|  46|0x0000000708200000, 0x0000000708200000, 0x0000000708400000|  0%| F|  |TAMS 0x0000000708200000, 0x0000000708200000| Untracked 
|  47|0x0000000708400000, 0x0000000708400000, 0x0000000708600000|  0%| F|  |TAMS 0x0000000708400000, 0x0000000708400000| Untracked 
|  48|0x0000000708600000, 0x0000000708600000, 0x0000000708800000|  0%| F|  |TAMS 0x0000000708600000, 0x0000000708600000| Untracked 
|  49|0x0000000708800000, 0x0000000708800000, 0x0000000708a00000|  0%| F|  |TAMS 0x0000000708800000, 0x0000000708800000| Untracked 
|  50|0x0000000708a00000, 0x0000000708a00000, 0x0000000708c00000|  0%| F|  |TAMS 0x0000000708a00000, 0x0000000708a00000| Untracked 
|  51|0x0000000708c00000, 0x0000000708c00000, 0x0000000708e00000|  0%| F|  |TAMS 0x0000000708c00000, 0x0000000708c00000| Untracked 
|  52|0x0000000708e00000, 0x0000000708e00000, 0x0000000709000000|  0%| F|  |TAMS 0x0000000708e00000, 0x0000000708e00000| Untracked 
|  53|0x0000000709000000, 0x0000000709000000, 0x0000000709200000|  0%| F|  |TAMS 0x0000000709000000, 0x0000000709000000| Untracked 
|  54|0x0000000709200000, 0x0000000709200000, 0x0000000709400000|  0%| F|  |TAMS 0x0000000709200000, 0x0000000709200000| Untracked 
|  55|0x0000000709400000, 0x0000000709400000, 0x0000000709600000|  0%| F|  |TAMS 0x0000000709400000, 0x0000000709400000| Untracked 
|  56|0x0000000709600000, 0x0000000709600000, 0x0000000709800000|  0%| F|  |TAMS 0x0000000709600000, 0x0000000709600000| Untracked 
|  57|0x0000000709800000, 0x0000000709800000, 0x0000000709a00000|  0%| F|  |TAMS 0x0000000709800000, 0x0000000709800000| Untracked 
|  58|0x0000000709a00000, 0x0000000709a00000, 0x0000000709c00000|  0%| F|  |TAMS 0x0000000709a00000, 0x0000000709a00000| Untracked 
|  59|0x0000000709c00000, 0x0000000709c00000, 0x0000000709e00000|  0%| F|  |TAMS 0x0000000709c00000, 0x0000000709c00000| Untracked 
|  60|0x0000000709e00000, 0x0000000709e00000, 0x000000070a000000|  0%| F|  |TAMS 0x0000000709e00000, 0x0000000709e00000| Untracked 
|  61|0x000000070a000000, 0x000000070a000000, 0x000000070a200000|  0%| F|  |TAMS 0x000000070a000000, 0x000000070a000000| Untracked 
|  62|0x000000070a200000, 0x000000070a200000, 0x000000070a400000|  0%| F|  |TAMS 0x000000070a200000, 0x000000070a200000| Untracked 
|  63|0x000000070a400000, 0x000000070a400000, 0x000000070a600000|  0%| F|  |TAMS 0x000000070a400000, 0x000000070a400000| Untracked 
|  64|0x000000070a600000, 0x000000070a600000, 0x000000070a800000|  0%| F|  |TAMS 0x000000070a600000, 0x000000070a600000| Untracked 
|  65|0x000000070a800000, 0x000000070a800000, 0x000000070aa00000|  0%| F|  |TAMS 0x000000070a800000, 0x000000070a800000| Untracked 
|  66|0x000000070aa00000, 0x000000070aa00000, 0x000000070ac00000|  0%| F|  |TAMS 0x000000070aa00000, 0x000000070aa00000| Untracked 
|  67|0x000000070ac00000, 0x000000070ac00000, 0x000000070ae00000|  0%| F|  |TAMS 0x000000070ac00000, 0x000000070ac00000| Untracked 
|  68|0x000000070ae00000, 0x000000070ae00000, 0x000000070b000000|  0%| F|  |TAMS 0x000000070ae00000, 0x000000070ae00000| Untracked 
|  69|0x000000070b000000, 0x000000070b000000, 0x000000070b200000|  0%| F|  |TAMS 0x000000070b000000, 0x000000070b000000| Untracked 
|  70|0x000000070b200000, 0x000000070b200000, 0x000000070b400000|  0%| F|  |TAMS 0x000000070b200000, 0x000000070b200000| Untracked 
|  71|0x000000070b400000, 0x000000070b400000, 0x000000070b600000|  0%| F|  |TAMS 0x000000070b400000, 0x000000070b400000| Untracked 
|  72|0x000000070b600000, 0x000000070b600000, 0x000000070b800000|  0%| F|  |TAMS 0x000000070b600000, 0x000000070b600000| Untracked 
|  73|0x000000070b800000, 0x000000070b800000, 0x000000070ba00000|  0%| F|  |TAMS 0x000000070b800000, 0x000000070b800000| Untracked 
|  74|0x000000070ba00000, 0x000000070ba00000, 0x000000070bc00000|  0%| F|  |TAMS 0x000000070ba00000, 0x000000070ba00000| Untracked 
|  75|0x000000070bc00000, 0x000000070bc00000, 0x000000070be00000|  0%| F|  |TAMS 0x000000070bc00000, 0x000000070bc00000| Untracked 
|  76|0x000000070be00000, 0x000000070be00000, 0x000000070c000000|  0%| F|  |TAMS 0x000000070be00000, 0x000000070be00000| Untracked 
|  77|0x000000070c000000, 0x000000070c000000, 0x000000070c200000|  0%| F|  |TAMS 0x000000070c000000, 0x000000070c000000| Untracked 
|  78|0x000000070c200000, 0x000000070c200000, 0x000000070c400000|  0%| F|  |TAMS 0x000000070c200000, 0x000000070c200000| Untracked 
|  79|0x000000070c400000, 0x000000070c400000, 0x000000070c600000|  0%| F|  |TAMS 0x000000070c400000, 0x000000070c400000| Untracked 
|  80|0x000000070c600000, 0x000000070c600000, 0x000000070c800000|  0%| F|  |TAMS 0x000000070c600000, 0x000000070c600000| Untracked 
|  81|0x000000070c800000, 0x000000070c800000, 0x000000070ca00000|  0%| F|  |TAMS 0x000000070c800000, 0x000000070c800000| Untracked 
|  82|0x000000070ca00000, 0x000000070ca00000, 0x000000070cc00000|  0%| F|  |TAMS 0x000000070ca00000, 0x000000070ca00000| Untracked 
|  83|0x000000070cc00000, 0x000000070cc00000, 0x000000070ce00000|  0%| F|  |TAMS 0x000000070cc00000, 0x000000070cc00000| Untracked 
|  84|0x000000070ce00000, 0x000000070ce00000, 0x000000070d000000|  0%| F|  |TAMS 0x000000070ce00000, 0x000000070ce00000| Untracked 
|  85|0x000000070d000000, 0x000000070d000000, 0x000000070d200000|  0%| F|  |TAMS 0x000000070d000000, 0x000000070d000000| Untracked 
|  86|0x000000070d200000, 0x000000070d200000, 0x000000070d400000|  0%| F|  |TAMS 0x000000070d200000, 0x000000070d200000| Untracked 
|  87|0x000000070d400000, 0x000000070d400000, 0x000000070d600000|  0%| F|  |TAMS 0x000000070d400000, 0x000000070d400000| Untracked 
|  88|0x000000070d600000, 0x000000070d600000, 0x000000070d800000|  0%| F|  |TAMS 0x000000070d600000, 0x000000070d600000| Untracked 
|  89|0x000000070d800000, 0x000000070d800000, 0x000000070da00000|  0%| F|  |TAMS 0x000000070d800000, 0x000000070d800000| Untracked 
|  90|0x000000070da00000, 0x000000070da00000, 0x000000070dc00000|  0%| F|  |TAMS 0x000000070da00000, 0x000000070da00000| Untracked 
|  91|0x000000070dc00000, 0x000000070dc00000, 0x000000070de00000|  0%| F|  |TAMS 0x000000070dc00000, 0x000000070dc00000| Untracked 
|  92|0x000000070de00000, 0x000000070de00000, 0x000000070e000000|  0%| F|  |TAMS 0x000000070de00000, 0x000000070de00000| Untracked 
|  93|0x000000070e000000, 0x000000070e000000, 0x000000070e200000|  0%| F|  |TAMS 0x000000070e000000, 0x000000070e000000| Untracked 
|  94|0x000000070e200000, 0x000000070e200000, 0x000000070e400000|  0%| F|  |TAMS 0x000000070e200000, 0x000000070e200000| Untracked 
|  95|0x000000070e400000, 0x000000070e400000, 0x000000070e600000|  0%| F|  |TAMS 0x000000070e400000, 0x000000070e400000| Untracked 
|  96|0x000000070e600000, 0x000000070e600000, 0x000000070e800000|  0%| F|  |TAMS 0x000000070e600000, 0x000000070e600000| Untracked 
|  97|0x000000070e800000, 0x000000070e800000, 0x000000070ea00000|  0%| F|  |TAMS 0x000000070e800000, 0x000000070e800000| Untracked 
|  98|0x000000070ea00000, 0x000000070ea00000, 0x000000070ec00000|  0%| F|  |TAMS 0x000000070ea00000, 0x000000070ea00000| Untracked 
|  99|0x000000070ec00000, 0x000000070ec00000, 0x000000070ee00000|  0%| F|  |TAMS 0x000000070ec00000, 0x000000070ec00000| Untracked 
| 100|0x000000070ee00000, 0x000000070ee00000, 0x000000070f000000|  0%| F|  |TAMS 0x000000070ee00000, 0x000000070ee00000| Untracked 
| 101|0x000000070f000000, 0x000000070f000000, 0x000000070f200000|  0%| F|  |TAMS 0x000000070f000000, 0x000000070f000000| Untracked 
| 102|0x000000070f200000, 0x000000070f200000, 0x000000070f400000|  0%| F|  |TAMS 0x000000070f200000, 0x000000070f200000| Untracked 
| 103|0x000000070f400000, 0x000000070f500800, 0x000000070f600000| 50%| E|  |TAMS 0x000000070f400000, 0x000000070f400000| Complete 
| 104|0x000000070f600000, 0x000000070f800000, 0x000000070f800000|100%| E|CS|TAMS 0x000000070f600000, 0x000000070f600000| Complete 
| 105|0x000000070f800000, 0x000000070fa00000, 0x000000070fa00000|100%| E|CS|TAMS 0x000000070f800000, 0x000000070f800000| Complete 
| 106|0x000000070fa00000, 0x000000070fc00000, 0x000000070fc00000|100%| E|CS|TAMS 0x000000070fa00000, 0x000000070fa00000| Complete 
| 107|0x000000070fc00000, 0x000000070fc655e0, 0x000000070fe00000| 19%| S|CS|TAMS 0x000000070fc00000, 0x000000070fc00000| Complete 
| 108|0x000000070fe00000, 0x0000000710000000, 0x0000000710000000|100%| S|CS|TAMS 0x000000070fe00000, 0x000000070fe00000| Complete 
| 109|0x0000000710000000, 0x0000000710200000, 0x0000000710200000|100%| E|CS|TAMS 0x0000000710000000, 0x0000000710000000| Complete 
| 110|0x0000000710200000, 0x0000000710400000, 0x0000000710400000|100%| E|CS|TAMS 0x0000000710200000, 0x0000000710200000| Complete 
| 111|0x0000000710400000, 0x0000000710600000, 0x0000000710600000|100%| E|CS|TAMS 0x0000000710400000, 0x0000000710400000| Complete 
| 112|0x0000000710600000, 0x0000000710800000, 0x0000000710800000|100%| E|CS|TAMS 0x0000000710600000, 0x0000000710600000| Complete 
| 113|0x0000000710800000, 0x0000000710a00000, 0x0000000710a00000|100%| E|CS|TAMS 0x0000000710800000, 0x0000000710800000| Complete 
| 114|0x0000000710a00000, 0x0000000710c00000, 0x0000000710c00000|100%| E|CS|TAMS 0x0000000710a00000, 0x0000000710a00000| Complete 
| 115|0x0000000710c00000, 0x0000000710e00000, 0x0000000710e00000|100%| E|CS|TAMS 0x0000000710c00000, 0x0000000710c00000| Complete 
| 116|0x0000000710e00000, 0x0000000711000000, 0x0000000711000000|100%| E|CS|TAMS 0x0000000710e00000, 0x0000000710e00000| Complete 
| 117|0x0000000711000000, 0x0000000711200000, 0x0000000711200000|100%| E|CS|TAMS 0x0000000711000000, 0x0000000711000000| Complete 
| 118|0x0000000711200000, 0x0000000711400000, 0x0000000711400000|100%| E|CS|TAMS 0x0000000711200000, 0x0000000711200000| Complete 
| 119|0x0000000711400000, 0x0000000711600000, 0x0000000711600000|100%| E|CS|TAMS 0x0000000711400000, 0x0000000711400000| Complete 
| 120|0x0000000711600000, 0x0000000711800000, 0x0000000711800000|100%| E|CS|TAMS 0x0000000711600000, 0x0000000711600000| Complete 
| 121|0x0000000711800000, 0x0000000711a00000, 0x0000000711a00000|100%| E|CS|TAMS 0x0000000711800000, 0x0000000711800000| Complete 
| 122|0x0000000711a00000, 0x0000000711c00000, 0x0000000711c00000|100%| E|CS|TAMS 0x0000000711a00000, 0x0000000711a00000| Complete 
| 123|0x0000000711c00000, 0x0000000711e00000, 0x0000000711e00000|100%| E|CS|TAMS 0x0000000711c00000, 0x0000000711c00000| Complete 
| 124|0x0000000711e00000, 0x0000000712000000, 0x0000000712000000|100%| E|CS|TAMS 0x0000000711e00000, 0x0000000711e00000| Complete 
| 125|0x0000000712000000, 0x0000000712200000, 0x0000000712200000|100%| E|CS|TAMS 0x0000000712000000, 0x0000000712000000| Complete 
| 126|0x0000000712200000, 0x0000000712400000, 0x0000000712400000|100%| E|CS|TAMS 0x0000000712200000, 0x0000000712200000| Complete 

Card table byte_map: [0x00000201d3910000,0x00000201d4100000] _byte_map_base: 0x00000201d00fd000

Marking Bits (Prev, Next): (CMBitMap*) 0x00000201b505a280, (CMBitMap*) 0x00000201b505a2c0
 Prev Bits: [0x00000201d48f0000, 0x00000201d8858000)
 Next Bits: [0x00000201d8860000, 0x00000201dc7c8000)

Polling page: 0x00000201b2e70000

Metaspace:

Usage:
  Non-class:     17.22 MB used.
      Class:      1.94 MB used.
       Both:     19.16 MB used.

Virtual space:
  Non-class space:       24.00 MB reserved,      17.31 MB ( 72%) committed,  3 nodes.
      Class space:        1.00 GB reserved,       2.06 MB ( <1%) committed,  1 nodes.
              Both:        1.02 GB reserved,      19.38 MB (  2%) committed. 

Chunk freelists:
   Non-Class:  1.94 MB
       Class:  1.91 MB
        Both:  3.85 MB

MaxMetaspaceSize: 17179869184.00 GB
CompressedClassSpaceSize: 1.00 GB
 - commit_granule_bytes: 65536.
 - commit_granule_words: 8192.
 - virtual_space_node_default_size: 1048576.
 - enlarge_chunks_in_place: 1.
 - new_chunks_are_fully_committed: 0.
 - uncommit_free_chunks: 1.
 - use_allocation_guard: 0.
 - handle_deallocations: 1.


Internal statistics:

num_allocs_failed_limit: 0.
num_arena_births: 122.
num_arena_deaths: 0.
num_vsnodes_births: 4.
num_vsnodes_deaths: 0.
num_space_committed: 310.
num_space_uncommitted: 0.
num_chunks_returned_to_freelist: 0.
num_chunks_taken_from_freelist: 572.
num_chunk_merges: 0.
num_chunk_splits: 457.
num_chunks_enlarged: 389.
num_purges: 0.

CodeHeap 'non-profiled nmethods': size=120000Kb used=1626Kb max_used=1626Kb free=118373Kb
 bounds [0x00000201cb8c0000, 0x00000201cbb30000, 0x00000201d2df0000]
CodeHeap 'profiled nmethods': size=120000Kb used=7435Kb max_used=7435Kb free=112565Kb
 bounds [0x00000201c4390000, 0x00000201c4ae0000, 0x00000201cb8c0000]
CodeHeap 'non-nmethods': size=5760Kb used=1587Kb max_used=1643Kb free=4172Kb
 bounds [0x00000201c3df0000, 0x00000201c4060000, 0x00000201c4390000]
 total_blobs=4520 nmethods=3533 adapters=899
 compilation: enabled
              stopped_count=0, restarted_count=0
 full_count=0

Compilation events (20 events):
Event: 4.545 Thread 0x00000201dfc10ba0 3497       3       sun.util.locale.InternalLocaleBuilder::getBaseLocale (187 bytes)
Event: 4.547 Thread 0x00000201dfc10ba0 nmethod 3497 0x00000201c4ac1c90 code [0x00000201c4ac1fa0, 0x00000201c4ac2ff8]
Event: 4.547 Thread 0x00000201dfc10ba0 3498       3       sun.util.locale.InternalLocaleBuilder::getLocaleExtensions (65 bytes)
Event: 4.548 Thread 0x00000201dfc10ba0 nmethod 3498 0x00000201c4ac3690 code [0x00000201c4ac38c0, 0x00000201c4ac4148]
Event: 4.548 Thread 0x00000201dfc10ba0 3499       3       sun.util.locale.LocaleUtils::isEmpty (19 bytes)
Event: 4.548 Thread 0x00000201dfc10ba0 nmethod 3499 0x00000201c4ac4390 code [0x00000201c4ac4540, 0x00000201c4ac4788]
Event: 4.548 Thread 0x00000201dfc10ba0 3509       3       kotlinx.coroutines.CancellableContinuationImpl::tryResumeImpl (148 bytes)
Event: 4.550 Thread 0x00000201dfc10ba0 nmethod 3509 0x00000201c4ac4890 code [0x00000201c4ac4b60, 0x00000201c4ac5e58]
Event: 4.550 Thread 0x00000201dfc10ba0 3516       1       java.awt.Dialog::lambda$show$1 (2 bytes)
Event: 4.551 Thread 0x00000201dfc10ba0 nmethod 3516 0x00000201cba4d490 code [0x00000201cba4d620, 0x00000201cba4d6d8]
Event: 4.556 Thread 0x00000201dfc10ba0 3519       3       java.util.concurrent.atomic.AtomicBoolean::get (13 bytes)
Event: 4.556 Thread 0x00000201dfc10ba0 nmethod 3519 0x00000201c4ac6290 code [0x00000201c4ac6420, 0x00000201c4ac6598]
Event: 4.561 Thread 0x00000201dfc10ba0 3520       3       kotlinx.coroutines.JobSupport::tryMakeCompleting (67 bytes)
Event: 4.562 Thread 0x00000201dfc10ba0 nmethod 3520 0x00000201c4ac6610 code [0x00000201c4ac6840, 0x00000201c4ac73d8]
Event: 4.563 Thread 0x00000201dfc08240 nmethod 3511 0x00000201cba4d790 code [0x00000201cba4d940, 0x00000201cba4e488]
Event: 4.563 Thread 0x00000201dfc08240 3517       4       kotlinx.coroutines.UndispatchedMarker::getKey (5 bytes)
Event: 4.563 Thread 0x00000201dfc08240 nmethod 3517 0x00000201cba4e990 code [0x00000201cba4eb00, 0x00000201cba4eb78]
Event: 4.563 Thread 0x00000201dfc10ba0 3522       3       java.awt.Component::isVisible (5 bytes)
Event: 4.564 Thread 0x00000201dfc08240 3518       4       kotlinx.coroutines.UndispatchedMarker::get (6 bytes)
Event: 4.564 Thread 0x00000201dfc10ba0 nmethod 3522 0x00000201c4ac7510 code [0x00000201c4ac76a0, 0x00000201c4ac77d8]

GC Heap History (4 events):
Event: 0.618 GC heap before
{Heap before GC invocations=0 (full 0):
 garbage-first heap   total 260096K, used 20480K [0x0000000702600000, 0x0000000800000000)
  region size 2048K, 11 young (22528K), 0 survivors (0K)
 Metaspace       used 7327K, committed 7424K, reserved 1056768K
  class space    used 729K, committed 768K, reserved 1048576K
}
Event: 0.622 GC heap after
{Heap after GC invocations=1 (full 0):
 garbage-first heap   total 260096K, used 3781K [0x0000000702600000, 0x0000000800000000)
  region size 2048K, 2 young (4096K), 2 survivors (4096K)
 Metaspace       used 7327K, committed 7424K, reserved 1056768K
  class space    used 729K, committed 768K, reserved 1048576K
}
Event: 1.881 GC heap before
{Heap before GC invocations=1 (full 0):
 garbage-first heap   total 260096K, used 34501K [0x0000000702600000, 0x0000000800000000)
  region size 2048K, 18 young (36864K), 2 survivors (4096K)
 Metaspace       used 16042K, committed 16256K, reserved 1064960K
  class space    used 1699K, committed 1792K, reserved 1048576K
}
Event: 1.896 GC heap after
{Heap after GC invocations=2 (full 0):
 garbage-first heap   total 260096K, used 5999K [0x0000000702600000, 0x0000000800000000)
  region size 2048K, 2 young (4096K), 2 survivors (4096K)
 Metaspace       used 16042K, committed 16256K, reserved 1064960K
  class space    used 1699K, committed 1792K, reserved 1048576K
}

Deoptimization events (20 events):
Event: 4.495 Thread 0x00000201e0254140 Uncommon trap: trap_request=0xffffff45 fr.pc=0x00000201cb97117c relative=0x00000000000003bc
Event: 4.495 Thread 0x00000201e0254140 Uncommon trap: reason=unstable_if action=reinterpret pc=0x00000201cb97117c method=androidx.compose.runtime.SlotReader.startGroup()V @ 124 c2
Event: 4.495 Thread 0x00000201e0254140 DEOPT PACKING pc=0x00000201cb97117c sp=0x0000002990cfca50
Event: 4.495 Thread 0x00000201e0254140 DEOPT UNPACKING pc=0x00000201c3e3d72e sp=0x0000002990cfc970 mode 2
Event: 4.495 Thread 0x00000201e0254140 Uncommon trap: trap_request=0xffffff45 fr.pc=0x00000201cb98b190 relative=0x0000000000000070
Event: 4.495 Thread 0x00000201e0254140 Uncommon trap: reason=unstable_if action=reinterpret pc=0x00000201cb98b190 method=androidx.compose.ui.node.LayoutNodeWrapper.isAttached()Z @ 4 c2
Event: 4.495 Thread 0x00000201e0254140 DEOPT PACKING pc=0x00000201cb98b190 sp=0x0000002990cfd590
Event: 4.495 Thread 0x00000201e0254140 DEOPT UNPACKING pc=0x00000201c3e3d72e sp=0x0000002990cfd500 mode 2
Event: 4.496 Thread 0x00000201e0254140 Uncommon trap: trap_request=0xffffffc6 fr.pc=0x00000201cba0e8bc relative=0x000000000000093c
Event: 4.496 Thread 0x00000201e0254140 Uncommon trap: reason=bimorphic_or_optimized_type_check action=maybe_recompile pc=0x00000201cba0e8bc method=androidx.compose.ui.node.LayoutNode.reuseLayoutNodeWrapper(Landroidx/compose/ui/Modifier$Element;Landroidx/compose/ui/node/LayoutNodeWrapper;)Landr
Event: 4.496 Thread 0x00000201e0254140 DEOPT PACKING pc=0x00000201cba0e8bc sp=0x0000002990cfd460
Event: 4.496 Thread 0x00000201e0254140 DEOPT UNPACKING pc=0x00000201c3e3d72e sp=0x0000002990cfd408 mode 2
Event: 4.498 Thread 0x00000201e0254140 Uncommon trap: trap_request=0xffffff45 fr.pc=0x00000201cba09a3c relative=0x0000000000000f3c
Event: 4.498 Thread 0x00000201e0254140 Uncommon trap: reason=unstable_if action=reinterpret pc=0x00000201cba09a3c method=androidx.compose.ui.node.LayoutNodeWrapper.onLayerBlockUpdated(Lkotlin/jvm/functions/Function1;)V @ 202 c2
Event: 4.498 Thread 0x00000201e0254140 DEOPT PACKING pc=0x00000201cba09a3c sp=0x0000002990cfc910
Event: 4.499 Thread 0x00000201e0254140 DEOPT UNPACKING pc=0x00000201c3e3d72e sp=0x0000002990cfc760 mode 2
Event: 4.509 Thread 0x00000201e0254140 Uncommon trap: trap_request=0xffffffcc fr.pc=0x00000201cba348e8 relative=0x00000000000001c8
Event: 4.509 Thread 0x00000201e0254140 Uncommon trap: reason=intrinsic_or_type_checked_inlining action=make_not_entrant pc=0x00000201cba348e8 method=java.util.Arrays.copyOf([Ljava/lang/Object;ILjava/lang/Class;)[Ljava/lang/Object; @ 35 c2
Event: 4.509 Thread 0x00000201e0254140 DEOPT PACKING pc=0x00000201cba348e8 sp=0x0000002990cfd930
Event: 4.509 Thread 0x00000201e0254140 DEOPT UNPACKING pc=0x00000201c3e3d72e sp=0x0000002990cfd8c0 mode 2

Classes unloaded (0 events):
No events

Classes redefined (0 events):
No events

Internal exceptions (16 events):
Event: 0.246 Thread 0x00000201b5009d10 Exception <a 'java/lang/ClassNotFoundException'{0x0000000711da85f8}: sun/awt/resources/spi/awtProvider> (0x0000000711da85f8) 
thrown [t:\workspace\open\src\hotspot\share\classfile\systemDictionary.cpp, line 256]
Event: 0.262 Thread 0x00000201b5009d10 Exception <a 'java/io/FileNotFoundException'{0x0000000711a05bf8}> (0x0000000711a05bf8) 
thrown [t:\workspace\open\src\hotspot\share\prims\jni.cpp, line 579]
Event: 0.268 Thread 0x00000201b5009d10 Exception <a 'java/io/FileNotFoundException'{0x0000000711a365b8}> (0x0000000711a365b8) 
thrown [t:\workspace\open\src\hotspot\share\prims\jni.cpp, line 579]
Event: 0.269 Thread 0x00000201b5009d10 Exception <a 'java/lang/NoSuchMethodError'{0x0000000711a39660}: 'java.lang.Object java.lang.invoke.DirectMethodHandle$Holder.invokeStatic(java.lang.Object)'> (0x0000000711a39660) 
thrown [t:\workspace\open\src\hotspot\share\interpreter\linkResolver.cpp, line 790]
Event: 0.273 Thread 0x00000201b5009d10 Exception <a 'java/lang/NoSuchMethodError'{0x0000000711a69810}: 'void java.lang.invoke.DirectMethodHandle$Holder.invokeSpecial(java.lang.Object, java.lang.Object, java.lang.Object)'> (0x0000000711a69810) 
thrown [t:\workspace\open\src\hotspot\share\interpreter\linkResolver.cpp, line 790]
Event: 0.298 Thread 0x00000201b5009d10 Exception <a 'java/lang/NoSuchMethodError'{0x0000000711b5c0e8}: 'java.lang.Object java.lang.invoke.DirectMethodHandle$Holder.invokeStaticInit(java.lang.Object)'> (0x0000000711b5c0e8) 
thrown [t:\workspace\open\src\hotspot\share\interpreter\linkResolver.cpp, line 790]
Event: 0.387 Thread 0x00000201b5009d10 Exception <a 'java/lang/NoSuchMethodError'{0x0000000711891fe8}: 'void java.lang.invoke.DirectMethodHandle$Holder.invokeStaticInit(java.lang.Object)'> (0x0000000711891fe8) 
thrown [t:\workspace\open\src\hotspot\share\interpreter\linkResolver.cpp, line 790]
Event: 0.395 Thread 0x00000201b5009d10 Exception <a 'java/lang/NoSuchMethodError'{0x00000007118b9ba8}: 'java.lang.Object java.lang.invoke.DirectMethodHandle$Holder.newInvokeSpecial(java.lang.Object, java.lang.Object, java.lang.Object, java.lang.Object, java.lang.Object)'> (0x00000007118b9ba8) 
thrown [t:\workspace\open\src\hotspot\share\interpreter\linkResolver.cpp, line 790]
Event: 0.397 Thread 0x00000201b5009d10 Exception <a 'java/lang/NoSuchMethodError'{0x00000007118c5690}: 'java.lang.Object java.lang.invoke.DirectMethodHandle$Holder.invokeStatic(java.lang.Object, int, java.lang.Object, java.lang.Object, java.lang.Object, java.lang.Object)'> (0x00000007118c5690) 
thrown [t:\workspace\open\src\hotspot\share\interpreter\linkResolver.cpp, line 790]
Event: 0.402 Thread 0x00000201b5009d10 Exception <a 'java/lang/NoSuchMethodError'{0x00000007118ebb10}: 'java.lang.Object java.lang.invoke.DirectMethodHandle$Holder.invokeStatic(java.lang.Object, int, java.lang.Object)'> (0x00000007118ebb10) 
thrown [t:\workspace\open\src\hotspot\share\interpreter\linkResolver.cpp, line 790]
Event: 0.424 Thread 0x00000201b5009d10 Exception <a 'java/lang/ClassNotFoundException'{0x0000000711985e90}: com/sun/java/swing/plaf/windows/resources/spi/windowsProvider> (0x0000000711985e90) 
thrown [t:\workspace\open\src\hotspot\share\classfile\systemDictionary.cpp, line 256]
Event: 0.425 Thread 0x00000201b5009d10 Exception <a 'java/lang/ClassNotFoundException'{0x000000071198cb20}: com/sun/swing/internal/plaf/basic/resources/spi/basicProvider> (0x000000071198cb20) 
thrown [t:\workspace\open\src\hotspot\share\classfile\systemDictionary.cpp, line 256]
Event: 0.727 Thread 0x00000201e0254140 Implicit null exception at 0x00000201cb8fbf14 to 0x00000201cb8fc380
Event: 0.737 Thread 0x00000201e0254140 Exception <a 'java/lang/NoSuchMethodError'{0x0000000711a46530}: 'void java.lang.invoke.DirectMethodHandle$Holder.invokeStatic(java.lang.Object, java.lang.Object, java.lang.Object)'> (0x0000000711a46530) 
thrown [t:\workspace\open\src\hotspot\share\interpreter\linkResolver.cpp, line 790]
Event: 1.629 Thread 0x00000201e0151df0 Exception <a 'java/lang/NoSuchMethodError'{0x00000007118d8cd8}: 'void java.lang.invoke.DirectMethodHandle$Holder.invokeVirtual(java.lang.Object, java.lang.Object)'> (0x00000007118d8cd8) 
thrown [t:\workspace\open\src\hotspot\share\interpreter\linkResolver.cpp, line 790]
Event: 4.488 Thread 0x00000201e0254140 Exception <a 'java/lang/NoSuchMethodError'{0x000000070f82d560}: 'int java.lang.invoke.DirectMethodHandle$Holder.invokeStatic(java.lang.Object)'> (0x000000070f82d560) 
thrown [t:\workspace\open\src\hotspot\share\interpreter\linkResolver.cpp, line 790]

Events (20 events):
Event: 4.468 loading class java/awt/ModalEventFilter$1
Event: 4.468 loading class java/awt/ModalEventFilter$1 done
Event: 4.468 loading class java/awt/ModalEventFilter$DocumentModalEventFilter
Event: 4.468 loading class java/awt/ModalEventFilter$DocumentModalEventFilter done
Event: 4.468 loading class sun/awt/ModalityEvent
Event: 4.468 loading class sun/awt/ModalityEvent done
Event: 4.468 loading class java/util/Vector$Itr
Event: 4.487 loading class java/util/Vector$Itr done
Event: 4.488 loading class java/awt/WaitDispatchSupport
Event: 4.489 loading class java/awt/SecondaryLoop
Event: 4.489 loading class java/awt/SecondaryLoop done
Event: 4.489 loading class java/awt/WaitDispatchSupport done
Event: 4.489 loading class java/awt/WaitDispatchSupport$5
Event: 4.490 loading class java/awt/WaitDispatchSupport$5 done
Event: 4.490 loading class java/awt/WaitDispatchSupport$1
Event: 4.490 loading class java/awt/WaitDispatchSupport$1 done
Event: 4.490 loading class java/awt/WaitDispatchSupport$2
Event: 4.490 loading class java/awt/WaitDispatchSupport$2 done
Event: 4.490 loading class java/awt/WaitDispatchSupport$4
Event: 4.490 loading class java/awt/WaitDispatchSupport$4 done


Dynamic libraries:
0x00007ff6e83a0000 - 0x00007ff6e83ae000 	d:\Users\JetBeans\jdk\bin\java.exe
0x00007ffa30420000 - 0x00007ffa30601000 	C:\Windows\SYSTEM32\ntdll.dll
0x00007ffa2fb50000 - 0x00007ffa2fc01000 	C:\Windows\System32\KERNEL32.DLL
0x00007ffa2d0a0000 - 0x00007ffa2d313000 	C:\Windows\System32\KERNELBASE.dll
0x00007ffa2c7e0000 - 0x00007ffa2c8d8000 	C:\Windows\System32\ucrtbase.dll
0x00007ffa1a9f0000 - 0x00007ffa1aa08000 	d:\Users\JetBeans\jdk\bin\jli.dll
0x00007ffa1aa90000 - 0x00007ffa1aaa9000 	d:\Users\JetBeans\jdk\bin\VCRUNTIME140.dll
0x00007ffa2f9c0000 - 0x00007ffa2fb50000 	C:\Windows\System32\USER32.dll
0x00007ffa20ec0000 - 0x00007ffa21129000 	C:\Windows\WinSxS\amd64_microsoft.windows.common-controls_6595b64144ccf1df_6.0.17134.1006_none_d3fbb8f77c940c3f\COMCTL32.dll
0x00007ffa2d880000 - 0x00007ffa2d8a0000 	C:\Windows\System32\win32u.dll
0x00007ffa2d980000 - 0x00007ffa2da1e000 	C:\Windows\System32\msvcrt.dll
0x00007ffa2d950000 - 0x00007ffa2d978000 	C:\Windows\System32\GDI32.dll
0x00007ffa2dc90000 - 0x00007ffa2dfb1000 	C:\Windows\System32\combase.dll
0x00007ffa2d560000 - 0x00007ffa2d6f1000 	C:\Windows\System32\gdi32full.dll
0x00007ffa2f440000 - 0x00007ffa2f564000 	C:\Windows\System32\RPCRT4.dll
0x00007ffa2d700000 - 0x00007ffa2d79f000 	C:\Windows\System32\msvcp_win.dll
0x00007ffa2d800000 - 0x00007ffa2d879000 	C:\Windows\System32\bcryptPrimitives.dll
0x00007ffa2f410000 - 0x00007ffa2f43d000 	C:\Windows\System32\IMM32.DLL
0x00007ffa29580000 - 0x00007ffa2958c000 	d:\Users\JetBeans\jdk\bin\vcruntime140_1.dll
0x00007ff9fd1e0000 - 0x00007ff9fd271000 	d:\Users\JetBeans\jdk\bin\msvcp140.dll
0x00007ff9cd670000 - 0x00007ff9ce21b000 	d:\Users\JetBeans\jdk\bin\server\jvm.dll
0x00007ffa302d0000 - 0x00007ffa30371000 	C:\Windows\System32\ADVAPI32.dll
0x00007ffa30380000 - 0x00007ffa303db000 	C:\Windows\System32\sechost.dll
0x00007ffa303e0000 - 0x00007ffa303e8000 	C:\Windows\System32\PSAPI.DLL
0x00007ffa27870000 - 0x00007ffa27893000 	C:\Windows\SYSTEM32\WINMM.dll
0x00007ffa17560000 - 0x00007ffa17569000 	C:\Windows\SYSTEM32\WSOCK32.dll
0x00007ffa24a60000 - 0x00007ffa24a6a000 	C:\Windows\SYSTEM32\VERSION.dll
0x00007ffa2f8f0000 - 0x00007ffa2f95c000 	C:\Windows\System32\WS2_32.dll
0x00007ffa27840000 - 0x00007ffa2786a000 	C:\Windows\SYSTEM32\WINMMBASE.dll
0x00007ffa2d320000 - 0x00007ffa2d369000 	C:\Windows\System32\cfgmgr32.dll
0x00007ffa2c7c0000 - 0x00007ffa2c7d1000 	C:\Windows\System32\kernel.appcore.dll
0x00007ffa28e10000 - 0x00007ffa28e1a000 	d:\Users\JetBeans\jdk\bin\jimage.dll
0x00007ffa182d0000 - 0x00007ffa18499000 	C:\Windows\SYSTEM32\DBGHELP.DLL
0x00007ffa174e0000 - 0x00007ffa17509000 	C:\Windows\SYSTEM32\dbgcore.DLL
0x00007ffa294c0000 - 0x00007ffa294ce000 	d:\Users\JetBeans\jdk\bin\instrument.dll
0x00007ffa19c30000 - 0x00007ffa19c55000 	d:\Users\JetBeans\jdk\bin\java.dll
0x00007ffa2dfc0000 - 0x00007ffa2f402000 	C:\Windows\System32\SHELL32.dll
0x00007ffa2d8a0000 - 0x00007ffa2d949000 	C:\Windows\System32\shcore.dll
0x00007ffa2c990000 - 0x00007ffa2d09e000 	C:\Windows\System32\windows.storage.dll
0x00007ffa2db70000 - 0x00007ffa2dbc1000 	C:\Windows\System32\shlwapi.dll
0x00007ffa2c7a0000 - 0x00007ffa2c7bf000 	C:\Windows\System32\profapi.dll
0x00007ffa2c730000 - 0x00007ffa2c77c000 	C:\Windows\System32\powrprof.dll
0x00007ffa2c720000 - 0x00007ffa2c72a000 	C:\Windows\System32\FLTLIB.DLL
0x00007ffa19bd0000 - 0x00007ffa19be8000 	d:\Users\JetBeans\jdk\bin\zip.dll
0x00007ffa19c10000 - 0x00007ffa19c29000 	D:\Users\JetBeans\jdk\bin\net.dll
0x00007ffa24aa0000 - 0x00007ffa24b7d000 	C:\Windows\SYSTEM32\WINHTTP.dll
0x00007ffa2bfa0000 - 0x00007ffa2c006000 	C:\Windows\system32\mswsock.dll
0x00007ffa19bf0000 - 0x00007ffa19c03000 	D:\Users\JetBeans\jdk\bin\nio.dll
0x00007ff9ce600000 - 0x00007ff9cf4fe000 	C:\Users\Sunny\.skiko\80fc6444015995e586d4d2f41cb25284608cc484748d064cc0259bc4ea610782\skiko-windows-x64.dll
0x00007ffa2ae70000 - 0x00007ffa2ae99000 	C:\Windows\SYSTEM32\dwmapi.dll
0x00007ffa05270000 - 0x00007ffa05390000 	C:\Windows\SYSTEM32\OPENGL32.dll
0x00007ffa053d0000 - 0x00007ffa053fc000 	C:\Windows\SYSTEM32\GLU32.dll
0x00007ff9f10d0000 - 0x00007ff9f124f000 	D:\Users\JetBeans\jdk\bin\awt.dll
0x00007ffa2fc10000 - 0x00007ffa2fcd2000 	C:\Windows\System32\OLEAUT32.dll
0x00007ffa2aa60000 - 0x00007ffa2aaeb000 	C:\Windows\SYSTEM32\apphelp.dll
0x00007ffa2ad90000 - 0x00007ffa2ae28000 	C:\Windows\system32\uxtheme.dll
0x00007ffa2f770000 - 0x00007ffa2f8e3000 	C:\Windows\System32\MSCTF.dll
0x0000000180000000 - 0x0000000180272000 	C:\Program Files (x86)\RivaTuner Statistics Server\RTSSHooks64.dll
0x00007ffa2f590000 - 0x00007ffa2f6e1000 	C:\Windows\System32\ole32.dll
0x00007ffa1dee0000 - 0x00007ffa1df69000 	D:\Users\JetBeans\jdk\bin\freetype.dll
0x00007ff9efbb0000 - 0x00007ff9efca6000 	D:\Users\JetBeans\jdk\bin\harfbuzz.dll
0x00007ffa1e120000 - 0x00007ffa1e132000 	D:\Users\JetBeans\jdk\bin\fontmanager.dll
0x00007ffa1e0d0000 - 0x00007ffa1e0d7000 	d:\Users\JetBeans\jdk\bin\jawt.dll
0x00007ffa1ee00000 - 0x00007ffa1f11a000 	C:\Windows\SYSTEM32\dwrite.dll
0x00007ffa20630000 - 0x00007ffa206c6000 	C:\Windows\System32\TextInputFramework.dll
0x00007ffa2a860000 - 0x00007ffa2a93a000 	C:\Windows\System32\CoreMessaging.dll
0x00007ffa26da0000 - 0x00007ffa270be000 	C:\Windows\System32\CoreUIComponents.dll
0x00007ffa2b810000 - 0x00007ffa2b841000 	C:\Windows\SYSTEM32\ntmarta.dll
0x00007ffa28e70000 - 0x00007ffa28fbd000 	C:\Windows\SYSTEM32\wintypes.dll
0x00007ffa2b4b0000 - 0x00007ffa2b56b000 	C:\Windows\SYSTEM32\Dxgi.dll
0x00007ff9f3b50000 - 0x00007ff9f3ce2000 	C:\Windows\SYSTEM32\D3D12.dll
0x00007ffa28560000 - 0x00007ffa285f1000 	C:\Windows\SYSTEM32\msvcp110_win.dll
0x00007ffa22290000 - 0x00007ffa24030000 	C:\Windows\System32\DriverStore\FileRepository\igdlh64.inf_amd64_6bb02522ea3fdb0d\igc64.dll
0x00007ff9d4320000 - 0x00007ff9d5c78000 	C:\Windows\System32\DriverStore\FileRepository\igdlh64.inf_amd64_6bb02522ea3fdb0d\igd12umd64.dll
0x00007ff9d11c0000 - 0x00007ff9d4317000 	C:\Windows\System32\DriverStore\FileRepository\igdlh64.inf_amd64_6bb02522ea3fdb0d\igd12dxva64.dll
0x00007ffa1e320000 - 0x00007ffa1e34b000 	C:\Windows\SYSTEM32\D3DSCache.dll
0x00007ffa2c620000 - 0x00007ffa2c648000 	C:\Windows\SYSTEM32\USERENV.dll
0x00007ffa2afb0000 - 0x00007ffa2b168000 	C:\Windows\SYSTEM32\twinapi.appcore.dll
0x00007ffa2af80000 - 0x00007ffa2afa1000 	C:\Windows\SYSTEM32\RMCLIENT.dll
0x00007ffa2a380000 - 0x00007ffa2a51c000 	C:\Windows\SYSTEM32\dcomp.dll
0x00007ffa29670000 - 0x00007ffa29a9f000 	C:\Windows\SYSTEM32\d3dcompiler_47.dll
0x00007ffa2c150000 - 0x00007ffa2c167000 	C:\Windows\SYSTEM32\CRYPTSP.dll
0x00007ffa2dbe0000 - 0x00007ffa2dc80000 	C:\Windows\System32\clbcatq.dll
0x00007ffa29aa0000 - 0x00007ffa29dab000 	C:\Windows\SYSTEM32\d3d11.dll
0x00007ffa1cf10000 - 0x00007ffa1cf57000 	C:\Windows\SYSTEM32\d3dx11_42.dll
0x00007ff9dd8f0000 - 0x00007ff9ddb6c000 	C:\Windows\SYSTEM32\d3dcompiler_42.dll
0x00007ffa2c170000 - 0x00007ffa2c17b000 	C:\Windows\SYSTEM32\CRYPTBASE.DLL
0x00007ff9dd7b0000 - 0x00007ff9dd8e5000 	C:\Windows\SYSTEM32\dxilconv.dll

dbghelp: loaded successfully - version: 4.0.5 - missing functions: none
symbol engine: initialized successfully - sym options: 0x614 - pdb path: .;d:\Users\JetBeans\jdk\bin;C:\Windows\SYSTEM32;C:\Windows\WinSxS\amd64_microsoft.windows.common-controls_6595b64144ccf1df_6.0.17134.1006_none_d3fbb8f77c940c3f;d:\Users\JetBeans\jdk\bin\server;C:\Users\Sunny\.skiko\80fc6444015995e586d4d2f41cb25284608cc484748d064cc0259bc4ea610782;C:\Program Files (x86)\RivaTuner Statistics Server;C:\Windows\System32\DriverStore\FileRepository\igdlh64.inf_amd64_6bb02522ea3fdb0d

VM Arguments:
jvm_args: -Dcompose.application.configure.swing.globals=true -Dcompose.application.resources.dir=D:\Work\Excel\NQueen\build\compose\tmp\main\resources -javaagent:D:\Android\Canary\.gradle\caches\modules-2\files-2.1\org.jetbrains.kotlinx\kotlinx-coroutines-core-jvm\1.5.0\d8cebccdcddd029022aa8646a5a953ff88b13ac8\kotlinx-coroutines-core-jvm-1.5.0.jar -Dfile.encoding=windows-1252 -Duser.country=US -Duser.language=en -Duser.variant -ea 
java_command: MainKt
java_class_path (initial): D:\Work\Excel\NQueen\build\libs\NQueen-1.0.jar;D:\Android\Canary\.gradle\caches\modules-2\files-2.1\com.arkivanov.decompose\extensions-compose-jetbrains-jvm\0.2.5\5c74b006a4f293247c025da21ff6a791d5001529\extensions-compose-jetbrains-jvm-0.2.5.jar;D:\Android\Canary\.gradle\caches\modules-2\files-2.1\com.arkivanov.decompose\decompose-jvm\0.2.5\247fb08aeab91338e311cb7fcb97af6b1d9e13ba\decompose-jvm-0.2.5.jar;D:\Android\Canary\.gradle\caches\modules-2\files-2.1\org.jetbrains.compose.desktop\desktop-jvm\1.0.0-alpha3\7d2ec16f4e057de47d41ffc5c8416f9f85aeab3e\desktop-jvm-1.0.0-alpha3.jar;D:\Android\Canary\.gradle\caches\modules-2\files-2.1\org.jetbrains.compose.material\material-desktop\1.0.0-alpha3\60d4a46d2ee31e82ab61342887203b23aee0ba83\material-desktop-1.0.0-alpha3.jar;D:\Android\Canary\.gradle\caches\modules-2\files-2.1\org.jetbrains.compose.material\material-ripple-desktop\1.0.0-alpha3\ffc54fa1f9c6e164d6ccdd53f7411bd80ccbce6c\material-ripple-desktop-1.0.0-alpha3.jar;D:\Android\Canary\.gradle\caches\modules-2\files-2.1\org.jetbrains.compose.foundation\foundation-desktop\1.0.0-alpha3\29c590b69d13ec16352497848d1bf05da1de062e\foundation-desktop-1.0.0-alpha3.jar;D:\Android\Canary\.gradle\caches\modules-2\files-2.1\org.jetbrains.compose.animation\animation-desktop\1.0.0-alpha3\eeff15e8d42d2fab8e6fb4eb0356ae397070aa49\animation-desktop-1.0.0-alpha3.jar;D:\Android\Canary\.gradle\caches\modules-2\files-2.1\org.jetbrains.compose.foundation\foundation-layout-desktop\1.0.0-alpha3\878f19bd721b99f677e959d96595573f8198eb1c\foundation-layout-desktop-1.0.0-alpha3.jar;D:\Android\Canary\.gradle\caches\modules-2\files-2.1\org.jetbrains.compose.animation\animation-core-desktop\1.0.0-alpha3\ec648418e6980b80f376f2b0455d5e2ba74f0445\animation-core-desktop-1.0.0-alpha3.jar;D:\Android\Canary\.gradle\caches\modules-2\files-2.1\org.jetbrains.compose.material\material-icons-core-desktop\1.0.0-alpha3\3e869bc14a82c27647e3719579d6acb517d2fc2a\material-icons-core-desktop-
Launcher Type: SUN_STANDARD

[Global flags]
     intx CICompilerCount                          = 4                                         {product} {ergonomic}
     uint ConcGCThreads                            = 2                                         {product} {ergonomic}
     uint G1ConcRefinementThreads                  = 8                                         {product} {ergonomic}
   size_t G1HeapRegionSize                         = 2097152                                   {product} {ergonomic}
    uintx GCDrainStackTargetSize                   = 64                                        {product} {ergonomic}
   size_t InitialHeapSize                          = 266338304                                 {product} {ergonomic}
   size_t MarkStackSize                            = 4194304                                   {product} {ergonomic}
   size_t MaxHeapSize                              = 4255121408                                {product} {ergonomic}
   size_t MaxNewSize                               = 2552233984                                {product} {ergonomic}
   size_t MinHeapDeltaBytes                        = 2097152                                   {product} {ergonomic}
   size_t MinHeapSize                              = 8388608                                   {product} {ergonomic}
    uintx NonNMethodCodeHeapSize                   = 5839372                                {pd product} {ergonomic}
    uintx NonProfiledCodeHeapSize                  = 122909434                              {pd product} {ergonomic}
    uintx ProfiledCodeHeapSize                     = 122909434                              {pd product} {ergonomic}
    uintx ReservedCodeCacheSize                    = 251658240                              {pd product} {ergonomic}
     bool SegmentedCodeCache                       = true                                      {product} {ergonomic}
   size_t SoftMaxHeapSize                          = 4255121408                             {manageable} {ergonomic}
     bool UseCompressedClassPointers               = true                           {product lp64_product} {ergonomic}
     bool UseCompressedOops                        = true                           {product lp64_product} {ergonomic}
     bool UseG1GC                                  = true                                      {product} {ergonomic}
     bool UseLargePagesIndividualAllocation        = false                                  {pd product} {ergonomic}

Logging:
Log output configuration:
 #0: stdout all=warning uptime,level,tags
 #1: stderr all=off uptime,level,tags

Environment Variables:
JAVA_HOME=D:\Program Files\Nvidia Codeworks\jdk1.8.0_77
PATH=d:\Users\JetBeans\jdk\bin;d:\program files (x86)\vmware\vmware player\bin\;c:\program files (x86)\common files\oracle\java\javapath;c:\program files (x86)\intel\intel(r) management engine components\icls\;c:\program files\intel\intel(r) management engine components\icls\;c:\windows\system32;c:\windows;c:\windows\system32\wbem;c:\windows\system32\windowspowershell\v1.0\;c:\windows\system32\openssh\;c:\program files (x86)\intel\intel(r) management engine components\dal;c:\program files\intel\intel(r) management engine components\dal;c:\program files (x86)\intel\intel(r) management engine components\ipt;c:\program files\intel\intel(r) management engine components\ipt;c:\program files\nvidia corporation\nvidia nvdlisr;d:\tdm_gcc compiler\bin;d:\program files\nodejs\;d:\program files\git\cmd;c:\programdata\chocolatey\bin;d:\program files\jetbrains\intellij idea community edition 2020.1.3\plugins\kotlin\kotlinc\bin;d:\program files\git\bin;d:\program files\kotlinc\bin;d:\program files (x86)\yarn\bin\;c:\users\sunny\appdata\local\programs\py;D:\Program Files\Git\cmd;D:\Program Files\Git LFS;d:\program files (x86)\vmware\vmware player\bin\;c:\program files (x86)\common files\oracle\java\javapath;c:\program files (x86)\intel\intel(r) management engine components\icls\;c:\program files\intel\intel(r) management engine components\icls\;c:\windows\system32;c:\windows;c:\windows\system32\wbem;c:\windows\system32\windowspowershell\v1.0\;c:\windows\system32\openssh\;c:\program files (x86)\intel\intel(r) management engine components\dal;c:\program files\intel\intel(r) management engine components\dal;c:\program files (x86)\intel\intel(r) management engine components\ipt;c:\program files\intel\intel(r) management engine components\ipt;c:\program files\nvidia corporation\nvidia nvdlisr;d:\tdm_gcc compiler\bin;d:\program files\nodejs\;d:\program files\git\cmd;c:\programdata\chocolatey\bin;d:\program files\jetbrains\intellij idea community edition 2020.1.3\plugins\kotlin\kotlinc\bin;
USERNAME=Sunny
OS=Windows_NT
PROCESSOR_IDENTIFIER=Intel64 Family 6 Model 158 Stepping 10, GenuineIntel



---------------  S Y S T E M  ---------------

OS:
 Windows 10 , 64 bit Build 17134 (10.0.17134.753)
OS uptime: 0 days 5:15 hours

CPU: total 8 (initial active 8) (4 cores per cpu, 2 threads per core) family 6 model 158 stepping 10 microcode 0x96, cx8, cmov, fxsr, ht, mmx, 3dnowpref, sse, sse2, sse3, ssse3, sse4.1, sse4.2, popcnt, lzcnt, tsc, tscinvbit, avx, avx2, aes, erms, clmul, bmi1, bmi2, adx, fma, vzeroupper, clflush, clflushopt

Memory: 4k page, system-wide physical 16224M (6286M free)
TotalPageFile size 23904M (AvailPageFile size 9457M)
current process WorkingSet (physical memory assigned to process): 283M, peak: 288M
current process commit charge ("private bytes"): 531M, peak: 534M

vm_info: OpenJDK 64-Bit Server VM (16.0.1+9-24) for windows-amd64 JRE (16.0.1+9-24), built on Mar 26 2021 19:30:07 by "mach5one" with MS VC++ 16.7 (VS2019)

END.
